<?xml version="1.0" encoding="UTF-8"?>
<testsuite xmlns:xsi="http://www.w3.org/2001/XMLSchema-instance" xsi:noNamespaceSchemaLocation="https://maven.apache.org/surefire/maven-surefire-plugin/xsd/surefire-test-report-3.0.xsd" version="3.0" name="com.innovatech.demo.CoursesControllerIntegrationTest" time="9.946" tests="5" errors="0" skipped="0" failures="0">
  <properties>
[...]
</properties>
  <testcase name="testGetCoursesPageable" classname="com.innovatech.demo.CoursesControllerIntegrationTest" time="1.272">
    <system-out><![CDATA[22:09:05.951 [main] INFO org.springframework.test.context.support.AnnotationConfigContextLoaderUtils -- Could not detect default configuration classes for test class [com.innovatech.demo.CoursesControllerIntegrationTest]: CoursesControllerIntegrationTest does not declare any static, non-private, non-final, nested classes annotated with @Configuration.
22:09:06.101 [main] INFO org.springframework.boot.test.context.SpringBootTestContextBootstrapper -- Found @SpringBootConfiguration com.innovatech.demo.DemoApplication for test class com.innovatech.demo.CoursesControllerIntegrationTest
22:09:06.263 [main] INFO org.springframework.boot.devtools.restart.RestartApplicationListener -- Restart disabled due to context in which it is running

  .   ____          _            __ _ _
 /\\ / ___'_ __ _ _(_)_ __  __ _ \ \ \ \
( ( )\___ | '_ | '_| | '_ \/ _` | \ \ \ \
 \\/  ___)| |_)| | | | | || (_| |  ) ) ) )
  '  |____| .__|_| |_|_| |_\__, | / / / /
 =========|_|==============|___/=/_/_/_/

 :: Spring Boot ::                (v3.3.4)

2024-10-03T22:09:06.652-05:00  INFO 83643 --- [           main] c.i.d.CoursesControllerIntegrationTest   : Starting CoursesControllerIntegrationTest using Java 21.0.1 with PID 83643 (started by sophiaaristizabal in /Users/sophiaaristizabal/Documents/GitHub/back-admin/demo)
2024-10-03T22:09:06.654-05:00  INFO 83643 --- [           main] c.i.d.CoursesControllerIntegrationTest   : The following 1 profile is active: "test"
2024-10-03T22:09:07.650-05:00  INFO 83643 --- [           main] .s.d.r.c.RepositoryConfigurationDelegate : Bootstrapping Spring Data JPA repositories in DEFAULT mode.
2024-10-03T22:09:07.736-05:00  INFO 83643 --- [           main] .s.d.r.c.RepositoryConfigurationDelegate : Finished Spring Data repository scanning in 78 ms. Found 11 JPA repository interfaces.
2024-10-03T22:09:08.423-05:00  INFO 83643 --- [           main] o.s.b.w.embedded.tomcat.TomcatWebServer  : Tomcat initialized with port 8090 (http)
2024-10-03T22:09:08.440-05:00  INFO 83643 --- [           main] o.apache.catalina.core.StandardService   : Starting service [Tomcat]
2024-10-03T22:09:08.441-05:00  INFO 83643 --- [           main] o.apache.catalina.core.StandardEngine    : Starting Servlet engine: [Apache Tomcat/10.1.30]
2024-10-03T22:09:08.500-05:00  INFO 83643 --- [           main] o.a.c.c.C.[Tomcat].[localhost].[/]       : Initializing Spring embedded WebApplicationContext
2024-10-03T22:09:08.501-05:00  INFO 83643 --- [           main] w.s.c.ServletWebServerApplicationContext : Root WebApplicationContext: initialization completed in 1823 ms
2024-10-03T22:09:08.559-05:00  INFO 83643 --- [           main] com.zaxxer.hikari.HikariDataSource       : HikariPool-1 - Starting...
2024-10-03T22:09:08.820-05:00  INFO 83643 --- [           main] com.zaxxer.hikari.pool.HikariPool        : HikariPool-1 - Added connection conn0: url=jdbc:h2:file:./mydatabase user=SA
2024-10-03T22:09:08.822-05:00  INFO 83643 --- [           main] com.zaxxer.hikari.HikariDataSource       : HikariPool-1 - Start completed.
2024-10-03T22:09:08.836-05:00  INFO 83643 --- [           main] o.s.b.a.h2.H2ConsoleAutoConfiguration    : H2 console available at '/h2'. Database available at 'jdbc:h2:file:./mydatabase'
2024-10-03T22:09:08.992-05:00  INFO 83643 --- [           main] o.hibernate.jpa.internal.util.LogHelper  : HHH000204: Processing PersistenceUnitInfo [name: default]
2024-10-03T22:09:09.045-05:00  INFO 83643 --- [           main] org.hibernate.Version                    : HHH000412: Hibernate ORM core version 6.5.3.Final
2024-10-03T22:09:09.085-05:00  INFO 83643 --- [           main] o.h.c.internal.RegionFactoryInitiator    : HHH000026: Second-level cache disabled
2024-10-03T22:09:09.409-05:00  INFO 83643 --- [           main] o.s.o.j.p.SpringPersistenceUnitInfo      : No LoadTimeWeaver setup: ignoring JPA class transformer
2024-10-03T22:09:09.453-05:00  WARN 83643 --- [           main] org.hibernate.orm.deprecation            : HHH90000025: H2Dialect does not need to be specified explicitly using 'hibernate.dialect' (remove the property setting and it will be selected by default)
2024-10-03T22:09:10.463-05:00  INFO 83643 --- [           main] o.h.m.i.EntityInstantiatorPojoStandard   : HHH000182: No default (no-argument) constructor for class: com.innovatech.demo.Entity.Subscription (class must be instantiated by Interceptor)
2024-10-03T22:09:10.781-05:00  INFO 83643 --- [           main] o.h.e.t.j.p.i.JtaPlatformInitiator       : HHH000489: No JTA platform available (set 'hibernate.transaction.jta.platform' to enable JTA platform integration)
2024-10-03T22:09:10.794-05:00 DEBUG 83643 --- [           main] org.hibernate.SQL                        : drop table if exists administrative_employee cascade 
2024-10-03T22:09:10.798-05:00 DEBUG 83643 --- [           main] org.hibernate.SQL                        : drop table if exists course cascade 
2024-10-03T22:09:10.799-05:00 DEBUG 83643 --- [           main] org.hibernate.SQL                        : drop table if exists course_entrepreneurship cascade 
2024-10-03T22:09:10.799-05:00 DEBUG 83643 --- [           main] org.hibernate.SQL                        : drop table if exists entrepreneurship cascade 
2024-10-03T22:09:10.799-05:00 DEBUG 83643 --- [           main] org.hibernate.SQL                        : drop table if exists entrepreneurship_event_registry cascade 
2024-10-03T22:09:10.800-05:00 DEBUG 83643 --- [           main] org.hibernate.SQL                        : drop table if exists event cascade 
2024-10-03T22:09:10.800-05:00 DEBUG 83643 --- [           main] org.hibernate.SQL                        : drop table if exists functionality cascade 
2024-10-03T22:09:10.800-05:00 DEBUG 83643 --- [           main] org.hibernate.SQL                        : drop table if exists plan cascade 
2024-10-03T22:09:10.800-05:00 DEBUG 83643 --- [           main] org.hibernate.SQL                        : drop table if exists plan_functionality cascade 
2024-10-03T22:09:10.801-05:00 DEBUG 83643 --- [           main] org.hibernate.SQL                        : drop table if exists role cascade 
2024-10-03T22:09:10.801-05:00 DEBUG 83643 --- [           main] org.hibernate.SQL                        : drop table if exists subscription cascade 
2024-10-03T22:09:10.801-05:00 DEBUG 83643 --- [           main] org.hibernate.SQL                        : drop table if exists user_entity cascade 
2024-10-03T22:09:10.802-05:00 DEBUG 83643 --- [           main] org.hibernate.SQL                        : drop sequence if exists course_entrepreneurship_seq
2024-10-03T22:09:10.809-05:00 DEBUG 83643 --- [           main] org.hibernate.SQL                        : create sequence course_entrepreneurship_seq start with 1 increment by 50
2024-10-03T22:09:10.816-05:00 DEBUG 83643 --- [           main] org.hibernate.SQL                        : create table administrative_employee (id bigint generated by default as identity, user_id bigint not null unique, primary key (id))
2024-10-03T22:09:10.829-05:00 DEBUG 83643 --- [           main] org.hibernate.SQL                        : create table course (places integer not null, score float(24), date timestamp(6) not null, id bigint generated by default as identity, description varchar(255) not null, link varchar(255) not null, title varchar(255) not null unique, modality VARCHAR(255) CHECK (modality IN ('virtual', 'presencial')) not null, primary key (id))
2024-10-03T22:09:10.838-05:00 DEBUG 83643 --- [           main] org.hibernate.SQL                        : create table course_entrepreneurship (puntaje integer not null, course_id bigint, entrepreneurship_id bigint, id bigint not null, primary key (id))
2024-10-03T22:09:10.839-05:00 DEBUG 83643 --- [           main] org.hibernate.SQL                        : create table entrepreneurship (id bigint generated by default as identity, description varchar(255), lastnames varchar(255), logo varchar(255), name varchar(255) not null unique, names varchar(255), primary key (id))
2024-10-03T22:09:10.841-05:00 DEBUG 83643 --- [           main] org.hibernate.SQL                        : create table entrepreneurship_event_registry (amount_paid float(53) not null, date timestamp(6) not null, id bigint generated by default as identity, id_event bigint not null, primary key (id))
2024-10-03T22:09:10.843-05:00 DEBUG 83643 --- [           main] org.hibernate.SQL                        : create table event (costo_local integer not null, earnings integer not null, quota integer, total_cost integer not null, id bigint generated by default as identity, date varchar(255) not null, modality varchar(255) not null, name varchar(255) not null, place varchar(255) not null, primary key (id))
2024-10-03T22:09:10.845-05:00 DEBUG 83643 --- [           main] org.hibernate.SQL                        : create table functionality (id bigint generated by default as identity, description varchar(255), name varchar(255), primary key (id))
2024-10-03T22:09:10.846-05:00 DEBUG 83643 --- [           main] org.hibernate.SQL                        : create table plan (price float(53), id bigint generated by default as identity, name varchar(255), primary key (id))
2024-10-03T22:09:10.848-05:00 DEBUG 83643 --- [           main] org.hibernate.SQL                        : create table plan_functionality (functionality_id bigint, id bigint generated by default as identity, plan_id bigint, primary key (id))
2024-10-03T22:09:10.850-05:00 DEBUG 83643 --- [           main] org.hibernate.SQL                        : create table role (id bigint generated by default as identity, name varchar(255) not null unique, primary key (id))
2024-10-03T22:09:10.852-05:00 DEBUG 83643 --- [           main] org.hibernate.SQL                        : create table subscription (amount float(53), expiration_date date, initial_date date, id bigint generated by default as identity, id_plan bigint not null, primary key (id))
2024-10-03T22:09:10.854-05:00 DEBUG 83643 --- [           main] org.hibernate.SQL                        : create table user_entity (id_card integer not null unique, administrative_employee_id bigint unique, id bigint generated by default as identity, role_id bigint not null, email varchar(255) not null unique, name varchar(255), password varchar(255) not null, primary key (id))
2024-10-03T22:09:10.858-05:00 DEBUG 83643 --- [           main] org.hibernate.SQL                        : alter table if exists administrative_employee add constraint FKo8v1usqwn3nxmiw2brinilg5p foreign key (user_id) references user_entity
2024-10-03T22:09:10.868-05:00 DEBUG 83643 --- [           main] org.hibernate.SQL                        : alter table if exists course_entrepreneurship add constraint FKc9944b6tjet15vigib9cbq4rc foreign key (course_id) references course
2024-10-03T22:09:10.871-05:00 DEBUG 83643 --- [           main] org.hibernate.SQL                        : alter table if exists course_entrepreneurship add constraint FK73b6ip3vqenl2xmk21s5fxutd foreign key (entrepreneurship_id) references entrepreneurship
2024-10-03T22:09:10.873-05:00 DEBUG 83643 --- [           main] org.hibernate.SQL                        : alter table if exists entrepreneurship_event_registry add constraint FKrljd4l23e5d5l8h9bt4cj3hl9 foreign key (id_event) references event
2024-10-03T22:09:10.875-05:00 DEBUG 83643 --- [           main] org.hibernate.SQL                        : alter table if exists plan_functionality add constraint FK3kckbmw1sgvafmqyn2mixhlem foreign key (functionality_id) references functionality
2024-10-03T22:09:10.877-05:00 DEBUG 83643 --- [           main] org.hibernate.SQL                        : alter table if exists plan_functionality add constraint FKf41bspsgwy5v5n2mym42ia1tk foreign key (plan_id) references plan
2024-10-03T22:09:10.879-05:00 DEBUG 83643 --- [           main] org.hibernate.SQL                        : alter table if exists subscription add constraint FKqmcvpkvxw4md0eya9u1xv3d9c foreign key (id_plan) references plan
2024-10-03T22:09:10.881-05:00 DEBUG 83643 --- [           main] org.hibernate.SQL                        : alter table if exists user_entity add constraint FK7f0g0o0keoihj7qmpxp2blua3 foreign key (administrative_employee_id) references administrative_employee
2024-10-03T22:09:10.883-05:00 DEBUG 83643 --- [           main] org.hibernate.SQL                        : alter table if exists user_entity add constraint FKpostrnt7qdgc4m56i71qlkl61 foreign key (role_id) references role
2024-10-03T22:09:10.892-05:00  INFO 83643 --- [           main] j.LocalContainerEntityManagerFactoryBean : Initialized JPA EntityManagerFactory for persistence unit 'default'
2024-10-03T22:09:11.233-05:00  INFO 83643 --- [           main] o.s.d.j.r.query.QueryEnhancerFactory     : Hibernate is in classpath; If applicable, HQL parser will be used.
2024-10-03T22:09:12.334-05:00  WARN 83643 --- [           main] JpaBaseConfiguration$JpaWebConfiguration : spring.jpa.open-in-view is enabled by default. Therefore, database queries may be performed during view rendering. Explicitly configure spring.jpa.open-in-view to disable this warning
2024-10-03T22:09:12.436-05:00  INFO 83643 --- [           main] o.s.s.web.DefaultSecurityFilterChain     : Will secure any request with [org.springframework.security.web.session.DisableEncodeUrlFilter@a6e0e5f, org.springframework.security.web.context.request.async.WebAsyncManagerIntegrationFilter@15d6f0e1, org.springframework.security.web.context.SecurityContextHolderFilter@65c2610f, org.springframework.security.web.header.HeaderWriterFilter@48d588dd, org.springframework.security.web.authentication.logout.LogoutFilter@5f58ac11, com.innovatech.demo.Security.JWTAuthenticationFilter@5dd47c88, org.springframework.security.web.savedrequest.RequestCacheAwareFilter@1942a960, org.springframework.security.web.servletapi.SecurityContextHolderAwareRequestFilter@546ab02b, org.springframework.security.web.authentication.AnonymousAuthenticationFilter@3116e9d2, org.springframework.security.web.session.SessionManagementFilter@4734a551, org.springframework.security.web.access.ExceptionTranslationFilter@397ff526, org.springframework.security.web.access.intercept.AuthorizationFilter@fa200ab]
2024-10-03T22:09:13.010-05:00  INFO 83643 --- [           main] o.s.b.w.embedded.tomcat.TomcatWebServer  : Tomcat started on port 8090 (http) with context path '/'
2024-10-03T22:09:13.024-05:00  INFO 83643 --- [           main] c.i.d.CoursesControllerIntegrationTest   : Started CoursesControllerIntegrationTest in 6.775 seconds (process running for 8.058)
2024-10-03T22:09:13.059-05:00 DEBUG 83643 --- [           main] org.hibernate.SQL                        : insert into role (name,id) values (?,default)
2024-10-03T22:09:13.106-05:00 DEBUG 83643 --- [           main] org.hibernate.SQL                        : insert into role (name,id) values (?,default)
2024-10-03T22:09:13.108-05:00 DEBUG 83643 --- [           main] org.hibernate.SQL                        : insert into role (name,id) values (?,default)
2024-10-03T22:09:13.110-05:00 DEBUG 83643 --- [           main] org.hibernate.SQL                        : insert into role (name,id) values (?,default)
2024-10-03T22:09:13.112-05:00 DEBUG 83643 --- [           main] org.hibernate.SQL                        : insert into role (name,id) values (?,default)
2024-10-03T22:09:13.113-05:00 DEBUG 83643 --- [           main] org.hibernate.SQL                        : insert into role (name,id) values (?,default)
2024-10-03T22:09:13.114-05:00 DEBUG 83643 --- [           main] org.hibernate.SQL                        : insert into role (name,id) values (?,default)
2024-10-03T22:09:13.115-05:00 DEBUG 83643 --- [           main] org.hibernate.SQL                        : insert into role (name,id) values (?,default)
2024-10-03T22:09:13.116-05:00 DEBUG 83643 --- [           main] org.hibernate.SQL                        : insert into role (name,id) values (?,default)
2024-10-03T22:09:13.116-05:00 DEBUG 83643 --- [           main] org.hibernate.SQL                        : insert into role (name,id) values (?,default)
2024-10-03T22:09:13.200-05:00 DEBUG 83643 --- [           main] org.hibernate.SQL                        : select r1_0.id,r1_0.name from role r1_0 where r1_0.name=?
2024-10-03T22:09:13.397-05:00 DEBUG 83643 --- [           main] org.hibernate.SQL                        : insert into user_entity (administrative_employee_id,email,id_card,name,password,role_id,id) values (?,?,?,?,?,?,default)
2024-10-03T22:09:13.403-05:00 DEBUG 83643 --- [           main] org.hibernate.SQL                        : insert into administrative_employee (user_id,id) values (?,default)
2024-10-03T22:09:13.406-05:00 DEBUG 83643 --- [           main] org.hibernate.SQL                        : insert into functionality (description,name,id) values (?,?,default)
2024-10-03T22:09:13.407-05:00 DEBUG 83643 --- [           main] org.hibernate.SQL                        : insert into functionality (description,name,id) values (?,?,default)
2024-10-03T22:09:13.408-05:00 DEBUG 83643 --- [           main] org.hibernate.SQL                        : insert into functionality (description,name,id) values (?,?,default)
2024-10-03T22:09:13.409-05:00 DEBUG 83643 --- [           main] org.hibernate.SQL                        : insert into functionality (description,name,id) values (?,?,default)
2024-10-03T22:09:13.410-05:00 DEBUG 83643 --- [           main] org.hibernate.SQL                        : insert into functionality (description,name,id) values (?,?,default)
2024-10-03T22:09:13.411-05:00 DEBUG 83643 --- [           main] org.hibernate.SQL                        : insert into functionality (description,name,id) values (?,?,default)
2024-10-03T22:09:13.412-05:00 DEBUG 83643 --- [           main] org.hibernate.SQL                        : insert into functionality (description,name,id) values (?,?,default)
2024-10-03T22:09:13.413-05:00 DEBUG 83643 --- [           main] org.hibernate.SQL                        : insert into functionality (description,name,id) values (?,?,default)
2024-10-03T22:09:13.414-05:00 DEBUG 83643 --- [           main] org.hibernate.SQL                        : insert into functionality (description,name,id) values (?,?,default)
2024-10-03T22:09:13.414-05:00 DEBUG 83643 --- [           main] org.hibernate.SQL                        : insert into functionality (description,name,id) values (?,?,default)
2024-10-03T22:09:13.416-05:00 DEBUG 83643 --- [           main] org.hibernate.SQL                        : insert into plan (name,price,id) values (?,?,default)
2024-10-03T22:09:13.418-05:00 DEBUG 83643 --- [           main] org.hibernate.SQL                        : insert into plan_functionality (functionality_id,plan_id,id) values (?,?,default)
2024-10-03T22:09:13.420-05:00 DEBUG 83643 --- [           main] org.hibernate.SQL                        : insert into plan (name,price,id) values (?,?,default)
2024-10-03T22:09:13.421-05:00 DEBUG 83643 --- [           main] org.hibernate.SQL                        : insert into plan_functionality (functionality_id,plan_id,id) values (?,?,default)
2024-10-03T22:09:13.422-05:00 DEBUG 83643 --- [           main] org.hibernate.SQL                        : insert into plan_functionality (functionality_id,plan_id,id) values (?,?,default)
2024-10-03T22:09:13.423-05:00 DEBUG 83643 --- [           main] org.hibernate.SQL                        : insert into plan (name,price,id) values (?,?,default)
2024-10-03T22:09:13.424-05:00 DEBUG 83643 --- [           main] org.hibernate.SQL                        : insert into plan_functionality (functionality_id,plan_id,id) values (?,?,default)
2024-10-03T22:09:13.425-05:00 DEBUG 83643 --- [           main] org.hibernate.SQL                        : insert into plan_functionality (functionality_id,plan_id,id) values (?,?,default)
2024-10-03T22:09:13.426-05:00 DEBUG 83643 --- [           main] org.hibernate.SQL                        : insert into plan_functionality (functionality_id,plan_id,id) values (?,?,default)
2024-10-03T22:09:13.428-05:00 DEBUG 83643 --- [           main] org.hibernate.SQL                        : insert into event (costo_local,date,earnings,modality,name,place,quota,total_cost,id) values (?,?,?,?,?,?,?,?,default)
2024-10-03T22:09:13.430-05:00 DEBUG 83643 --- [           main] org.hibernate.SQL                        : insert into event (costo_local,date,earnings,modality,name,place,quota,total_cost,id) values (?,?,?,?,?,?,?,?,default)
2024-10-03T22:09:13.431-05:00 DEBUG 83643 --- [           main] org.hibernate.SQL                        : insert into event (costo_local,date,earnings,modality,name,place,quota,total_cost,id) values (?,?,?,?,?,?,?,?,default)
2024-10-03T22:09:13.432-05:00 DEBUG 83643 --- [           main] org.hibernate.SQL                        : insert into event (costo_local,date,earnings,modality,name,place,quota,total_cost,id) values (?,?,?,?,?,?,?,?,default)
2024-10-03T22:09:13.433-05:00 DEBUG 83643 --- [           main] org.hibernate.SQL                        : insert into event (costo_local,date,earnings,modality,name,place,quota,total_cost,id) values (?,?,?,?,?,?,?,?,default)
Uploading entrepreneurships
2024-10-03T22:09:13.434-05:00 DEBUG 83643 --- [           main] org.hibernate.SQL                        : insert into entrepreneurship (description,lastnames,logo,name,names,id) values (?,?,?,?,?,default)
2024-10-03T22:09:13.436-05:00 DEBUG 83643 --- [           main] org.hibernate.SQL                        : insert into entrepreneurship (description,lastnames,logo,name,names,id) values (?,?,?,?,?,default)
Uploading courses
2024-10-03T22:09:13.441-05:00 DEBUG 83643 --- [           main] org.hibernate.SQL                        : select e1_0.id,e1_0.description,e1_0.lastnames,e1_0.logo,e1_0.name,e1_0.names from entrepreneurship e1_0
2024-10-03T22:09:13.444-05:00 DEBUG 83643 --- [           main] org.hibernate.SQL                        : select next value for course_entrepreneurship_seq
2024-10-03T22:09:13.448-05:00 DEBUG 83643 --- [           main] org.hibernate.SQL                        : select next value for course_entrepreneurship_seq
2024-10-03T22:09:13.450-05:00 DEBUG 83643 --- [           main] org.hibernate.SQL                        : insert into course_entrepreneurship (course_id,entrepreneurship_id,puntaje,id) values (?,?,?,?)
2024-10-03T22:09:13.451-05:00 DEBUG 83643 --- [           main] org.hibernate.SQL                        : insert into course_entrepreneurship (course_id,entrepreneurship_id,puntaje,id) values (?,?,?,?)
2024-10-03T22:09:13.452-05:00 DEBUG 83643 --- [           main] org.hibernate.SQL                        : insert into course (date,description,link,modality,places,score,title,id) values (?,?,?,?,?,?,?,default)
2024-10-03T22:09:13.455-05:00 DEBUG 83643 --- [           main] org.hibernate.SQL                        : insert into course_entrepreneurship (course_id,entrepreneurship_id,puntaje,id) values (?,?,?,?)
2024-10-03T22:09:13.456-05:00 DEBUG 83643 --- [           main] org.hibernate.SQL                        : insert into course_entrepreneurship (course_id,entrepreneurship_id,puntaje,id) values (?,?,?,?)
2024-10-03T22:09:13.456-05:00 DEBUG 83643 --- [           main] org.hibernate.SQL                        : insert into course (date,description,link,modality,places,score,title,id) values (?,?,?,?,?,?,?,default)
all data uploaded
2024-10-03T22:09:13.463-05:00 DEBUG 83643 --- [           main] org.hibernate.SQL                        : update course_entrepreneurship set course_id=?,entrepreneurship_id=?,puntaje=? where id=?
2024-10-03T22:09:13.471-05:00 DEBUG 83643 --- [           main] org.hibernate.SQL                        : update course_entrepreneurship set course_id=?,entrepreneurship_id=?,puntaje=? where id=?
2024-10-03T22:09:13.472-05:00 DEBUG 83643 --- [           main] org.hibernate.SQL                        : update course_entrepreneurship set course_id=?,entrepreneurship_id=?,puntaje=? where id=?
2024-10-03T22:09:13.473-05:00 DEBUG 83643 --- [           main] org.hibernate.SQL                        : update course_entrepreneurship set course_id=?,entrepreneurship_id=?,puntaje=? where id=?
Uploading entrepreneurships
Uploading courses
2024-10-03T22:09:14.203-05:00  INFO 83643 --- [nio-8090-exec-1] o.a.c.c.C.[Tomcat].[localhost].[/]       : Initializing Spring DispatcherServlet 'dispatcherServlet'
2024-10-03T22:09:14.203-05:00  INFO 83643 --- [nio-8090-exec-1] o.s.web.servlet.DispatcherServlet        : Initializing Servlet 'dispatcherServlet'
2024-10-03T22:09:14.205-05:00  INFO 83643 --- [nio-8090-exec-1] o.s.web.servlet.DispatcherServlet        : Completed initialization in 1 ms
2024-10-03T22:09:14.438-05:00 DEBUG 83643 --- [nio-8090-exec-1] org.hibernate.SQL                        : select ue1_0.id,ue1_0.administrative_employee_id,ue1_0.email,ue1_0.id_card,ue1_0.name,ue1_0.password,ue1_0.role_id from user_entity ue1_0 where ue1_0.email=?
2024-10-03T22:09:14.443-05:00 DEBUG 83643 --- [nio-8090-exec-1] org.hibernate.SQL                        : select r1_0.id,r1_0.name from role r1_0 where r1_0.id=?
2024-10-03T22:09:14.611-05:00 DEBUG 83643 --- [nio-8090-exec-1] org.hibernate.SQL                        : select ue1_0.id,ue1_0.administrative_employee_id,ue1_0.email,ue1_0.id_card,ue1_0.name,ue1_0.password,ue1_0.role_id from user_entity ue1_0 where ue1_0.email=?
2024-10-03T22:09:14.691-05:00 DEBUG 83643 --- [nio-8090-exec-2] org.hibernate.SQL                        : select ue1_0.id,ue1_0.administrative_employee_id,ue1_0.email,ue1_0.id_card,ue1_0.name,ue1_0.password,ue1_0.role_id from user_entity ue1_0 where ue1_0.email=?
2024-10-03T22:09:14.692-05:00 DEBUG 83643 --- [nio-8090-exec-2] org.hibernate.SQL                        : select r1_0.id,r1_0.name from role r1_0 where r1_0.id=?
2024-10-03T22:09:14.700-05:00 DEBUG 83643 --- [nio-8090-exec-2] org.hibernate.SQL                        : select c1_0.id,c1_0.date,c1_0.description,c1_0.link,c1_0.modality,c1_0.places,c1_0.score,c1_0.title from course c1_0 offset ? rows fetch first ? rows only
2024-10-03T22:09:14.706-05:00 DEBUG 83643 --- [nio-8090-exec-2] org.hibernate.SQL                        : select count(c1_0.id) from course c1_0
2024-10-03T22:09:14.737-05:00 DEBUG 83643 --- [nio-8090-exec-3] org.hibernate.SQL                        : select ue1_0.id,ue1_0.administrative_employee_id,ue1_0.email,ue1_0.id_card,ue1_0.name,ue1_0.password,ue1_0.role_id from user_entity ue1_0 where ue1_0.email=?
2024-10-03T22:09:14.737-05:00 DEBUG 83643 --- [nio-8090-exec-3] org.hibernate.SQL                        : select r1_0.id,r1_0.name from role r1_0 where r1_0.id=?
2024-10-03T22:09:14.740-05:00 DEBUG 83643 --- [nio-8090-exec-3] org.hibernate.SQL                        : select c1_0.id,c1_0.date,c1_0.description,c1_0.link,c1_0.modality,c1_0.places,c1_0.score,c1_0.title from course c1_0 offset ? rows fetch first ? rows only
2024-10-03T22:09:14.741-05:00 DEBUG 83643 --- [nio-8090-exec-3] org.hibernate.SQL                        : select count(c1_0.id) from course c1_0
]]></system-out>
    <system-err><![CDATA[WARNING: A Java agent has been loaded dynamically (/Users/sophiaaristizabal/.m2/repository/net/bytebuddy/byte-buddy-agent/1.14.19/byte-buddy-agent-1.14.19.jar)
WARNING: If a serviceability tool is in use, please run with -XX:+EnableDynamicAgentLoading to hide this warning
WARNING: If a serviceability tool is not in use, please run with -Djdk.instrument.traceUsage for more information
WARNING: Dynamic loading of agents will be disallowed by default in a future release
eyJhbGciOiJIUzUxMiJ9.eyJzdWIiOiJhZG1pbkBleGFtcGxlLmNvbSIsImlhdCI6MTcyODAxMTM1NCwiZXhwIjoxNzI4MDE4MzU0fQ.9-QbyVPgzdmDlgzU6fWxAUGpbCk-QCHnUM_2NSbOSEtm1oPFh6q9frbkppU230qQ4ixCmpnNJy-VtzuYierSew
]]></system-err>
  </testcase>
  <testcase name="onlyActiveCourses" classname="com.innovatech.demo.CoursesControllerIntegrationTest" time="0.199">
    <system-out><![CDATA[Uploading entrepreneurships
Uploading courses
2024-10-03T22:09:14.775-05:00 DEBUG 83643 --- [nio-8090-exec-4] org.hibernate.SQL                        : select ue1_0.id,ue1_0.administrative_employee_id,ue1_0.email,ue1_0.id_card,ue1_0.name,ue1_0.password,ue1_0.role_id from user_entity ue1_0 where ue1_0.email=?
2024-10-03T22:09:14.775-05:00 DEBUG 83643 --- [nio-8090-exec-4] org.hibernate.SQL                        : select r1_0.id,r1_0.name from role r1_0 where r1_0.id=?
2024-10-03T22:09:14.779-05:00 DEBUG 83643 --- [nio-8090-exec-4] org.hibernate.SQL                        : select ue1_0.id,ue1_0.administrative_employee_id,ue1_0.email,ue1_0.id_card,ue1_0.name,ue1_0.password,ue1_0.role_id from user_entity ue1_0 where ue1_0.email=?
2024-10-03T22:09:14.780-05:00 DEBUG 83643 --- [nio-8090-exec-4] org.hibernate.SQL                        : select r1_0.id,r1_0.name from role r1_0 where r1_0.id=?
2024-10-03T22:09:14.933-05:00 DEBUG 83643 --- [nio-8090-exec-4] org.hibernate.SQL                        : select ue1_0.id,ue1_0.administrative_employee_id,ue1_0.email,ue1_0.id_card,ue1_0.name,ue1_0.password,ue1_0.role_id from user_entity ue1_0 where ue1_0.email=?
2024-10-03T22:09:14.942-05:00 DEBUG 83643 --- [nio-8090-exec-5] org.hibernate.SQL                        : select ue1_0.id,ue1_0.administrative_employee_id,ue1_0.email,ue1_0.id_card,ue1_0.name,ue1_0.password,ue1_0.role_id from user_entity ue1_0 where ue1_0.email=?
2024-10-03T22:09:14.943-05:00 DEBUG 83643 --- [nio-8090-exec-5] org.hibernate.SQL                        : select r1_0.id,r1_0.name from role r1_0 where r1_0.id=?
2024-10-03T22:09:14.950-05:00 DEBUG 83643 --- [nio-8090-exec-5] org.hibernate.SQL                        : select c1_0.id,c1_0.date,c1_0.description,c1_0.link,c1_0.modality,c1_0.places,c1_0.score,c1_0.title from course c1_0 where c1_0.date>? fetch first ? rows only
]]></system-out>
    <system-err><![CDATA[eyJhbGciOiJIUzUxMiJ9.eyJzdWIiOiJhZG1pbkBleGFtcGxlLmNvbSIsImlhdCI6MTcyODAxMTM1NCwiZXhwIjoxNzI4MDE4MzU0fQ.9-QbyVPgzdmDlgzU6fWxAUGpbCk-QCHnUM_2NSbOSEtm1oPFh6q9frbkppU230qQ4ixCmpnNJy-VtzuYierSew
]]></system-err>
  </testcase>
  <testcase name="getCourse" classname="com.innovatech.demo.CoursesControllerIntegrationTest" time="0.226">
    <system-out><![CDATA[Uploading entrepreneurships
Uploading courses
2024-10-03T22:09:14.968-05:00 DEBUG 83643 --- [nio-8090-exec-6] org.hibernate.SQL                        : select ue1_0.id,ue1_0.administrative_employee_id,ue1_0.email,ue1_0.id_card,ue1_0.name,ue1_0.password,ue1_0.role_id from user_entity ue1_0 where ue1_0.email=?
2024-10-03T22:09:14.969-05:00 DEBUG 83643 --- [nio-8090-exec-6] org.hibernate.SQL                        : select r1_0.id,r1_0.name from role r1_0 where r1_0.id=?
2024-10-03T22:09:14.974-05:00 DEBUG 83643 --- [nio-8090-exec-6] org.hibernate.SQL                        : select ue1_0.id,ue1_0.administrative_employee_id,ue1_0.email,ue1_0.id_card,ue1_0.name,ue1_0.password,ue1_0.role_id from user_entity ue1_0 where ue1_0.email=?
2024-10-03T22:09:14.975-05:00 DEBUG 83643 --- [nio-8090-exec-6] org.hibernate.SQL                        : select r1_0.id,r1_0.name from role r1_0 where r1_0.id=?
2024-10-03T22:09:15.151-05:00 DEBUG 83643 --- [nio-8090-exec-6] org.hibernate.SQL                        : select ue1_0.id,ue1_0.administrative_employee_id,ue1_0.email,ue1_0.id_card,ue1_0.name,ue1_0.password,ue1_0.role_id from user_entity ue1_0 where ue1_0.email=?
2024-10-03T22:09:15.164-05:00 DEBUG 83643 --- [nio-8090-exec-7] org.hibernate.SQL                        : select ue1_0.id,ue1_0.administrative_employee_id,ue1_0.email,ue1_0.id_card,ue1_0.name,ue1_0.password,ue1_0.role_id from user_entity ue1_0 where ue1_0.email=?
2024-10-03T22:09:15.164-05:00 DEBUG 83643 --- [nio-8090-exec-7] org.hibernate.SQL                        : select r1_0.id,r1_0.name from role r1_0 where r1_0.id=?
2024-10-03T22:09:15.170-05:00 DEBUG 83643 --- [nio-8090-exec-7] org.hibernate.SQL                        : select c1_0.id,c1_0.date,c1_0.description,c1_0.link,c1_0.modality,c1_0.places,c1_0.score,c1_0.title from course c1_0 where c1_0.id=?
2024-10-03T22:09:15.174-05:00 DEBUG 83643 --- [nio-8090-exec-7] org.hibernate.SQL                        : select ce1_0.course_id,ce1_0.id,e1_0.id,e1_0.description,e1_0.lastnames,e1_0.logo,e1_0.name,e1_0.names,ce1_0.puntaje from course_entrepreneurship ce1_0 left join entrepreneurship e1_0 on e1_0.id=ce1_0.entrepreneurship_id where ce1_0.course_id=?
]]></system-out>
    <system-err><![CDATA[eyJhbGciOiJIUzUxMiJ9.eyJzdWIiOiJhZG1pbkBleGFtcGxlLmNvbSIsImlhdCI6MTcyODAxMTM1NSwiZXhwIjoxNzI4MDE4MzU1fQ.NSWHz3BEOFndjgcOUyLhLIMSNIAjnKLowp24uQbQzyXl9ulGV-0hY96irx_gJ8catAzvGH8RhYlzf3fSEBqcgA
]]></system-err>
  </testcase>
  <testcase name="testEditCourseWrongDate" classname="com.innovatech.demo.CoursesControllerIntegrationTest" time="0.212">
    <system-out><![CDATA[Uploading entrepreneurships
Uploading courses
2024-10-03T22:09:15.187-05:00 DEBUG 83643 --- [           main] org.hibernate.SQL                        : select c1_0.id,c1_0.date,c1_0.description,c1_0.link,c1_0.modality,c1_0.places,c1_0.score,c1_0.title from course c1_0 where c1_0.id=?
2024-10-03T22:09:15.198-05:00 DEBUG 83643 --- [nio-8090-exec-8] org.hibernate.SQL                        : select ue1_0.id,ue1_0.administrative_employee_id,ue1_0.email,ue1_0.id_card,ue1_0.name,ue1_0.password,ue1_0.role_id from user_entity ue1_0 where ue1_0.email=?
2024-10-03T22:09:15.198-05:00 DEBUG 83643 --- [nio-8090-exec-8] org.hibernate.SQL                        : select r1_0.id,r1_0.name from role r1_0 where r1_0.id=?
2024-10-03T22:09:15.202-05:00 DEBUG 83643 --- [nio-8090-exec-8] org.hibernate.SQL                        : select ue1_0.id,ue1_0.administrative_employee_id,ue1_0.email,ue1_0.id_card,ue1_0.name,ue1_0.password,ue1_0.role_id from user_entity ue1_0 where ue1_0.email=?
2024-10-03T22:09:15.203-05:00 DEBUG 83643 --- [nio-8090-exec-8] org.hibernate.SQL                        : select r1_0.id,r1_0.name from role r1_0 where r1_0.id=?
2024-10-03T22:09:15.368-05:00 DEBUG 83643 --- [nio-8090-exec-8] org.hibernate.SQL                        : select ue1_0.id,ue1_0.administrative_employee_id,ue1_0.email,ue1_0.id_card,ue1_0.name,ue1_0.password,ue1_0.role_id from user_entity ue1_0 where ue1_0.email=?
2024-10-03T22:09:15.380-05:00 DEBUG 83643 --- [nio-8090-exec-9] org.hibernate.SQL                        : select ue1_0.id,ue1_0.administrative_employee_id,ue1_0.email,ue1_0.id_card,ue1_0.name,ue1_0.password,ue1_0.role_id from user_entity ue1_0 where ue1_0.email=?
2024-10-03T22:09:15.381-05:00 DEBUG 83643 --- [nio-8090-exec-9] org.hibernate.SQL                        : select r1_0.id,r1_0.name from role r1_0 where r1_0.id=?
]]></system-out>
    <system-err><![CDATA[eyJhbGciOiJIUzUxMiJ9.eyJzdWIiOiJhZG1pbkBleGFtcGxlLmNvbSIsImlhdCI6MTcyODAxMTM1NSwiZXhwIjoxNzI4MDE4MzU1fQ.NSWHz3BEOFndjgcOUyLhLIMSNIAjnKLowp24uQbQzyXl9ulGV-0hY96irx_gJ8catAzvGH8RhYlzf3fSEBqcgA
]]></system-err>
  </testcase>
  <testcase name="testEditCourseWrongCapacity" classname="com.innovatech.demo.CoursesControllerIntegrationTest" time="0.195">
    <system-out><![CDATA[Uploading entrepreneurships
Uploading courses
2024-10-03T22:09:15.403-05:00 DEBUG 83643 --- [           main] org.hibernate.SQL                        : select c1_0.id,c1_0.date,c1_0.description,c1_0.link,c1_0.modality,c1_0.places,c1_0.score,c1_0.title from course c1_0 where c1_0.id=?
2024-10-03T22:09:15.413-05:00 DEBUG 83643 --- [io-8090-exec-10] org.hibernate.SQL                        : select ue1_0.id,ue1_0.administrative_employee_id,ue1_0.email,ue1_0.id_card,ue1_0.name,ue1_0.password,ue1_0.role_id from user_entity ue1_0 where ue1_0.email=?
2024-10-03T22:09:15.414-05:00 DEBUG 83643 --- [io-8090-exec-10] org.hibernate.SQL                        : select r1_0.id,r1_0.name from role r1_0 where r1_0.id=?
2024-10-03T22:09:15.417-05:00 DEBUG 83643 --- [io-8090-exec-10] org.hibernate.SQL                        : select ue1_0.id,ue1_0.administrative_employee_id,ue1_0.email,ue1_0.id_card,ue1_0.name,ue1_0.password,ue1_0.role_id from user_entity ue1_0 where ue1_0.email=?
2024-10-03T22:09:15.418-05:00 DEBUG 83643 --- [io-8090-exec-10] org.hibernate.SQL                        : select r1_0.id,r1_0.name from role r1_0 where r1_0.id=?
2024-10-03T22:09:15.580-05:00 DEBUG 83643 --- [io-8090-exec-10] org.hibernate.SQL                        : select ue1_0.id,ue1_0.administrative_employee_id,ue1_0.email,ue1_0.id_card,ue1_0.name,ue1_0.password,ue1_0.role_id from user_entity ue1_0 where ue1_0.email=?
2024-10-03T22:09:15.587-05:00 DEBUG 83643 --- [nio-8090-exec-1] org.hibernate.SQL                        : select ue1_0.id,ue1_0.administrative_employee_id,ue1_0.email,ue1_0.id_card,ue1_0.name,ue1_0.password,ue1_0.role_id from user_entity ue1_0 where ue1_0.email=?
2024-10-03T22:09:15.587-05:00 DEBUG 83643 --- [nio-8090-exec-1] org.hibernate.SQL                        : select r1_0.id,r1_0.name from role r1_0 where r1_0.id=?
2024-10-03T22:09:15.589-05:00 DEBUG 83643 --- [nio-8090-exec-1] org.hibernate.SQL                        : select c1_0.id,c1_0.date,c1_0.description,c1_0.link,c1_0.modality,c1_0.places,c1_0.score,c1_0.title from course c1_0 where c1_0.id=?
2024-10-03T22:09:15.590-05:00 DEBUG 83643 --- [nio-8090-exec-1] org.hibernate.SQL                        : select ce1_0.course_id,ce1_0.id,e1_0.id,e1_0.description,e1_0.lastnames,e1_0.logo,e1_0.name,e1_0.names,ce1_0.puntaje from course_entrepreneurship ce1_0 left join entrepreneurship e1_0 on e1_0.id=ce1_0.entrepreneurship_id where ce1_0.course_id=?
]]></system-out>
    <system-err><![CDATA[eyJhbGciOiJIUzUxMiJ9.eyJzdWIiOiJhZG1pbkBleGFtcGxlLmNvbSIsImlhdCI6MTcyODAxMTM1NSwiZXhwIjoxNzI4MDE4MzU1fQ.NSWHz3BEOFndjgcOUyLhLIMSNIAjnKLowp24uQbQzyXl9ulGV-0hY96irx_gJ8catAzvGH8RhYlzf3fSEBqcgA
]]></system-err>
  </testcase>
</testsuite>