<?xml version="1.0" encoding="UTF-8"?>
<testsuite xmlns:xsi="http://www.w3.org/2001/XMLSchema-instance" xsi:noNamespaceSchemaLocation="https://maven.apache.org/surefire/maven-surefire-plugin/xsd/surefire-test-report-3.0.xsd" version="3.0" name="com.innovatech.demo.PublicationControllerTest" time="8.361" tests="1" errors="0" skipped="0" failures="0">
  <properties>
[...]
</properties>
  <testcase name="testGetAllBanners" classname="com.innovatech.demo.PublicationControllerTest" time="2.529">
    <system-out><![CDATA[12:06:35.196 [main] INFO org.springframework.test.context.support.AnnotationConfigContextLoaderUtils -- Could not detect default configuration classes for test class [com.innovatech.demo.PublicationControllerTest]: PublicationControllerTest does not declare any static, non-private, non-final, nested classes annotated with @Configuration.
12:06:35.309 [main] INFO org.springframework.boot.test.context.SpringBootTestContextBootstrapper -- Found @SpringBootConfiguration com.innovatech.demo.DemoApplication for test class com.innovatech.demo.PublicationControllerTest
12:06:35.433 [main] INFO org.springframework.boot.devtools.restart.RestartApplicationListener -- Restart disabled due to context in which it is running

  .   ____          _            __ _ _
 /\\ / ___'_ __ _ _(_)_ __  __ _ \ \ \ \
( ( )\___ | '_ | '_| | '_ \/ _` | \ \ \ \
 \\/  ___)| |_)| | | | | || (_| |  ) ) ) )
  '  |____| .__|_| |_|_| |_\__, | / / / /
 =========|_|==============|___/=/_/_/_/

 :: Spring Boot ::                (v3.3.4)

2024-10-05T12:06:35.825-05:00  INFO 59163 --- [           main] c.i.demo.PublicationControllerTest       : Starting PublicationControllerTest using Java 21.0.1 with PID 59163 (started by sophiaaristizabal in /Users/sophiaaristizabal/Documents/GitHub/back-admin/demo)
2024-10-05T12:06:35.828-05:00  INFO 59163 --- [           main] c.i.demo.PublicationControllerTest       : The following 1 profile is active: "test"
2024-10-05T12:06:36.669-05:00  INFO 59163 --- [           main] .s.d.r.c.RepositoryConfigurationDelegate : Bootstrapping Spring Data JPA repositories in DEFAULT mode.
2024-10-05T12:06:36.728-05:00  INFO 59163 --- [           main] .s.d.r.c.RepositoryConfigurationDelegate : Finished Spring Data repository scanning in 53 ms. Found 12 JPA repository interfaces.
2024-10-05T12:06:37.174-05:00  INFO 59163 --- [           main] o.s.b.w.embedded.tomcat.TomcatWebServer  : Tomcat initialized with port 8090 (http)
2024-10-05T12:06:37.184-05:00  INFO 59163 --- [           main] o.apache.catalina.core.StandardService   : Starting service [Tomcat]
2024-10-05T12:06:37.184-05:00  INFO 59163 --- [           main] o.apache.catalina.core.StandardEngine    : Starting Servlet engine: [Apache Tomcat/10.1.30]
2024-10-05T12:06:37.221-05:00  INFO 59163 --- [           main] o.a.c.c.C.[Tomcat].[localhost].[/]       : Initializing Spring embedded WebApplicationContext
2024-10-05T12:06:37.222-05:00  INFO 59163 --- [           main] w.s.c.ServletWebServerApplicationContext : Root WebApplicationContext: initialization completed in 1364 ms
2024-10-05T12:06:37.259-05:00  INFO 59163 --- [           main] com.zaxxer.hikari.HikariDataSource       : HikariPool-1 - Starting...
2024-10-05T12:06:37.457-05:00  INFO 59163 --- [           main] com.zaxxer.hikari.pool.HikariPool        : HikariPool-1 - Added connection conn0: url=jdbc:h2:file:./mydatabase user=SA
2024-10-05T12:06:37.458-05:00  INFO 59163 --- [           main] com.zaxxer.hikari.HikariDataSource       : HikariPool-1 - Start completed.
2024-10-05T12:06:37.468-05:00  INFO 59163 --- [           main] o.s.b.a.h2.H2ConsoleAutoConfiguration    : H2 console available at '/h2'. Database available at 'jdbc:h2:file:./mydatabase'
2024-10-05T12:06:37.575-05:00  INFO 59163 --- [           main] o.hibernate.jpa.internal.util.LogHelper  : HHH000204: Processing PersistenceUnitInfo [name: default]
2024-10-05T12:06:37.620-05:00  INFO 59163 --- [           main] org.hibernate.Version                    : HHH000412: Hibernate ORM core version 6.5.3.Final
2024-10-05T12:06:37.644-05:00  INFO 59163 --- [           main] o.h.c.internal.RegionFactoryInitiator    : HHH000026: Second-level cache disabled
2024-10-05T12:06:37.900-05:00  INFO 59163 --- [           main] o.s.o.j.p.SpringPersistenceUnitInfo      : No LoadTimeWeaver setup: ignoring JPA class transformer
2024-10-05T12:06:37.932-05:00  WARN 59163 --- [           main] org.hibernate.orm.deprecation            : HHH90000025: H2Dialect does not need to be specified explicitly using 'hibernate.dialect' (remove the property setting and it will be selected by default)
2024-10-05T12:06:38.542-05:00  INFO 59163 --- [           main] o.h.m.i.EntityInstantiatorPojoStandard   : HHH000182: No default (no-argument) constructor for class: com.innovatech.demo.Entity.Subscription (class must be instantiated by Interceptor)
2024-10-05T12:06:38.738-05:00  INFO 59163 --- [           main] o.h.e.t.j.p.i.JtaPlatformInitiator       : HHH000489: No JTA platform available (set 'hibernate.transaction.jta.platform' to enable JTA platform integration)
2024-10-05T12:06:38.746-05:00 DEBUG 59163 --- [           main] org.hibernate.SQL                        : drop table if exists administrative_employee cascade 
2024-10-05T12:06:38.751-05:00 DEBUG 59163 --- [           main] org.hibernate.SQL                        : drop table if exists course cascade 
2024-10-05T12:06:38.752-05:00 DEBUG 59163 --- [           main] org.hibernate.SQL                        : drop table if exists course_entrepreneurship cascade 
2024-10-05T12:06:38.753-05:00 DEBUG 59163 --- [           main] org.hibernate.SQL                        : drop table if exists entrepreneurship cascade 
2024-10-05T12:06:38.753-05:00 DEBUG 59163 --- [           main] org.hibernate.SQL                        : drop table if exists entrepreneurship_event_registry cascade 
2024-10-05T12:06:38.754-05:00 DEBUG 59163 --- [           main] org.hibernate.SQL                        : drop table if exists event cascade 
2024-10-05T12:06:38.754-05:00 DEBUG 59163 --- [           main] org.hibernate.SQL                        : drop table if exists functionality cascade 
2024-10-05T12:06:38.755-05:00 DEBUG 59163 --- [           main] org.hibernate.SQL                        : drop table if exists plan cascade 
2024-10-05T12:06:38.756-05:00 DEBUG 59163 --- [           main] org.hibernate.SQL                        : drop table if exists plan_functionality cascade 
2024-10-05T12:06:38.757-05:00 DEBUG 59163 --- [           main] org.hibernate.SQL                        : drop table if exists publication cascade 
2024-10-05T12:06:38.757-05:00 DEBUG 59163 --- [           main] org.hibernate.SQL                        : drop table if exists role cascade 
2024-10-05T12:06:38.758-05:00 DEBUG 59163 --- [           main] org.hibernate.SQL                        : drop table if exists subscription cascade 
2024-10-05T12:06:38.759-05:00 DEBUG 59163 --- [           main] org.hibernate.SQL                        : drop table if exists user_entity cascade 
2024-10-05T12:06:38.760-05:00 DEBUG 59163 --- [           main] org.hibernate.SQL                        : drop sequence if exists course_entrepreneurship_seq
2024-10-05T12:06:38.766-05:00 DEBUG 59163 --- [           main] org.hibernate.SQL                        : create sequence course_entrepreneurship_seq start with 1 increment by 50
2024-10-05T12:06:38.768-05:00 DEBUG 59163 --- [           main] org.hibernate.SQL                        : create table administrative_employee (id bigint generated by default as identity, user_id bigint not null unique, primary key (id))
2024-10-05T12:06:38.771-05:00 DEBUG 59163 --- [           main] org.hibernate.SQL                        : create table course (places integer not null, score float(24), date timestamp(6) not null, id bigint generated by default as identity, description varchar(255) not null, link varchar(255) not null, title varchar(255) not null unique, modality VARCHAR(255) CHECK (modality IN ('virtual', 'presencial')) not null, primary key (id))
2024-10-05T12:06:38.772-05:00 DEBUG 59163 --- [           main] org.hibernate.SQL                        : create table course_entrepreneurship (puntaje integer not null, course_id bigint, entrepreneurship_id bigint, id bigint not null, primary key (id))
2024-10-05T12:06:38.773-05:00 DEBUG 59163 --- [           main] org.hibernate.SQL                        : create table entrepreneurship (id bigint generated by default as identity, description varchar(255), lastnames varchar(255), logo varchar(255), name varchar(255) not null unique, names varchar(255), primary key (id))
2024-10-05T12:06:38.774-05:00 DEBUG 59163 --- [           main] org.hibernate.SQL                        : create table entrepreneurship_event_registry (amount_paid float(53) not null, date timestamp(6) not null, id bigint generated by default as identity, id_event bigint not null, primary key (id))
2024-10-05T12:06:38.775-05:00 DEBUG 59163 --- [           main] org.hibernate.SQL                        : create table event (costo_local integer not null, earnings integer not null, quota integer, total_cost integer not null, id bigint generated by default as identity, date varchar(255) not null, modality varchar(255) not null, name varchar(255) not null, place varchar(255) not null, primary key (id))
2024-10-05T12:06:38.776-05:00 DEBUG 59163 --- [           main] org.hibernate.SQL                        : create table functionality (id bigint generated by default as identity, description varchar(255), name varchar(255), primary key (id))
2024-10-05T12:06:38.777-05:00 DEBUG 59163 --- [           main] org.hibernate.SQL                        : create table plan (price float(53), id bigint generated by default as identity, name varchar(255), primary key (id))
2024-10-05T12:06:38.778-05:00 DEBUG 59163 --- [           main] org.hibernate.SQL                        : create table plan_functionality (functionality_id bigint, id bigint generated by default as identity, plan_id bigint, primary key (id))
2024-10-05T12:06:38.779-05:00 DEBUG 59163 --- [           main] org.hibernate.SQL                        : create table publication (administrative_employee_id bigint, id bigint generated by default as identity, multimedia varchar(255) not null, title varchar(255) not null unique, primary key (id))
2024-10-05T12:06:38.779-05:00 DEBUG 59163 --- [           main] org.hibernate.SQL                        : create table role (id bigint generated by default as identity, name varchar(255) not null unique, primary key (id))
2024-10-05T12:06:38.780-05:00 DEBUG 59163 --- [           main] org.hibernate.SQL                        : create table subscription (amount float(53), expiration_date date, initial_date date, id bigint generated by default as identity, id_plan bigint not null, primary key (id))
2024-10-05T12:06:38.781-05:00 DEBUG 59163 --- [           main] org.hibernate.SQL                        : create table user_entity (id_card integer not null unique, administrative_employee_id bigint unique, id bigint generated by default as identity, role_id bigint not null, email varchar(255) not null unique, name varchar(255), password varchar(255) not null, primary key (id))
2024-10-05T12:06:38.783-05:00 DEBUG 59163 --- [           main] org.hibernate.SQL                        : alter table if exists administrative_employee add constraint FKo8v1usqwn3nxmiw2brinilg5p foreign key (user_id) references user_entity
2024-10-05T12:06:38.791-05:00 DEBUG 59163 --- [           main] org.hibernate.SQL                        : alter table if exists course_entrepreneurship add constraint FKc9944b6tjet15vigib9cbq4rc foreign key (course_id) references course
2024-10-05T12:06:38.792-05:00 DEBUG 59163 --- [           main] org.hibernate.SQL                        : alter table if exists course_entrepreneurship add constraint FK73b6ip3vqenl2xmk21s5fxutd foreign key (entrepreneurship_id) references entrepreneurship
2024-10-05T12:06:38.794-05:00 DEBUG 59163 --- [           main] org.hibernate.SQL                        : alter table if exists entrepreneurship_event_registry add constraint FKrljd4l23e5d5l8h9bt4cj3hl9 foreign key (id_event) references event
2024-10-05T12:06:38.795-05:00 DEBUG 59163 --- [           main] org.hibernate.SQL                        : alter table if exists plan_functionality add constraint FK3kckbmw1sgvafmqyn2mixhlem foreign key (functionality_id) references functionality
2024-10-05T12:06:38.796-05:00 DEBUG 59163 --- [           main] org.hibernate.SQL                        : alter table if exists plan_functionality add constraint FKf41bspsgwy5v5n2mym42ia1tk foreign key (plan_id) references plan
2024-10-05T12:06:38.797-05:00 DEBUG 59163 --- [           main] org.hibernate.SQL                        : alter table if exists publication add constraint FKofgtg1y0cv4nsqy9igqkjixnt foreign key (administrative_employee_id) references administrative_employee
2024-10-05T12:06:38.798-05:00 DEBUG 59163 --- [           main] org.hibernate.SQL                        : alter table if exists subscription add constraint FKqmcvpkvxw4md0eya9u1xv3d9c foreign key (id_plan) references plan
2024-10-05T12:06:38.798-05:00 DEBUG 59163 --- [           main] org.hibernate.SQL                        : alter table if exists user_entity add constraint FK7f0g0o0keoihj7qmpxp2blua3 foreign key (administrative_employee_id) references administrative_employee
2024-10-05T12:06:38.799-05:00 DEBUG 59163 --- [           main] org.hibernate.SQL                        : alter table if exists user_entity add constraint FKpostrnt7qdgc4m56i71qlkl61 foreign key (role_id) references role
2024-10-05T12:06:38.802-05:00  INFO 59163 --- [           main] j.LocalContainerEntityManagerFactoryBean : Initialized JPA EntityManagerFactory for persistence unit 'default'
2024-10-05T12:06:39.019-05:00  INFO 59163 --- [           main] o.s.d.j.r.query.QueryEnhancerFactory     : Hibernate is in classpath; If applicable, HQL parser will be used.
2024-10-05T12:06:39.863-05:00  WARN 59163 --- [           main] JpaBaseConfiguration$JpaWebConfiguration : spring.jpa.open-in-view is enabled by default. Therefore, database queries may be performed during view rendering. Explicitly configure spring.jpa.open-in-view to disable this warning
2024-10-05T12:06:39.932-05:00  INFO 59163 --- [           main] o.s.s.web.DefaultSecurityFilterChain     : Will secure any request with [org.springframework.security.web.session.DisableEncodeUrlFilter@12b79055, org.springframework.security.web.context.request.async.WebAsyncManagerIntegrationFilter@1cc771ae, org.springframework.security.web.context.SecurityContextHolderFilter@6b00587b, org.springframework.security.web.header.HeaderWriterFilter@25af233d, org.springframework.security.web.authentication.logout.LogoutFilter@33093469, com.innovatech.demo.Security.JWTAuthenticationFilter@7f36b021, org.springframework.security.web.savedrequest.RequestCacheAwareFilter@476e4bb0, org.springframework.security.web.servletapi.SecurityContextHolderAwareRequestFilter@154f5d37, org.springframework.security.web.authentication.AnonymousAuthenticationFilter@f6b85c3, org.springframework.security.web.session.SessionManagementFilter@1d6c69ff, org.springframework.security.web.access.ExceptionTranslationFilter@9d7d83d, org.springframework.security.web.access.intercept.AuthorizationFilter@12139db0]
2024-10-05T12:06:40.462-05:00  INFO 59163 --- [           main] o.s.b.w.embedded.tomcat.TomcatWebServer  : Tomcat started on port 8090 (http) with context path '/'
2024-10-05T12:06:40.476-05:00  INFO 59163 --- [           main] c.i.demo.PublicationControllerTest       : Started PublicationControllerTest in 5.052 seconds (process running for 6.053)
2024-10-05T12:06:40.510-05:00 DEBUG 59163 --- [           main] org.hibernate.SQL                        : insert into role (name,id) values (?,default)
2024-10-05T12:06:40.546-05:00 DEBUG 59163 --- [           main] org.hibernate.SQL                        : insert into role (name,id) values (?,default)
2024-10-05T12:06:40.547-05:00 DEBUG 59163 --- [           main] org.hibernate.SQL                        : insert into role (name,id) values (?,default)
2024-10-05T12:06:40.547-05:00 DEBUG 59163 --- [           main] org.hibernate.SQL                        : insert into role (name,id) values (?,default)
2024-10-05T12:06:40.548-05:00 DEBUG 59163 --- [           main] org.hibernate.SQL                        : insert into role (name,id) values (?,default)
2024-10-05T12:06:40.549-05:00 DEBUG 59163 --- [           main] org.hibernate.SQL                        : insert into role (name,id) values (?,default)
2024-10-05T12:06:40.549-05:00 DEBUG 59163 --- [           main] org.hibernate.SQL                        : insert into role (name,id) values (?,default)
2024-10-05T12:06:40.550-05:00 DEBUG 59163 --- [           main] org.hibernate.SQL                        : insert into role (name,id) values (?,default)
2024-10-05T12:06:40.551-05:00 DEBUG 59163 --- [           main] org.hibernate.SQL                        : insert into role (name,id) values (?,default)
2024-10-05T12:06:40.551-05:00 DEBUG 59163 --- [           main] org.hibernate.SQL                        : insert into role (name,id) values (?,default)
2024-10-05T12:06:40.626-05:00 DEBUG 59163 --- [           main] org.hibernate.SQL                        : select r1_0.id,r1_0.name from role r1_0 where r1_0.name=?
2024-10-05T12:06:40.792-05:00 DEBUG 59163 --- [           main] org.hibernate.SQL                        : insert into user_entity (administrative_employee_id,email,id_card,name,password,role_id,id) values (?,?,?,?,?,?,default)
2024-10-05T12:06:40.798-05:00 DEBUG 59163 --- [           main] org.hibernate.SQL                        : insert into administrative_employee (user_id,id) values (?,default)
2024-10-05T12:06:40.799-05:00 DEBUG 59163 --- [           main] org.hibernate.SQL                        : insert into functionality (description,name,id) values (?,?,default)
2024-10-05T12:06:40.800-05:00 DEBUG 59163 --- [           main] org.hibernate.SQL                        : insert into functionality (description,name,id) values (?,?,default)
2024-10-05T12:06:40.800-05:00 DEBUG 59163 --- [           main] org.hibernate.SQL                        : insert into functionality (description,name,id) values (?,?,default)
2024-10-05T12:06:40.801-05:00 DEBUG 59163 --- [           main] org.hibernate.SQL                        : insert into functionality (description,name,id) values (?,?,default)
2024-10-05T12:06:40.801-05:00 DEBUG 59163 --- [           main] org.hibernate.SQL                        : insert into functionality (description,name,id) values (?,?,default)
2024-10-05T12:06:40.802-05:00 DEBUG 59163 --- [           main] org.hibernate.SQL                        : insert into functionality (description,name,id) values (?,?,default)
2024-10-05T12:06:40.802-05:00 DEBUG 59163 --- [           main] org.hibernate.SQL                        : insert into functionality (description,name,id) values (?,?,default)
2024-10-05T12:06:40.803-05:00 DEBUG 59163 --- [           main] org.hibernate.SQL                        : insert into functionality (description,name,id) values (?,?,default)
2024-10-05T12:06:40.804-05:00 DEBUG 59163 --- [           main] org.hibernate.SQL                        : insert into functionality (description,name,id) values (?,?,default)
2024-10-05T12:06:40.804-05:00 DEBUG 59163 --- [           main] org.hibernate.SQL                        : insert into functionality (description,name,id) values (?,?,default)
2024-10-05T12:06:40.805-05:00 DEBUG 59163 --- [           main] org.hibernate.SQL                        : insert into plan (name,price,id) values (?,?,default)
2024-10-05T12:06:40.807-05:00 DEBUG 59163 --- [           main] org.hibernate.SQL                        : insert into plan_functionality (functionality_id,plan_id,id) values (?,?,default)
2024-10-05T12:06:40.808-05:00 DEBUG 59163 --- [           main] org.hibernate.SQL                        : insert into plan (name,price,id) values (?,?,default)
2024-10-05T12:06:40.808-05:00 DEBUG 59163 --- [           main] org.hibernate.SQL                        : insert into plan_functionality (functionality_id,plan_id,id) values (?,?,default)
2024-10-05T12:06:40.809-05:00 DEBUG 59163 --- [           main] org.hibernate.SQL                        : insert into plan_functionality (functionality_id,plan_id,id) values (?,?,default)
2024-10-05T12:06:40.810-05:00 DEBUG 59163 --- [           main] org.hibernate.SQL                        : insert into plan (name,price,id) values (?,?,default)
2024-10-05T12:06:40.810-05:00 DEBUG 59163 --- [           main] org.hibernate.SQL                        : insert into plan_functionality (functionality_id,plan_id,id) values (?,?,default)
2024-10-05T12:06:40.811-05:00 DEBUG 59163 --- [           main] org.hibernate.SQL                        : insert into plan_functionality (functionality_id,plan_id,id) values (?,?,default)
2024-10-05T12:06:40.811-05:00 DEBUG 59163 --- [           main] org.hibernate.SQL                        : insert into plan_functionality (functionality_id,plan_id,id) values (?,?,default)
2024-10-05T12:06:40.813-05:00 DEBUG 59163 --- [           main] org.hibernate.SQL                        : insert into event (costo_local,date,earnings,modality,name,place,quota,total_cost,id) values (?,?,?,?,?,?,?,?,default)
2024-10-05T12:06:40.815-05:00 DEBUG 59163 --- [           main] org.hibernate.SQL                        : insert into event (costo_local,date,earnings,modality,name,place,quota,total_cost,id) values (?,?,?,?,?,?,?,?,default)
2024-10-05T12:06:40.815-05:00 DEBUG 59163 --- [           main] org.hibernate.SQL                        : insert into event (costo_local,date,earnings,modality,name,place,quota,total_cost,id) values (?,?,?,?,?,?,?,?,default)
2024-10-05T12:06:40.816-05:00 DEBUG 59163 --- [           main] org.hibernate.SQL                        : insert into event (costo_local,date,earnings,modality,name,place,quota,total_cost,id) values (?,?,?,?,?,?,?,?,default)
2024-10-05T12:06:40.817-05:00 DEBUG 59163 --- [           main] org.hibernate.SQL                        : insert into event (costo_local,date,earnings,modality,name,place,quota,total_cost,id) values (?,?,?,?,?,?,?,?,default)
Uploading entrepreneurships
2024-10-05T12:06:40.818-05:00 DEBUG 59163 --- [           main] org.hibernate.SQL                        : insert into entrepreneurship (description,lastnames,logo,name,names,id) values (?,?,?,?,?,default)
2024-10-05T12:06:40.819-05:00 DEBUG 59163 --- [           main] org.hibernate.SQL                        : insert into entrepreneurship (description,lastnames,logo,name,names,id) values (?,?,?,?,?,default)
Uploading courses
2024-10-05T12:06:40.826-05:00 DEBUG 59163 --- [           main] org.hibernate.SQL                        : select e1_0.id,e1_0.description,e1_0.lastnames,e1_0.logo,e1_0.name,e1_0.names from entrepreneurship e1_0
2024-10-05T12:06:40.828-05:00 DEBUG 59163 --- [           main] org.hibernate.SQL                        : select next value for course_entrepreneurship_seq
2024-10-05T12:06:40.831-05:00 DEBUG 59163 --- [           main] org.hibernate.SQL                        : select next value for course_entrepreneurship_seq
2024-10-05T12:06:40.833-05:00 DEBUG 59163 --- [           main] org.hibernate.SQL                        : insert into course_entrepreneurship (course_id,entrepreneurship_id,puntaje,id) values (?,?,?,?)
2024-10-05T12:06:40.834-05:00 DEBUG 59163 --- [           main] org.hibernate.SQL                        : insert into course_entrepreneurship (course_id,entrepreneurship_id,puntaje,id) values (?,?,?,?)
2024-10-05T12:06:40.834-05:00 DEBUG 59163 --- [           main] org.hibernate.SQL                        : insert into course (date,description,link,modality,places,score,title,id) values (?,?,?,?,?,?,?,default)
2024-10-05T12:06:40.837-05:00 DEBUG 59163 --- [           main] org.hibernate.SQL                        : insert into course_entrepreneurship (course_id,entrepreneurship_id,puntaje,id) values (?,?,?,?)
2024-10-05T12:06:40.837-05:00 DEBUG 59163 --- [           main] org.hibernate.SQL                        : insert into course_entrepreneurship (course_id,entrepreneurship_id,puntaje,id) values (?,?,?,?)
2024-10-05T12:06:40.837-05:00 DEBUG 59163 --- [           main] org.hibernate.SQL                        : insert into course (date,description,link,modality,places,score,title,id) values (?,?,?,?,?,?,?,default)
all data uploaded
2024-10-05T12:06:40.843-05:00 DEBUG 59163 --- [           main] org.hibernate.SQL                        : update course_entrepreneurship set course_id=?,entrepreneurship_id=?,puntaje=? where id=?
2024-10-05T12:06:40.846-05:00 DEBUG 59163 --- [           main] org.hibernate.SQL                        : update course_entrepreneurship set course_id=?,entrepreneurship_id=?,puntaje=? where id=?
2024-10-05T12:06:40.847-05:00 DEBUG 59163 --- [           main] org.hibernate.SQL                        : update course_entrepreneurship set course_id=?,entrepreneurship_id=?,puntaje=? where id=?
2024-10-05T12:06:40.847-05:00 DEBUG 59163 --- [           main] org.hibernate.SQL                        : update course_entrepreneurship set course_id=?,entrepreneurship_id=?,puntaje=? where id=?
2024-10-05T12:06:40.879-05:00  INFO 59163 --- [           main] j.LocalContainerEntityManagerFactoryBean : Closing JPA EntityManagerFactory for persistence unit 'default'
2024-10-05T12:06:40.880-05:00 DEBUG 59163 --- [           main] org.hibernate.SQL                        : drop table if exists administrative_employee cascade 
2024-10-05T12:06:40.881-05:00 DEBUG 59163 --- [           main] org.hibernate.SQL                        : drop table if exists course cascade 
2024-10-05T12:06:40.882-05:00 DEBUG 59163 --- [           main] org.hibernate.SQL                        : drop table if exists course_entrepreneurship cascade 
2024-10-05T12:06:40.882-05:00 DEBUG 59163 --- [           main] org.hibernate.SQL                        : drop table if exists entrepreneurship cascade 
2024-10-05T12:06:40.882-05:00 DEBUG 59163 --- [           main] org.hibernate.SQL                        : drop table if exists entrepreneurship_event_registry cascade 
2024-10-05T12:06:40.883-05:00 DEBUG 59163 --- [           main] org.hibernate.SQL                        : drop table if exists event cascade 
2024-10-05T12:06:40.883-05:00 DEBUG 59163 --- [           main] org.hibernate.SQL                        : drop table if exists functionality cascade 
2024-10-05T12:06:40.884-05:00 DEBUG 59163 --- [           main] org.hibernate.SQL                        : drop table if exists plan cascade 
2024-10-05T12:06:40.885-05:00 DEBUG 59163 --- [           main] org.hibernate.SQL                        : drop table if exists plan_functionality cascade 
2024-10-05T12:06:40.885-05:00 DEBUG 59163 --- [           main] org.hibernate.SQL                        : drop table if exists publication cascade 
2024-10-05T12:06:40.885-05:00 DEBUG 59163 --- [           main] org.hibernate.SQL                        : drop table if exists role cascade 
2024-10-05T12:06:40.886-05:00 DEBUG 59163 --- [           main] org.hibernate.SQL                        : drop table if exists subscription cascade 
2024-10-05T12:06:40.886-05:00 DEBUG 59163 --- [           main] org.hibernate.SQL                        : drop table if exists user_entity cascade 
2024-10-05T12:06:40.887-05:00 DEBUG 59163 --- [           main] org.hibernate.SQL                        : drop sequence if exists course_entrepreneurship_seq
2024-10-05T12:06:40.889-05:00  INFO 59163 --- [           main] com.zaxxer.hikari.HikariDataSource       : HikariPool-1 - Shutdown initiated...
2024-10-05T12:06:40.942-05:00  INFO 59163 --- [           main] com.zaxxer.hikari.HikariDataSource       : HikariPool-1 - Shutdown completed.
2024-10-05T12:06:40.950-05:00  INFO 59163 --- [           main] o.s.b.d.r.RestartApplicationListener     : Restart disabled due to context in which it is running

  .   ____          _            __ _ _
 /\\ / ___'_ __ _ _(_)_ __  __ _ \ \ \ \
( ( )\___ | '_ | '_| | '_ \/ _` | \ \ \ \
 \\/  ___)| |_)| | | | | || (_| |  ) ) ) )
  '  |____| .__|_| |_|_| |_\__, | / / / /
 =========|_|==============|___/=/_/_/_/

 :: Spring Boot ::                (v3.3.4)

2024-10-05T12:06:40.974-05:00  INFO 59163 --- [           main] c.i.demo.PublicationControllerTest       : Starting PublicationControllerTest using Java 21.0.1 with PID 59163 (started by sophiaaristizabal in /Users/sophiaaristizabal/Documents/GitHub/back-admin/demo)
2024-10-05T12:06:40.974-05:00  INFO 59163 --- [           main] c.i.demo.PublicationControllerTest       : The following 1 profile is active: "test"
2024-10-05T12:06:41.173-05:00  INFO 59163 --- [           main] .s.d.r.c.RepositoryConfigurationDelegate : Bootstrapping Spring Data JPA repositories in DEFAULT mode.
2024-10-05T12:06:41.191-05:00  INFO 59163 --- [           main] .s.d.r.c.RepositoryConfigurationDelegate : Finished Spring Data repository scanning in 18 ms. Found 12 JPA repository interfaces.
2024-10-05T12:06:41.291-05:00  INFO 59163 --- [           main] o.s.b.w.embedded.tomcat.TomcatWebServer  : Tomcat initialized with port 8090 (http)
2024-10-05T12:06:41.292-05:00  INFO 59163 --- [           main] o.apache.catalina.core.StandardService   : Starting service [Tomcat]
2024-10-05T12:06:41.292-05:00  INFO 59163 --- [           main] o.apache.catalina.core.StandardEngine    : Starting Servlet engine: [Apache Tomcat/10.1.30]
2024-10-05T12:06:41.319-05:00  INFO 59163 --- [           main] o.a.c.c.C.[Tomcat].[localhost].[/]       : Initializing Spring embedded WebApplicationContext
2024-10-05T12:06:41.320-05:00  INFO 59163 --- [           main] w.s.c.ServletWebServerApplicationContext : Root WebApplicationContext: initialization completed in 345 ms
2024-10-05T12:06:41.340-05:00  INFO 59163 --- [           main] com.zaxxer.hikari.HikariDataSource       : HikariPool-2 - Starting...
2024-10-05T12:06:41.345-05:00  INFO 59163 --- [           main] com.zaxxer.hikari.pool.HikariPool        : HikariPool-2 - Added connection conn10: url=jdbc:h2:file:./mydatabase user=SA
2024-10-05T12:06:41.345-05:00  INFO 59163 --- [           main] com.zaxxer.hikari.HikariDataSource       : HikariPool-2 - Start completed.
2024-10-05T12:06:41.346-05:00  INFO 59163 --- [           main] o.s.b.a.h2.H2ConsoleAutoConfiguration    : H2 console available at '/h2'. Database available at 'jdbc:h2:file:./mydatabase'
2024-10-05T12:06:41.367-05:00  INFO 59163 --- [           main] o.hibernate.jpa.internal.util.LogHelper  : HHH000204: Processing PersistenceUnitInfo [name: default]
2024-10-05T12:06:41.369-05:00  INFO 59163 --- [           main] o.h.c.internal.RegionFactoryInitiator    : HHH000026: Second-level cache disabled
2024-10-05T12:06:41.375-05:00  INFO 59163 --- [           main] o.s.o.j.p.SpringPersistenceUnitInfo      : No LoadTimeWeaver setup: ignoring JPA class transformer
2024-10-05T12:06:41.376-05:00  WARN 59163 --- [           main] org.hibernate.orm.deprecation            : HHH90000025: H2Dialect does not need to be specified explicitly using 'hibernate.dialect' (remove the property setting and it will be selected by default)
2024-10-05T12:06:41.482-05:00  INFO 59163 --- [           main] o.h.m.i.EntityInstantiatorPojoStandard   : HHH000182: No default (no-argument) constructor for class: com.innovatech.demo.Entity.Subscription (class must be instantiated by Interceptor)
2024-10-05T12:06:41.554-05:00  INFO 59163 --- [           main] o.h.e.t.j.p.i.JtaPlatformInitiator       : HHH000489: No JTA platform available (set 'hibernate.transaction.jta.platform' to enable JTA platform integration)
2024-10-05T12:06:41.555-05:00 DEBUG 59163 --- [           main] org.hibernate.SQL                        : drop table if exists administrative_employee cascade 
2024-10-05T12:06:41.555-05:00 DEBUG 59163 --- [           main] org.hibernate.SQL                        : drop table if exists course cascade 
2024-10-05T12:06:41.555-05:00 DEBUG 59163 --- [           main] org.hibernate.SQL                        : drop table if exists course_entrepreneurship cascade 
2024-10-05T12:06:41.555-05:00 DEBUG 59163 --- [           main] org.hibernate.SQL                        : drop table if exists entrepreneurship cascade 
2024-10-05T12:06:41.555-05:00 DEBUG 59163 --- [           main] org.hibernate.SQL                        : drop table if exists entrepreneurship_event_registry cascade 
2024-10-05T12:06:41.555-05:00 DEBUG 59163 --- [           main] org.hibernate.SQL                        : drop table if exists event cascade 
2024-10-05T12:06:41.556-05:00 DEBUG 59163 --- [           main] org.hibernate.SQL                        : drop table if exists functionality cascade 
2024-10-05T12:06:41.556-05:00 DEBUG 59163 --- [           main] org.hibernate.SQL                        : drop table if exists plan cascade 
2024-10-05T12:06:41.556-05:00 DEBUG 59163 --- [           main] org.hibernate.SQL                        : drop table if exists plan_functionality cascade 
2024-10-05T12:06:41.556-05:00 DEBUG 59163 --- [           main] org.hibernate.SQL                        : drop table if exists publication cascade 
2024-10-05T12:06:41.556-05:00 DEBUG 59163 --- [           main] org.hibernate.SQL                        : drop table if exists role cascade 
2024-10-05T12:06:41.556-05:00 DEBUG 59163 --- [           main] org.hibernate.SQL                        : drop table if exists subscription cascade 
2024-10-05T12:06:41.556-05:00 DEBUG 59163 --- [           main] org.hibernate.SQL                        : drop table if exists user_entity cascade 
2024-10-05T12:06:41.557-05:00 DEBUG 59163 --- [           main] org.hibernate.SQL                        : drop sequence if exists course_entrepreneurship_seq
2024-10-05T12:06:41.557-05:00 DEBUG 59163 --- [           main] org.hibernate.SQL                        : create sequence course_entrepreneurship_seq start with 1 increment by 50
2024-10-05T12:06:41.557-05:00 DEBUG 59163 --- [           main] org.hibernate.SQL                        : create table administrative_employee (id bigint generated by default as identity, user_id bigint not null unique, primary key (id))
2024-10-05T12:06:41.559-05:00 DEBUG 59163 --- [           main] org.hibernate.SQL                        : create table course (places integer not null, score float(24), date timestamp(6) not null, id bigint generated by default as identity, description varchar(255) not null, link varchar(255) not null, title varchar(255) not null unique, modality VARCHAR(255) CHECK (modality IN ('virtual', 'presencial')) not null, primary key (id))
2024-10-05T12:06:41.560-05:00 DEBUG 59163 --- [           main] org.hibernate.SQL                        : create table course_entrepreneurship (puntaje integer not null, course_id bigint, entrepreneurship_id bigint, id bigint not null, primary key (id))
2024-10-05T12:06:41.560-05:00 DEBUG 59163 --- [           main] org.hibernate.SQL                        : create table entrepreneurship (id bigint generated by default as identity, description varchar(255), lastnames varchar(255), logo varchar(255), name varchar(255) not null unique, names varchar(255), primary key (id))
2024-10-05T12:06:41.561-05:00 DEBUG 59163 --- [           main] org.hibernate.SQL                        : create table entrepreneurship_event_registry (amount_paid float(53) not null, date timestamp(6) not null, id bigint generated by default as identity, id_event bigint not null, primary key (id))
2024-10-05T12:06:41.562-05:00 DEBUG 59163 --- [           main] org.hibernate.SQL                        : create table event (costo_local integer not null, earnings integer not null, quota integer, total_cost integer not null, id bigint generated by default as identity, date varchar(255) not null, modality varchar(255) not null, name varchar(255) not null, place varchar(255) not null, primary key (id))
2024-10-05T12:06:41.563-05:00 DEBUG 59163 --- [           main] org.hibernate.SQL                        : create table functionality (id bigint generated by default as identity, description varchar(255), name varchar(255), primary key (id))
2024-10-05T12:06:41.563-05:00 DEBUG 59163 --- [           main] org.hibernate.SQL                        : create table plan (price float(53), id bigint generated by default as identity, name varchar(255), primary key (id))
2024-10-05T12:06:41.564-05:00 DEBUG 59163 --- [           main] org.hibernate.SQL                        : create table plan_functionality (functionality_id bigint, id bigint generated by default as identity, plan_id bigint, primary key (id))
2024-10-05T12:06:41.564-05:00 DEBUG 59163 --- [           main] org.hibernate.SQL                        : create table publication (administrative_employee_id bigint, id bigint generated by default as identity, multimedia varchar(255) not null, title varchar(255) not null unique, primary key (id))
2024-10-05T12:06:41.565-05:00 DEBUG 59163 --- [           main] org.hibernate.SQL                        : create table role (id bigint generated by default as identity, name varchar(255) not null unique, primary key (id))
2024-10-05T12:06:41.566-05:00 DEBUG 59163 --- [           main] org.hibernate.SQL                        : create table subscription (amount float(53), expiration_date date, initial_date date, id bigint generated by default as identity, id_plan bigint not null, primary key (id))
2024-10-05T12:06:41.567-05:00 DEBUG 59163 --- [           main] org.hibernate.SQL                        : create table user_entity (id_card integer not null unique, administrative_employee_id bigint unique, id bigint generated by default as identity, role_id bigint not null, email varchar(255) not null unique, name varchar(255), password varchar(255) not null, primary key (id))
2024-10-05T12:06:41.568-05:00 DEBUG 59163 --- [           main] org.hibernate.SQL                        : alter table if exists administrative_employee add constraint FKo8v1usqwn3nxmiw2brinilg5p foreign key (user_id) references user_entity
2024-10-05T12:06:41.569-05:00 DEBUG 59163 --- [           main] org.hibernate.SQL                        : alter table if exists course_entrepreneurship add constraint FKc9944b6tjet15vigib9cbq4rc foreign key (course_id) references course
2024-10-05T12:06:41.570-05:00 DEBUG 59163 --- [           main] org.hibernate.SQL                        : alter table if exists course_entrepreneurship add constraint FK73b6ip3vqenl2xmk21s5fxutd foreign key (entrepreneurship_id) references entrepreneurship
2024-10-05T12:06:41.571-05:00 DEBUG 59163 --- [           main] org.hibernate.SQL                        : alter table if exists entrepreneurship_event_registry add constraint FKrljd4l23e5d5l8h9bt4cj3hl9 foreign key (id_event) references event
2024-10-05T12:06:41.572-05:00 DEBUG 59163 --- [           main] org.hibernate.SQL                        : alter table if exists plan_functionality add constraint FK3kckbmw1sgvafmqyn2mixhlem foreign key (functionality_id) references functionality
2024-10-05T12:06:41.573-05:00 DEBUG 59163 --- [           main] org.hibernate.SQL                        : alter table if exists plan_functionality add constraint FKf41bspsgwy5v5n2mym42ia1tk foreign key (plan_id) references plan
2024-10-05T12:06:41.574-05:00 DEBUG 59163 --- [           main] org.hibernate.SQL                        : alter table if exists publication add constraint FKofgtg1y0cv4nsqy9igqkjixnt foreign key (administrative_employee_id) references administrative_employee
2024-10-05T12:06:41.575-05:00 DEBUG 59163 --- [           main] org.hibernate.SQL                        : alter table if exists subscription add constraint FKqmcvpkvxw4md0eya9u1xv3d9c foreign key (id_plan) references plan
2024-10-05T12:06:41.575-05:00 DEBUG 59163 --- [           main] org.hibernate.SQL                        : alter table if exists user_entity add constraint FK7f0g0o0keoihj7qmpxp2blua3 foreign key (administrative_employee_id) references administrative_employee
2024-10-05T12:06:41.576-05:00 DEBUG 59163 --- [           main] org.hibernate.SQL                        : alter table if exists user_entity add constraint FKpostrnt7qdgc4m56i71qlkl61 foreign key (role_id) references role
2024-10-05T12:06:41.578-05:00  INFO 59163 --- [           main] j.LocalContainerEntityManagerFactoryBean : Initialized JPA EntityManagerFactory for persistence unit 'default'
2024-10-05T12:06:41.709-05:00  WARN 59163 --- [           main] JpaBaseConfiguration$JpaWebConfiguration : spring.jpa.open-in-view is enabled by default. Therefore, database queries may be performed during view rendering. Explicitly configure spring.jpa.open-in-view to disable this warning
2024-10-05T12:06:41.718-05:00  INFO 59163 --- [           main] o.s.s.web.DefaultSecurityFilterChain     : Will secure any request with [org.springframework.security.web.session.DisableEncodeUrlFilter@fe8c329, org.springframework.security.web.context.request.async.WebAsyncManagerIntegrationFilter@11742b29, org.springframework.security.web.context.SecurityContextHolderFilter@768a4fe, org.springframework.security.web.header.HeaderWriterFilter@235f56ff, org.springframework.security.web.authentication.logout.LogoutFilter@685edb96, com.innovatech.demo.Security.JWTAuthenticationFilter@6d2f808d, org.springframework.security.web.savedrequest.RequestCacheAwareFilter@2afdb2b1, org.springframework.security.web.servletapi.SecurityContextHolderAwareRequestFilter@734cf1bf, org.springframework.security.web.authentication.AnonymousAuthenticationFilter@32865c35, org.springframework.security.web.session.SessionManagementFilter@7da48c4c, org.springframework.security.web.access.ExceptionTranslationFilter@6bc8ce0c, org.springframework.security.web.access.intercept.AuthorizationFilter@3b24595e]
2024-10-05T12:06:41.861-05:00  INFO 59163 --- [           main] o.s.b.w.embedded.tomcat.TomcatWebServer  : Tomcat started on port 8090 (http) with context path '/'
2024-10-05T12:06:41.866-05:00  INFO 59163 --- [           main] c.i.demo.PublicationControllerTest       : Started PublicationControllerTest in 0.917 seconds (process running for 7.442)
2024-10-05T12:06:41.868-05:00 DEBUG 59163 --- [           main] org.hibernate.SQL                        : insert into role (name,id) values (?,default)
2024-10-05T12:06:41.870-05:00 DEBUG 59163 --- [           main] org.hibernate.SQL                        : insert into role (name,id) values (?,default)
2024-10-05T12:06:41.871-05:00 DEBUG 59163 --- [           main] org.hibernate.SQL                        : insert into role (name,id) values (?,default)
2024-10-05T12:06:41.871-05:00 DEBUG 59163 --- [           main] org.hibernate.SQL                        : insert into role (name,id) values (?,default)
2024-10-05T12:06:41.872-05:00 DEBUG 59163 --- [           main] org.hibernate.SQL                        : insert into role (name,id) values (?,default)
2024-10-05T12:06:41.872-05:00 DEBUG 59163 --- [           main] org.hibernate.SQL                        : insert into role (name,id) values (?,default)
2024-10-05T12:06:41.873-05:00 DEBUG 59163 --- [           main] org.hibernate.SQL                        : insert into role (name,id) values (?,default)
2024-10-05T12:06:41.874-05:00 DEBUG 59163 --- [           main] org.hibernate.SQL                        : insert into role (name,id) values (?,default)
2024-10-05T12:06:41.874-05:00 DEBUG 59163 --- [           main] org.hibernate.SQL                        : insert into role (name,id) values (?,default)
2024-10-05T12:06:41.875-05:00 DEBUG 59163 --- [           main] org.hibernate.SQL                        : insert into role (name,id) values (?,default)
2024-10-05T12:06:41.877-05:00 DEBUG 59163 --- [           main] org.hibernate.SQL                        : select r1_0.id,r1_0.name from role r1_0 where r1_0.name=?
2024-10-05T12:06:42.021-05:00 DEBUG 59163 --- [           main] org.hibernate.SQL                        : insert into user_entity (administrative_employee_id,email,id_card,name,password,role_id,id) values (?,?,?,?,?,?,default)
2024-10-05T12:06:42.023-05:00 DEBUG 59163 --- [           main] org.hibernate.SQL                        : insert into administrative_employee (user_id,id) values (?,default)
2024-10-05T12:06:42.024-05:00 DEBUG 59163 --- [           main] org.hibernate.SQL                        : insert into functionality (description,name,id) values (?,?,default)
2024-10-05T12:06:42.025-05:00 DEBUG 59163 --- [           main] org.hibernate.SQL                        : insert into functionality (description,name,id) values (?,?,default)
2024-10-05T12:06:42.025-05:00 DEBUG 59163 --- [           main] org.hibernate.SQL                        : insert into functionality (description,name,id) values (?,?,default)
2024-10-05T12:06:42.025-05:00 DEBUG 59163 --- [           main] org.hibernate.SQL                        : insert into functionality (description,name,id) values (?,?,default)
2024-10-05T12:06:42.026-05:00 DEBUG 59163 --- [           main] org.hibernate.SQL                        : insert into functionality (description,name,id) values (?,?,default)
2024-10-05T12:06:42.027-05:00 DEBUG 59163 --- [           main] org.hibernate.SQL                        : insert into functionality (description,name,id) values (?,?,default)
2024-10-05T12:06:42.027-05:00 DEBUG 59163 --- [           main] org.hibernate.SQL                        : insert into functionality (description,name,id) values (?,?,default)
2024-10-05T12:06:42.028-05:00 DEBUG 59163 --- [           main] org.hibernate.SQL                        : insert into functionality (description,name,id) values (?,?,default)
2024-10-05T12:06:42.029-05:00 DEBUG 59163 --- [           main] org.hibernate.SQL                        : insert into functionality (description,name,id) values (?,?,default)
2024-10-05T12:06:42.029-05:00 DEBUG 59163 --- [           main] org.hibernate.SQL                        : insert into functionality (description,name,id) values (?,?,default)
2024-10-05T12:06:42.030-05:00 DEBUG 59163 --- [           main] org.hibernate.SQL                        : insert into plan (name,price,id) values (?,?,default)
2024-10-05T12:06:42.031-05:00 DEBUG 59163 --- [           main] org.hibernate.SQL                        : insert into plan_functionality (functionality_id,plan_id,id) values (?,?,default)
2024-10-05T12:06:42.032-05:00 DEBUG 59163 --- [           main] org.hibernate.SQL                        : insert into plan (name,price,id) values (?,?,default)
2024-10-05T12:06:42.032-05:00 DEBUG 59163 --- [           main] org.hibernate.SQL                        : insert into plan_functionality (functionality_id,plan_id,id) values (?,?,default)
2024-10-05T12:06:42.033-05:00 DEBUG 59163 --- [           main] org.hibernate.SQL                        : insert into plan_functionality (functionality_id,plan_id,id) values (?,?,default)
2024-10-05T12:06:42.034-05:00 DEBUG 59163 --- [           main] org.hibernate.SQL                        : insert into plan (name,price,id) values (?,?,default)
2024-10-05T12:06:42.034-05:00 DEBUG 59163 --- [           main] org.hibernate.SQL                        : insert into plan_functionality (functionality_id,plan_id,id) values (?,?,default)
2024-10-05T12:06:42.035-05:00 DEBUG 59163 --- [           main] org.hibernate.SQL                        : insert into plan_functionality (functionality_id,plan_id,id) values (?,?,default)
2024-10-05T12:06:42.036-05:00 DEBUG 59163 --- [           main] org.hibernate.SQL                        : insert into plan_functionality (functionality_id,plan_id,id) values (?,?,default)
2024-10-05T12:06:42.037-05:00 DEBUG 59163 --- [           main] org.hibernate.SQL                        : insert into event (costo_local,date,earnings,modality,name,place,quota,total_cost,id) values (?,?,?,?,?,?,?,?,default)
2024-10-05T12:06:42.038-05:00 DEBUG 59163 --- [           main] org.hibernate.SQL                        : insert into event (costo_local,date,earnings,modality,name,place,quota,total_cost,id) values (?,?,?,?,?,?,?,?,default)
2024-10-05T12:06:42.040-05:00 DEBUG 59163 --- [           main] org.hibernate.SQL                        : insert into event (costo_local,date,earnings,modality,name,place,quota,total_cost,id) values (?,?,?,?,?,?,?,?,default)
2024-10-05T12:06:42.042-05:00 DEBUG 59163 --- [           main] org.hibernate.SQL                        : insert into event (costo_local,date,earnings,modality,name,place,quota,total_cost,id) values (?,?,?,?,?,?,?,?,default)
2024-10-05T12:06:42.043-05:00 DEBUG 59163 --- [           main] org.hibernate.SQL                        : insert into event (costo_local,date,earnings,modality,name,place,quota,total_cost,id) values (?,?,?,?,?,?,?,?,default)
Uploading entrepreneurships
2024-10-05T12:06:42.044-05:00 DEBUG 59163 --- [           main] org.hibernate.SQL                        : insert into entrepreneurship (description,lastnames,logo,name,names,id) values (?,?,?,?,?,default)
2024-10-05T12:06:42.045-05:00 DEBUG 59163 --- [           main] org.hibernate.SQL                        : insert into entrepreneurship (description,lastnames,logo,name,names,id) values (?,?,?,?,?,default)
Uploading courses
2024-10-05T12:06:42.048-05:00 DEBUG 59163 --- [           main] org.hibernate.SQL                        : select e1_0.id,e1_0.description,e1_0.lastnames,e1_0.logo,e1_0.name,e1_0.names from entrepreneurship e1_0
2024-10-05T12:06:42.050-05:00 DEBUG 59163 --- [           main] org.hibernate.SQL                        : select next value for course_entrepreneurship_seq
2024-10-05T12:06:42.050-05:00 DEBUG 59163 --- [           main] org.hibernate.SQL                        : select next value for course_entrepreneurship_seq
2024-10-05T12:06:42.051-05:00 DEBUG 59163 --- [           main] org.hibernate.SQL                        : insert into course_entrepreneurship (course_id,entrepreneurship_id,puntaje,id) values (?,?,?,?)
2024-10-05T12:06:42.052-05:00 DEBUG 59163 --- [           main] org.hibernate.SQL                        : insert into course_entrepreneurship (course_id,entrepreneurship_id,puntaje,id) values (?,?,?,?)
2024-10-05T12:06:42.052-05:00 DEBUG 59163 --- [           main] org.hibernate.SQL                        : insert into course (date,description,link,modality,places,score,title,id) values (?,?,?,?,?,?,?,default)
2024-10-05T12:06:42.053-05:00 DEBUG 59163 --- [           main] org.hibernate.SQL                        : insert into course_entrepreneurship (course_id,entrepreneurship_id,puntaje,id) values (?,?,?,?)
2024-10-05T12:06:42.053-05:00 DEBUG 59163 --- [           main] org.hibernate.SQL                        : insert into course_entrepreneurship (course_id,entrepreneurship_id,puntaje,id) values (?,?,?,?)
2024-10-05T12:06:42.054-05:00 DEBUG 59163 --- [           main] org.hibernate.SQL                        : insert into course (date,description,link,modality,places,score,title,id) values (?,?,?,?,?,?,?,default)
all data uploaded
2024-10-05T12:06:42.055-05:00 DEBUG 59163 --- [           main] org.hibernate.SQL                        : update course_entrepreneurship set course_id=?,entrepreneurship_id=?,puntaje=? where id=?
2024-10-05T12:06:42.056-05:00 DEBUG 59163 --- [           main] org.hibernate.SQL                        : update course_entrepreneurship set course_id=?,entrepreneurship_id=?,puntaje=? where id=?
2024-10-05T12:06:42.056-05:00 DEBUG 59163 --- [           main] org.hibernate.SQL                        : update course_entrepreneurship set course_id=?,entrepreneurship_id=?,puntaje=? where id=?
2024-10-05T12:06:42.057-05:00 DEBUG 59163 --- [           main] org.hibernate.SQL                        : update course_entrepreneurship set course_id=?,entrepreneurship_id=?,puntaje=? where id=?
2024-10-05T12:06:42.558-05:00  INFO 59163 --- [nio-8090-exec-1] o.a.c.c.C.[Tomcat].[localhost].[/]       : Initializing Spring DispatcherServlet 'dispatcherServlet'
2024-10-05T12:06:42.558-05:00  INFO 59163 --- [nio-8090-exec-1] o.s.web.servlet.DispatcherServlet        : Initializing Servlet 'dispatcherServlet'
2024-10-05T12:06:42.559-05:00  INFO 59163 --- [nio-8090-exec-1] o.s.web.servlet.DispatcherServlet        : Completed initialization in 1 ms
2024-10-05T12:06:42.728-05:00 DEBUG 59163 --- [nio-8090-exec-1] org.hibernate.SQL                        : select ue1_0.id,ue1_0.administrative_employee_id,ue1_0.email,ue1_0.id_card,ue1_0.name,ue1_0.password,ue1_0.role_id from user_entity ue1_0 where ue1_0.email=?
2024-10-05T12:06:42.733-05:00 DEBUG 59163 --- [nio-8090-exec-1] org.hibernate.SQL                        : select r1_0.id,r1_0.name from role r1_0 where r1_0.id=?
2024-10-05T12:06:42.878-05:00 DEBUG 59163 --- [nio-8090-exec-1] org.hibernate.SQL                        : select ue1_0.id,ue1_0.administrative_employee_id,ue1_0.email,ue1_0.id_card,ue1_0.name,ue1_0.password,ue1_0.role_id from user_entity ue1_0 where ue1_0.email=?
2024-10-05T12:06:42.892-05:00 DEBUG 59163 --- [           main] org.hibernate.SQL                        : select ae1_0.id,ae1_0.user_id from administrative_employee ae1_0 where ae1_0.id=?
2024-10-05T12:06:42.895-05:00 DEBUG 59163 --- [           main] org.hibernate.SQL                        : insert into publication (administrative_employee_id,multimedia,title,id) values (?,?,?,default)
2024-10-05T12:06:42.899-05:00 DEBUG 59163 --- [           main] org.hibernate.SQL                        : select b1_0.id,ae1_0.id,ae1_0.user_id,u1_0.id,ae2_0.id,ae2_0.user_id,u1_0.email,u1_0.id_card,u1_0.name,u1_0.password,u1_0.role_id,r1_0.id,r1_0.name,b1_0.multimedia,b1_0.title from publication b1_0 left join administrative_employee ae1_0 on ae1_0.id=b1_0.administrative_employee_id left join user_entity u1_0 on u1_0.id=ae1_0.user_id left join administrative_employee ae2_0 on ae2_0.id=u1_0.administrative_employee_id left join role r1_0 on r1_0.id=u1_0.role_id where b1_0.id=?
2024-10-05T12:06:42.902-05:00 DEBUG 59163 --- [           main] org.hibernate.SQL                        : select u1_0.role_id,u1_0.id,ae1_0.id,ae1_0.user_id,u1_0.email,u1_0.id_card,u1_0.name,u1_0.password from user_entity u1_0 left join administrative_employee ae1_0 on ae1_0.id=u1_0.administrative_employee_id where u1_0.role_id=?
2024-10-05T12:06:42.904-05:00 DEBUG 59163 --- [           main] org.hibernate.SQL                        : update publication set administrative_employee_id=?,multimedia=?,title=? where id=?
2024-10-05T12:06:42.948-05:00 DEBUG 59163 --- [nio-8090-exec-2] org.hibernate.SQL                        : select ue1_0.id,ue1_0.administrative_employee_id,ue1_0.email,ue1_0.id_card,ue1_0.name,ue1_0.password,ue1_0.role_id from user_entity ue1_0 where ue1_0.email=?
2024-10-05T12:06:42.949-05:00 DEBUG 59163 --- [nio-8090-exec-2] org.hibernate.SQL                        : select r1_0.id,r1_0.name from role r1_0 where r1_0.id=?
2024-10-05T12:06:42.951-05:00 DEBUG 59163 --- [nio-8090-exec-2] org.hibernate.SQL                        : select ue1_0.id,ue1_0.administrative_employee_id,ue1_0.email,ue1_0.id_card,ue1_0.name,ue1_0.password,ue1_0.role_id from user_entity ue1_0 where ue1_0.email=?
2024-10-05T12:06:42.951-05:00 DEBUG 59163 --- [nio-8090-exec-2] org.hibernate.SQL                        : select r1_0.id,r1_0.name from role r1_0 where r1_0.id=?
2024-10-05T12:06:43.076-05:00 DEBUG 59163 --- [nio-8090-exec-2] org.hibernate.SQL                        : select ue1_0.id,ue1_0.administrative_employee_id,ue1_0.email,ue1_0.id_card,ue1_0.name,ue1_0.password,ue1_0.role_id from user_entity ue1_0 where ue1_0.email=?
2024-10-05T12:06:43.083-05:00 DEBUG 59163 --- [nio-8090-exec-3] org.hibernate.SQL                        : select ue1_0.id,ue1_0.administrative_employee_id,ue1_0.email,ue1_0.id_card,ue1_0.name,ue1_0.password,ue1_0.role_id from user_entity ue1_0 where ue1_0.email=?
2024-10-05T12:06:43.084-05:00 DEBUG 59163 --- [nio-8090-exec-3] org.hibernate.SQL                        : select r1_0.id,r1_0.name from role r1_0 where r1_0.id=?
2024-10-05T12:06:43.088-05:00 DEBUG 59163 --- [nio-8090-exec-3] org.hibernate.SQL                        : select b1_0.id,b1_0.administrative_employee_id,b1_0.multimedia,b1_0.title from publication b1_0 offset ? rows fetch first ? rows only
2024-10-05T12:06:43.089-05:00 DEBUG 59163 --- [nio-8090-exec-3] org.hibernate.SQL                        : select ae1_0.id,ae1_0.user_id from administrative_employee ae1_0 where ae1_0.id=?
2024-10-05T12:06:43.340-05:00 DEBUG 59163 --- [nio-8090-exec-4] org.hibernate.SQL                        : select ue1_0.id,ue1_0.administrative_employee_id,ue1_0.email,ue1_0.id_card,ue1_0.name,ue1_0.password,ue1_0.role_id from user_entity ue1_0 where ue1_0.email=?
2024-10-05T12:06:43.340-05:00 DEBUG 59163 --- [nio-8090-exec-4] org.hibernate.SQL                        : select r1_0.id,r1_0.name from role r1_0 where r1_0.id=?
2024-10-05T12:06:43.343-05:00 DEBUG 59163 --- [nio-8090-exec-4] org.hibernate.SQL                        : select b1_0.id,b1_0.administrative_employee_id,b1_0.multimedia,b1_0.title from publication b1_0 offset ? rows fetch first ? rows only
2024-10-05T12:06:43.344-05:00 DEBUG 59163 --- [nio-8090-exec-4] org.hibernate.SQL                        : select ae1_0.id,ae1_0.user_id from administrative_employee ae1_0 where ae1_0.id=?
]]></system-out>
    <system-err><![CDATA[WARNING: A Java agent has been loaded dynamically (/Users/sophiaaristizabal/.m2/repository/net/bytebuddy/byte-buddy-agent/1.14.19/byte-buddy-agent-1.14.19.jar)
WARNING: If a serviceability tool is in use, please run with -XX:+EnableDynamicAgentLoading to hide this warning
WARNING: If a serviceability tool is not in use, please run with -Djdk.instrument.traceUsage for more information
WARNING: Dynamic loading of agents will be disallowed by default in a future release
eyJhbGciOiJIUzUxMiJ9.eyJzdWIiOiJhZG1pbkBleGFtcGxlLmNvbSIsImlhdCI6MTcyODE0ODAwMiwiZXhwIjoxNzI4MTU1MDAyfQ.HIJseiVVcYI-VMzLmwDloNpY4BvS-KSEjKNu-S6BsxLcBm4RAHFBkBSKjVODufa1qrd_K87l3MbBFPt8UNgXxA
eyJhbGciOiJIUzUxMiJ9.eyJzdWIiOiJhZG1pbkBleGFtcGxlLmNvbSIsImlhdCI6MTcyODE0ODAwMywiZXhwIjoxNzI4MTU1MDAzfQ._3IjO_A4qwR1XRbyEuCkhtFx2q-3pPTAQvLJpb0EXikBwDXOtBphbS_e5l31kk92n2-4-x4UKBsezuD11DDLMg
unicornio status 200 OK
unicornio header [Content-Type:"application/json", Authorization:"Bearer eyJhbGciOiJIUzUxMiJ9.eyJzdWIiOiJhZG1pbkBleGFtcGxlLmNvbSIsImlhdCI6MTcyODE0ODAwMywiZXhwIjoxNzI4MTU1MDAzfQ._3IjO_A4qwR1XRbyEuCkhtFx2q-3pPTAQvLJpb0EXikBwDXOtBphbS_e5l31kk92n2-4-x4UKBsezuD11DDLMg"]
]]></system-err>
  </testcase>
</testsuite>