<?xml version="1.0" encoding="UTF-8"?>
<testsuite xmlns:xsi="http://www.w3.org/2001/XMLSchema-instance" xsi:noNamespaceSchemaLocation="https://maven.apache.org/surefire/maven-surefire-plugin/xsd/surefire-test-report-3.0.xsd" version="3.0" name="com.innovatech.demo.PublicationControllerTest" time="14.781" tests="6" errors="0" skipped="0" failures="1">
  <properties>
[...]
</properties>
  <testcase name="testGetABanner" classname="com.innovatech.demo.PublicationControllerTest" time="2.11">
    <system-out><![CDATA[00:46:53.429 [main] INFO org.springframework.test.context.support.AnnotationConfigContextLoaderUtils -- Could not detect default configuration classes for test class [com.innovatech.demo.PublicationControllerTest]: PublicationControllerTest does not declare any static, non-private, non-final, nested classes annotated with @Configuration.
00:46:53.524 [main] INFO org.springframework.boot.test.context.SpringBootTestContextBootstrapper -- Found @SpringBootConfiguration com.innovatech.demo.DemoApplication for test class com.innovatech.demo.PublicationControllerTest
00:46:53.651 [main] INFO org.springframework.boot.devtools.restart.RestartApplicationListener -- Restart disabled due to context in which it is running

  .   ____          _            __ _ _
 /\\ / ___'_ __ _ _(_)_ __  __ _ \ \ \ \
( ( )\___ | '_ | '_| | '_ \/ _` | \ \ \ \
 \\/  ___)| |_)| | | | | || (_| |  ) ) ) )
  '  |____| .__|_| |_|_| |_\__, | / / / /
 =========|_|==============|___/=/_/_/_/

 :: Spring Boot ::                (v3.3.4)

2024-10-05T00:46:53.888-05:00  INFO 21592 --- [           main] c.i.demo.PublicationControllerTest       : Starting PublicationControllerTest using Java 21.0.1 with PID 21592 (started by sophiaaristizabal in /Users/sophiaaristizabal/Documents/GitHub/back-admin/demo)
2024-10-05T00:46:53.889-05:00  INFO 21592 --- [           main] c.i.demo.PublicationControllerTest       : The following 1 profile is active: "test"
2024-10-05T00:46:54.693-05:00  INFO 21592 --- [           main] .s.d.r.c.RepositoryConfigurationDelegate : Bootstrapping Spring Data JPA repositories in DEFAULT mode.
2024-10-05T00:46:54.755-05:00  INFO 21592 --- [           main] .s.d.r.c.RepositoryConfigurationDelegate : Finished Spring Data repository scanning in 56 ms. Found 12 JPA repository interfaces.
2024-10-05T00:46:55.385-05:00  INFO 21592 --- [           main] o.s.b.w.embedded.tomcat.TomcatWebServer  : Tomcat initialized with port 8090 (http)
2024-10-05T00:46:55.399-05:00  INFO 21592 --- [           main] o.apache.catalina.core.StandardService   : Starting service [Tomcat]
2024-10-05T00:46:55.399-05:00  INFO 21592 --- [           main] o.apache.catalina.core.StandardEngine    : Starting Servlet engine: [Apache Tomcat/10.1.30]
2024-10-05T00:46:55.451-05:00  INFO 21592 --- [           main] o.a.c.c.C.[Tomcat].[localhost].[/]       : Initializing Spring embedded WebApplicationContext
2024-10-05T00:46:55.452-05:00  INFO 21592 --- [           main] w.s.c.ServletWebServerApplicationContext : Root WebApplicationContext: initialization completed in 1545 ms
2024-10-05T00:46:55.503-05:00  INFO 21592 --- [           main] com.zaxxer.hikari.HikariDataSource       : HikariPool-1 - Starting...
2024-10-05T00:46:55.863-05:00  INFO 21592 --- [           main] com.zaxxer.hikari.pool.HikariPool        : HikariPool-1 - Added connection conn0: url=jdbc:h2:file:./mydatabase user=SA
2024-10-05T00:46:55.864-05:00  INFO 21592 --- [           main] com.zaxxer.hikari.HikariDataSource       : HikariPool-1 - Start completed.
2024-10-05T00:46:55.877-05:00  INFO 21592 --- [           main] o.s.b.a.h2.H2ConsoleAutoConfiguration    : H2 console available at '/h2'. Database available at 'jdbc:h2:file:./mydatabase'
2024-10-05T00:46:56.018-05:00  INFO 21592 --- [           main] o.hibernate.jpa.internal.util.LogHelper  : HHH000204: Processing PersistenceUnitInfo [name: default]
2024-10-05T00:46:56.059-05:00  INFO 21592 --- [           main] org.hibernate.Version                    : HHH000412: Hibernate ORM core version 6.5.3.Final
2024-10-05T00:46:56.090-05:00  INFO 21592 --- [           main] o.h.c.internal.RegionFactoryInitiator    : HHH000026: Second-level cache disabled
2024-10-05T00:46:56.384-05:00  INFO 21592 --- [           main] o.s.o.j.p.SpringPersistenceUnitInfo      : No LoadTimeWeaver setup: ignoring JPA class transformer
2024-10-05T00:46:56.419-05:00  WARN 21592 --- [           main] org.hibernate.orm.deprecation            : HHH90000025: H2Dialect does not need to be specified explicitly using 'hibernate.dialect' (remove the property setting and it will be selected by default)
2024-10-05T00:46:57.145-05:00  INFO 21592 --- [           main] o.h.m.i.EntityInstantiatorPojoStandard   : HHH000182: No default (no-argument) constructor for class: com.innovatech.demo.Entity.Subscription (class must be instantiated by Interceptor)
2024-10-05T00:46:57.337-05:00  INFO 21592 --- [           main] o.h.e.t.j.p.i.JtaPlatformInitiator       : HHH000489: No JTA platform available (set 'hibernate.transaction.jta.platform' to enable JTA platform integration)
2024-10-05T00:46:57.346-05:00 DEBUG 21592 --- [           main] org.hibernate.SQL                        : drop table if exists administrative_employee cascade 
2024-10-05T00:46:57.351-05:00 DEBUG 21592 --- [           main] org.hibernate.SQL                        : drop table if exists course cascade 
2024-10-05T00:46:57.352-05:00 DEBUG 21592 --- [           main] org.hibernate.SQL                        : drop table if exists course_entrepreneurship cascade 
2024-10-05T00:46:57.353-05:00 DEBUG 21592 --- [           main] org.hibernate.SQL                        : drop table if exists entrepreneurship cascade 
2024-10-05T00:46:57.354-05:00 DEBUG 21592 --- [           main] org.hibernate.SQL                        : drop table if exists entrepreneurship_event_registry cascade 
2024-10-05T00:46:57.354-05:00 DEBUG 21592 --- [           main] org.hibernate.SQL                        : drop table if exists event cascade 
2024-10-05T00:46:57.355-05:00 DEBUG 21592 --- [           main] org.hibernate.SQL                        : drop table if exists functionality cascade 
2024-10-05T00:46:57.356-05:00 DEBUG 21592 --- [           main] org.hibernate.SQL                        : drop table if exists plan cascade 
2024-10-05T00:46:57.356-05:00 DEBUG 21592 --- [           main] org.hibernate.SQL                        : drop table if exists plan_functionality cascade 
2024-10-05T00:46:57.357-05:00 DEBUG 21592 --- [           main] org.hibernate.SQL                        : drop table if exists publication cascade 
2024-10-05T00:46:57.358-05:00 DEBUG 21592 --- [           main] org.hibernate.SQL                        : drop table if exists role cascade 
2024-10-05T00:46:57.358-05:00 DEBUG 21592 --- [           main] org.hibernate.SQL                        : drop table if exists subscription cascade 
2024-10-05T00:46:57.359-05:00 DEBUG 21592 --- [           main] org.hibernate.SQL                        : drop table if exists user_entity cascade 
2024-10-05T00:46:57.360-05:00 DEBUG 21592 --- [           main] org.hibernate.SQL                        : drop sequence if exists course_entrepreneurship_seq
2024-10-05T00:46:57.364-05:00 DEBUG 21592 --- [           main] org.hibernate.SQL                        : create sequence course_entrepreneurship_seq start with 1 increment by 50
2024-10-05T00:46:57.366-05:00 DEBUG 21592 --- [           main] org.hibernate.SQL                        : create table administrative_employee (id bigint generated by default as identity, user_id bigint not null unique, primary key (id))
2024-10-05T00:46:57.369-05:00 DEBUG 21592 --- [           main] org.hibernate.SQL                        : create table course (places integer not null, score float(24), date timestamp(6) not null, id bigint generated by default as identity, description varchar(255) not null, link varchar(255) not null, title varchar(255) not null unique, modality VARCHAR(255) CHECK (modality IN ('virtual', 'presencial')) not null, primary key (id))
2024-10-05T00:46:57.370-05:00 DEBUG 21592 --- [           main] org.hibernate.SQL                        : create table course_entrepreneurship (puntaje integer not null, course_id bigint, entrepreneurship_id bigint, id bigint not null, primary key (id))
2024-10-05T00:46:57.371-05:00 DEBUG 21592 --- [           main] org.hibernate.SQL                        : create table entrepreneurship (id bigint generated by default as identity, description varchar(255), lastnames varchar(255), logo varchar(255), name varchar(255) not null unique, names varchar(255), primary key (id))
2024-10-05T00:46:57.372-05:00 DEBUG 21592 --- [           main] org.hibernate.SQL                        : create table entrepreneurship_event_registry (amount_paid float(53) not null, date timestamp(6) not null, id bigint generated by default as identity, id_event bigint not null, primary key (id))
2024-10-05T00:46:57.373-05:00 DEBUG 21592 --- [           main] org.hibernate.SQL                        : create table event (costo_local integer not null, earnings integer not null, quota integer, total_cost integer not null, id bigint generated by default as identity, date varchar(255) not null, modality varchar(255) not null, name varchar(255) not null, place varchar(255) not null, primary key (id))
2024-10-05T00:46:57.374-05:00 DEBUG 21592 --- [           main] org.hibernate.SQL                        : create table functionality (id bigint generated by default as identity, description varchar(255), name varchar(255), primary key (id))
2024-10-05T00:46:57.375-05:00 DEBUG 21592 --- [           main] org.hibernate.SQL                        : create table plan (price float(53), id bigint generated by default as identity, name varchar(255), primary key (id))
2024-10-05T00:46:57.376-05:00 DEBUG 21592 --- [           main] org.hibernate.SQL                        : create table plan_functionality (functionality_id bigint, id bigint generated by default as identity, plan_id bigint, primary key (id))
2024-10-05T00:46:57.377-05:00 DEBUG 21592 --- [           main] org.hibernate.SQL                        : create table publication (administrative_employee_id bigint, id bigint generated by default as identity, multimedia varchar(255) not null, title varchar(255) not null unique, primary key (id))
2024-10-05T00:46:57.378-05:00 DEBUG 21592 --- [           main] org.hibernate.SQL                        : create table role (id bigint generated by default as identity, name varchar(255) not null unique, primary key (id))
2024-10-05T00:46:57.382-05:00 DEBUG 21592 --- [           main] org.hibernate.SQL                        : create table subscription (amount float(53), expiration_date date, initial_date date, id bigint generated by default as identity, id_plan bigint not null, primary key (id))
2024-10-05T00:46:57.383-05:00 DEBUG 21592 --- [           main] org.hibernate.SQL                        : create table user_entity (id_card integer not null unique, administrative_employee_id bigint unique, id bigint generated by default as identity, role_id bigint not null, email varchar(255) not null unique, name varchar(255), password varchar(255) not null, primary key (id))
2024-10-05T00:46:57.384-05:00 DEBUG 21592 --- [           main] org.hibernate.SQL                        : alter table if exists administrative_employee add constraint FKo8v1usqwn3nxmiw2brinilg5p foreign key (user_id) references user_entity
2024-10-05T00:46:57.392-05:00 DEBUG 21592 --- [           main] org.hibernate.SQL                        : alter table if exists course_entrepreneurship add constraint FKc9944b6tjet15vigib9cbq4rc foreign key (course_id) references course
2024-10-05T00:46:57.394-05:00 DEBUG 21592 --- [           main] org.hibernate.SQL                        : alter table if exists course_entrepreneurship add constraint FK73b6ip3vqenl2xmk21s5fxutd foreign key (entrepreneurship_id) references entrepreneurship
2024-10-05T00:46:57.395-05:00 DEBUG 21592 --- [           main] org.hibernate.SQL                        : alter table if exists entrepreneurship_event_registry add constraint FKrljd4l23e5d5l8h9bt4cj3hl9 foreign key (id_event) references event
2024-10-05T00:46:57.397-05:00 DEBUG 21592 --- [           main] org.hibernate.SQL                        : alter table if exists plan_functionality add constraint FK3kckbmw1sgvafmqyn2mixhlem foreign key (functionality_id) references functionality
2024-10-05T00:46:57.398-05:00 DEBUG 21592 --- [           main] org.hibernate.SQL                        : alter table if exists plan_functionality add constraint FKf41bspsgwy5v5n2mym42ia1tk foreign key (plan_id) references plan
2024-10-05T00:46:57.399-05:00 DEBUG 21592 --- [           main] org.hibernate.SQL                        : alter table if exists publication add constraint FKofgtg1y0cv4nsqy9igqkjixnt foreign key (administrative_employee_id) references administrative_employee
2024-10-05T00:46:57.400-05:00 DEBUG 21592 --- [           main] org.hibernate.SQL                        : alter table if exists subscription add constraint FKqmcvpkvxw4md0eya9u1xv3d9c foreign key (id_plan) references plan
2024-10-05T00:46:57.401-05:00 DEBUG 21592 --- [           main] org.hibernate.SQL                        : alter table if exists user_entity add constraint FK7f0g0o0keoihj7qmpxp2blua3 foreign key (administrative_employee_id) references administrative_employee
2024-10-05T00:46:57.402-05:00 DEBUG 21592 --- [           main] org.hibernate.SQL                        : alter table if exists user_entity add constraint FKpostrnt7qdgc4m56i71qlkl61 foreign key (role_id) references role
2024-10-05T00:46:57.405-05:00  INFO 21592 --- [           main] j.LocalContainerEntityManagerFactoryBean : Initialized JPA EntityManagerFactory for persistence unit 'default'
2024-10-05T00:46:57.649-05:00  INFO 21592 --- [           main] o.s.d.j.r.query.QueryEnhancerFactory     : Hibernate is in classpath; If applicable, HQL parser will be used.
2024-10-05T00:46:58.643-05:00  WARN 21592 --- [           main] JpaBaseConfiguration$JpaWebConfiguration : spring.jpa.open-in-view is enabled by default. Therefore, database queries may be performed during view rendering. Explicitly configure spring.jpa.open-in-view to disable this warning
2024-10-05T00:46:58.731-05:00  INFO 21592 --- [           main] o.s.s.web.DefaultSecurityFilterChain     : Will secure any request with [org.springframework.security.web.session.DisableEncodeUrlFilter@15ddf775, org.springframework.security.web.context.request.async.WebAsyncManagerIntegrationFilter@476e4bb0, org.springframework.security.web.context.SecurityContextHolderFilter@78605670, org.springframework.security.web.header.HeaderWriterFilter@61874f5d, org.springframework.security.web.authentication.logout.LogoutFilter@68754439, com.innovatech.demo.Security.JWTAuthenticationFilter@6508e82, org.springframework.security.web.savedrequest.RequestCacheAwareFilter@5d05bb29, org.springframework.security.web.servletapi.SecurityContextHolderAwareRequestFilter@7f83cc90, org.springframework.security.web.authentication.AnonymousAuthenticationFilter@337fd6a1, org.springframework.security.web.session.SessionManagementFilter@793c2cde, org.springframework.security.web.access.ExceptionTranslationFilter@763b279, org.springframework.security.web.access.intercept.AuthorizationFilter@34dcd7a1]
2024-10-05T00:46:59.308-05:00  INFO 21592 --- [           main] o.s.b.w.embedded.tomcat.TomcatWebServer  : Tomcat started on port 8090 (http) with context path '/'
2024-10-05T00:46:59.322-05:00  INFO 21592 --- [           main] c.i.demo.PublicationControllerTest       : Started PublicationControllerTest in 5.68 seconds (process running for 6.427)
2024-10-05T00:46:59.362-05:00 DEBUG 21592 --- [           main] org.hibernate.SQL                        : insert into role (name,id) values (?,default)
2024-10-05T00:46:59.412-05:00 DEBUG 21592 --- [           main] org.hibernate.SQL                        : insert into role (name,id) values (?,default)
2024-10-05T00:46:59.415-05:00 DEBUG 21592 --- [           main] org.hibernate.SQL                        : insert into role (name,id) values (?,default)
2024-10-05T00:46:59.416-05:00 DEBUG 21592 --- [           main] org.hibernate.SQL                        : insert into role (name,id) values (?,default)
2024-10-05T00:46:59.416-05:00 DEBUG 21592 --- [           main] org.hibernate.SQL                        : insert into role (name,id) values (?,default)
2024-10-05T00:46:59.417-05:00 DEBUG 21592 --- [           main] org.hibernate.SQL                        : insert into role (name,id) values (?,default)
2024-10-05T00:46:59.418-05:00 DEBUG 21592 --- [           main] org.hibernate.SQL                        : insert into role (name,id) values (?,default)
2024-10-05T00:46:59.418-05:00 DEBUG 21592 --- [           main] org.hibernate.SQL                        : insert into role (name,id) values (?,default)
2024-10-05T00:46:59.419-05:00 DEBUG 21592 --- [           main] org.hibernate.SQL                        : insert into role (name,id) values (?,default)
2024-10-05T00:46:59.421-05:00 DEBUG 21592 --- [           main] org.hibernate.SQL                        : insert into role (name,id) values (?,default)
2024-10-05T00:46:59.496-05:00 DEBUG 21592 --- [           main] org.hibernate.SQL                        : select r1_0.id,r1_0.name from role r1_0 where r1_0.name=?
2024-10-05T00:46:59.675-05:00 DEBUG 21592 --- [           main] org.hibernate.SQL                        : insert into user_entity (administrative_employee_id,email,id_card,name,password,role_id,id) values (?,?,?,?,?,?,default)
2024-10-05T00:46:59.680-05:00 DEBUG 21592 --- [           main] org.hibernate.SQL                        : insert into administrative_employee (user_id,id) values (?,default)
2024-10-05T00:46:59.681-05:00 DEBUG 21592 --- [           main] org.hibernate.SQL                        : insert into functionality (description,name,id) values (?,?,default)
2024-10-05T00:46:59.682-05:00 DEBUG 21592 --- [           main] org.hibernate.SQL                        : insert into functionality (description,name,id) values (?,?,default)
2024-10-05T00:46:59.682-05:00 DEBUG 21592 --- [           main] org.hibernate.SQL                        : insert into functionality (description,name,id) values (?,?,default)
2024-10-05T00:46:59.683-05:00 DEBUG 21592 --- [           main] org.hibernate.SQL                        : insert into functionality (description,name,id) values (?,?,default)
2024-10-05T00:46:59.683-05:00 DEBUG 21592 --- [           main] org.hibernate.SQL                        : insert into functionality (description,name,id) values (?,?,default)
2024-10-05T00:46:59.684-05:00 DEBUG 21592 --- [           main] org.hibernate.SQL                        : insert into functionality (description,name,id) values (?,?,default)
2024-10-05T00:46:59.684-05:00 DEBUG 21592 --- [           main] org.hibernate.SQL                        : insert into functionality (description,name,id) values (?,?,default)
2024-10-05T00:46:59.685-05:00 DEBUG 21592 --- [           main] org.hibernate.SQL                        : insert into functionality (description,name,id) values (?,?,default)
2024-10-05T00:46:59.685-05:00 DEBUG 21592 --- [           main] org.hibernate.SQL                        : insert into functionality (description,name,id) values (?,?,default)
2024-10-05T00:46:59.686-05:00 DEBUG 21592 --- [           main] org.hibernate.SQL                        : insert into functionality (description,name,id) values (?,?,default)
2024-10-05T00:46:59.687-05:00 DEBUG 21592 --- [           main] org.hibernate.SQL                        : insert into plan (name,price,id) values (?,?,default)
2024-10-05T00:46:59.688-05:00 DEBUG 21592 --- [           main] org.hibernate.SQL                        : insert into plan_functionality (functionality_id,plan_id,id) values (?,?,default)
2024-10-05T00:46:59.689-05:00 DEBUG 21592 --- [           main] org.hibernate.SQL                        : insert into plan (name,price,id) values (?,?,default)
2024-10-05T00:46:59.689-05:00 DEBUG 21592 --- [           main] org.hibernate.SQL                        : insert into plan_functionality (functionality_id,plan_id,id) values (?,?,default)
2024-10-05T00:46:59.690-05:00 DEBUG 21592 --- [           main] org.hibernate.SQL                        : insert into plan_functionality (functionality_id,plan_id,id) values (?,?,default)
2024-10-05T00:46:59.691-05:00 DEBUG 21592 --- [           main] org.hibernate.SQL                        : insert into plan (name,price,id) values (?,?,default)
2024-10-05T00:46:59.691-05:00 DEBUG 21592 --- [           main] org.hibernate.SQL                        : insert into plan_functionality (functionality_id,plan_id,id) values (?,?,default)
2024-10-05T00:46:59.692-05:00 DEBUG 21592 --- [           main] org.hibernate.SQL                        : insert into plan_functionality (functionality_id,plan_id,id) values (?,?,default)
2024-10-05T00:46:59.692-05:00 DEBUG 21592 --- [           main] org.hibernate.SQL                        : insert into plan_functionality (functionality_id,plan_id,id) values (?,?,default)
2024-10-05T00:46:59.694-05:00 DEBUG 21592 --- [           main] org.hibernate.SQL                        : insert into event (costo_local,date,earnings,modality,name,place,quota,total_cost,id) values (?,?,?,?,?,?,?,?,default)
2024-10-05T00:46:59.695-05:00 DEBUG 21592 --- [           main] org.hibernate.SQL                        : insert into event (costo_local,date,earnings,modality,name,place,quota,total_cost,id) values (?,?,?,?,?,?,?,?,default)
2024-10-05T00:46:59.696-05:00 DEBUG 21592 --- [           main] org.hibernate.SQL                        : insert into event (costo_local,date,earnings,modality,name,place,quota,total_cost,id) values (?,?,?,?,?,?,?,?,default)
2024-10-05T00:46:59.696-05:00 DEBUG 21592 --- [           main] org.hibernate.SQL                        : insert into event (costo_local,date,earnings,modality,name,place,quota,total_cost,id) values (?,?,?,?,?,?,?,?,default)
2024-10-05T00:46:59.697-05:00 DEBUG 21592 --- [           main] org.hibernate.SQL                        : insert into event (costo_local,date,earnings,modality,name,place,quota,total_cost,id) values (?,?,?,?,?,?,?,?,default)
Uploading entrepreneurships
2024-10-05T00:46:59.698-05:00 DEBUG 21592 --- [           main] org.hibernate.SQL                        : insert into entrepreneurship (description,lastnames,logo,name,names,id) values (?,?,?,?,?,default)
2024-10-05T00:46:59.699-05:00 DEBUG 21592 --- [           main] org.hibernate.SQL                        : insert into entrepreneurship (description,lastnames,logo,name,names,id) values (?,?,?,?,?,default)
Uploading courses
2024-10-05T00:46:59.704-05:00 DEBUG 21592 --- [           main] org.hibernate.SQL                        : select e1_0.id,e1_0.description,e1_0.lastnames,e1_0.logo,e1_0.name,e1_0.names from entrepreneurship e1_0
2024-10-05T00:46:59.707-05:00 DEBUG 21592 --- [           main] org.hibernate.SQL                        : select next value for course_entrepreneurship_seq
2024-10-05T00:46:59.711-05:00 DEBUG 21592 --- [           main] org.hibernate.SQL                        : select next value for course_entrepreneurship_seq
2024-10-05T00:46:59.713-05:00 DEBUG 21592 --- [           main] org.hibernate.SQL                        : insert into course_entrepreneurship (course_id,entrepreneurship_id,puntaje,id) values (?,?,?,?)
2024-10-05T00:46:59.714-05:00 DEBUG 21592 --- [           main] org.hibernate.SQL                        : insert into course_entrepreneurship (course_id,entrepreneurship_id,puntaje,id) values (?,?,?,?)
2024-10-05T00:46:59.715-05:00 DEBUG 21592 --- [           main] org.hibernate.SQL                        : insert into course (date,description,link,modality,places,score,title,id) values (?,?,?,?,?,?,?,default)
2024-10-05T00:46:59.718-05:00 DEBUG 21592 --- [           main] org.hibernate.SQL                        : insert into course_entrepreneurship (course_id,entrepreneurship_id,puntaje,id) values (?,?,?,?)
2024-10-05T00:46:59.719-05:00 DEBUG 21592 --- [           main] org.hibernate.SQL                        : insert into course_entrepreneurship (course_id,entrepreneurship_id,puntaje,id) values (?,?,?,?)
2024-10-05T00:46:59.719-05:00 DEBUG 21592 --- [           main] org.hibernate.SQL                        : insert into course (date,description,link,modality,places,score,title,id) values (?,?,?,?,?,?,?,default)
all data uploaded
2024-10-05T00:46:59.725-05:00 DEBUG 21592 --- [           main] org.hibernate.SQL                        : update course_entrepreneurship set course_id=?,entrepreneurship_id=?,puntaje=? where id=?
2024-10-05T00:46:59.728-05:00 DEBUG 21592 --- [           main] org.hibernate.SQL                        : update course_entrepreneurship set course_id=?,entrepreneurship_id=?,puntaje=? where id=?
2024-10-05T00:46:59.729-05:00 DEBUG 21592 --- [           main] org.hibernate.SQL                        : update course_entrepreneurship set course_id=?,entrepreneurship_id=?,puntaje=? where id=?
2024-10-05T00:46:59.729-05:00 DEBUG 21592 --- [           main] org.hibernate.SQL                        : update course_entrepreneurship set course_id=?,entrepreneurship_id=?,puntaje=? where id=?
2024-10-05T00:46:59.760-05:00  INFO 21592 --- [           main] j.LocalContainerEntityManagerFactoryBean : Closing JPA EntityManagerFactory for persistence unit 'default'
2024-10-05T00:46:59.761-05:00 DEBUG 21592 --- [           main] org.hibernate.SQL                        : drop table if exists administrative_employee cascade 
2024-10-05T00:46:59.762-05:00 DEBUG 21592 --- [           main] org.hibernate.SQL                        : drop table if exists course cascade 
2024-10-05T00:46:59.763-05:00 DEBUG 21592 --- [           main] org.hibernate.SQL                        : drop table if exists course_entrepreneurship cascade 
2024-10-05T00:46:59.763-05:00 DEBUG 21592 --- [           main] org.hibernate.SQL                        : drop table if exists entrepreneurship cascade 
2024-10-05T00:46:59.765-05:00 DEBUG 21592 --- [           main] org.hibernate.SQL                        : drop table if exists entrepreneurship_event_registry cascade 
2024-10-05T00:46:59.766-05:00 DEBUG 21592 --- [           main] org.hibernate.SQL                        : drop table if exists event cascade 
2024-10-05T00:46:59.766-05:00 DEBUG 21592 --- [           main] org.hibernate.SQL                        : drop table if exists functionality cascade 
2024-10-05T00:46:59.767-05:00 DEBUG 21592 --- [           main] org.hibernate.SQL                        : drop table if exists plan cascade 
2024-10-05T00:46:59.767-05:00 DEBUG 21592 --- [           main] org.hibernate.SQL                        : drop table if exists plan_functionality cascade 
2024-10-05T00:46:59.767-05:00 DEBUG 21592 --- [           main] org.hibernate.SQL                        : drop table if exists publication cascade 
2024-10-05T00:46:59.768-05:00 DEBUG 21592 --- [           main] org.hibernate.SQL                        : drop table if exists role cascade 
2024-10-05T00:46:59.768-05:00 DEBUG 21592 --- [           main] org.hibernate.SQL                        : drop table if exists subscription cascade 
2024-10-05T00:46:59.768-05:00 DEBUG 21592 --- [           main] org.hibernate.SQL                        : drop table if exists user_entity cascade 
2024-10-05T00:46:59.769-05:00 DEBUG 21592 --- [           main] org.hibernate.SQL                        : drop sequence if exists course_entrepreneurship_seq
2024-10-05T00:46:59.772-05:00  INFO 21592 --- [           main] com.zaxxer.hikari.HikariDataSource       : HikariPool-1 - Shutdown initiated...
2024-10-05T00:46:59.981-05:00  INFO 21592 --- [           main] com.zaxxer.hikari.HikariDataSource       : HikariPool-1 - Shutdown completed.
2024-10-05T00:46:59.987-05:00  INFO 21592 --- [           main] o.s.b.d.r.RestartApplicationListener     : Restart disabled due to context in which it is running

  .   ____          _            __ _ _
 /\\ / ___'_ __ _ _(_)_ __  __ _ \ \ \ \
( ( )\___ | '_ | '_| | '_ \/ _` | \ \ \ \
 \\/  ___)| |_)| | | | | || (_| |  ) ) ) )
  '  |____| .__|_| |_|_| |_\__, | / / / /
 =========|_|==============|___/=/_/_/_/

 :: Spring Boot ::                (v3.3.4)

2024-10-05T00:47:00.005-05:00  INFO 21592 --- [           main] c.i.demo.PublicationControllerTest       : Starting PublicationControllerTest using Java 21.0.1 with PID 21592 (started by sophiaaristizabal in /Users/sophiaaristizabal/Documents/GitHub/back-admin/demo)
2024-10-05T00:47:00.005-05:00  INFO 21592 --- [           main] c.i.demo.PublicationControllerTest       : The following 1 profile is active: "test"
2024-10-05T00:47:00.147-05:00  INFO 21592 --- [           main] .s.d.r.c.RepositoryConfigurationDelegate : Bootstrapping Spring Data JPA repositories in DEFAULT mode.
2024-10-05T00:47:00.161-05:00  INFO 21592 --- [           main] .s.d.r.c.RepositoryConfigurationDelegate : Finished Spring Data repository scanning in 13 ms. Found 12 JPA repository interfaces.
2024-10-05T00:47:00.217-05:00  INFO 21592 --- [           main] o.s.b.w.embedded.tomcat.TomcatWebServer  : Tomcat initialized with port 8090 (http)
2024-10-05T00:47:00.217-05:00  INFO 21592 --- [           main] o.apache.catalina.core.StandardService   : Starting service [Tomcat]
2024-10-05T00:47:00.218-05:00  INFO 21592 --- [           main] o.apache.catalina.core.StandardEngine    : Starting Servlet engine: [Apache Tomcat/10.1.30]
2024-10-05T00:47:00.236-05:00  INFO 21592 --- [           main] o.a.c.c.C.[Tomcat].[localhost].[/]       : Initializing Spring embedded WebApplicationContext
2024-10-05T00:47:00.236-05:00  INFO 21592 --- [           main] w.s.c.ServletWebServerApplicationContext : Root WebApplicationContext: initialization completed in 230 ms
2024-10-05T00:47:00.247-05:00  INFO 21592 --- [           main] com.zaxxer.hikari.HikariDataSource       : HikariPool-2 - Starting...
2024-10-05T00:47:00.251-05:00  INFO 21592 --- [           main] com.zaxxer.hikari.pool.HikariPool        : HikariPool-2 - Added connection conn10: url=jdbc:h2:file:./mydatabase user=SA
2024-10-05T00:47:00.252-05:00  INFO 21592 --- [           main] com.zaxxer.hikari.HikariDataSource       : HikariPool-2 - Start completed.
2024-10-05T00:47:00.252-05:00  INFO 21592 --- [           main] o.s.b.a.h2.H2ConsoleAutoConfiguration    : H2 console available at '/h2'. Database available at 'jdbc:h2:file:./mydatabase'
2024-10-05T00:47:00.269-05:00  INFO 21592 --- [           main] o.hibernate.jpa.internal.util.LogHelper  : HHH000204: Processing PersistenceUnitInfo [name: default]
2024-10-05T00:47:00.271-05:00  INFO 21592 --- [           main] o.h.c.internal.RegionFactoryInitiator    : HHH000026: Second-level cache disabled
2024-10-05T00:47:00.277-05:00  INFO 21592 --- [           main] o.s.o.j.p.SpringPersistenceUnitInfo      : No LoadTimeWeaver setup: ignoring JPA class transformer
2024-10-05T00:47:00.278-05:00  WARN 21592 --- [           main] org.hibernate.orm.deprecation            : HHH90000025: H2Dialect does not need to be specified explicitly using 'hibernate.dialect' (remove the property setting and it will be selected by default)
2024-10-05T00:47:00.400-05:00  INFO 21592 --- [           main] o.h.m.i.EntityInstantiatorPojoStandard   : HHH000182: No default (no-argument) constructor for class: com.innovatech.demo.Entity.Subscription (class must be instantiated by Interceptor)
2024-10-05T00:47:00.487-05:00  INFO 21592 --- [           main] o.h.e.t.j.p.i.JtaPlatformInitiator       : HHH000489: No JTA platform available (set 'hibernate.transaction.jta.platform' to enable JTA platform integration)
2024-10-05T00:47:00.487-05:00 DEBUG 21592 --- [           main] org.hibernate.SQL                        : drop table if exists administrative_employee cascade 
2024-10-05T00:47:00.487-05:00 DEBUG 21592 --- [           main] org.hibernate.SQL                        : drop table if exists course cascade 
2024-10-05T00:47:00.488-05:00 DEBUG 21592 --- [           main] org.hibernate.SQL                        : drop table if exists course_entrepreneurship cascade 
2024-10-05T00:47:00.488-05:00 DEBUG 21592 --- [           main] org.hibernate.SQL                        : drop table if exists entrepreneurship cascade 
2024-10-05T00:47:00.488-05:00 DEBUG 21592 --- [           main] org.hibernate.SQL                        : drop table if exists entrepreneurship_event_registry cascade 
2024-10-05T00:47:00.488-05:00 DEBUG 21592 --- [           main] org.hibernate.SQL                        : drop table if exists event cascade 
2024-10-05T00:47:00.488-05:00 DEBUG 21592 --- [           main] org.hibernate.SQL                        : drop table if exists functionality cascade 
2024-10-05T00:47:00.489-05:00 DEBUG 21592 --- [           main] org.hibernate.SQL                        : drop table if exists plan cascade 
2024-10-05T00:47:00.489-05:00 DEBUG 21592 --- [           main] org.hibernate.SQL                        : drop table if exists plan_functionality cascade 
2024-10-05T00:47:00.489-05:00 DEBUG 21592 --- [           main] org.hibernate.SQL                        : drop table if exists publication cascade 
2024-10-05T00:47:00.489-05:00 DEBUG 21592 --- [           main] org.hibernate.SQL                        : drop table if exists role cascade 
2024-10-05T00:47:00.490-05:00 DEBUG 21592 --- [           main] org.hibernate.SQL                        : drop table if exists subscription cascade 
2024-10-05T00:47:00.490-05:00 DEBUG 21592 --- [           main] org.hibernate.SQL                        : drop table if exists user_entity cascade 
2024-10-05T00:47:00.490-05:00 DEBUG 21592 --- [           main] org.hibernate.SQL                        : drop sequence if exists course_entrepreneurship_seq
2024-10-05T00:47:00.491-05:00 DEBUG 21592 --- [           main] org.hibernate.SQL                        : create sequence course_entrepreneurship_seq start with 1 increment by 50
2024-10-05T00:47:00.491-05:00 DEBUG 21592 --- [           main] org.hibernate.SQL                        : create table administrative_employee (id bigint generated by default as identity, user_id bigint not null unique, primary key (id))
2024-10-05T00:47:00.493-05:00 DEBUG 21592 --- [           main] org.hibernate.SQL                        : create table course (places integer not null, score float(24), date timestamp(6) not null, id bigint generated by default as identity, description varchar(255) not null, link varchar(255) not null, title varchar(255) not null unique, modality VARCHAR(255) CHECK (modality IN ('virtual', 'presencial')) not null, primary key (id))
2024-10-05T00:47:00.494-05:00 DEBUG 21592 --- [           main] org.hibernate.SQL                        : create table course_entrepreneurship (puntaje integer not null, course_id bigint, entrepreneurship_id bigint, id bigint not null, primary key (id))
2024-10-05T00:47:00.495-05:00 DEBUG 21592 --- [           main] org.hibernate.SQL                        : create table entrepreneurship (id bigint generated by default as identity, description varchar(255), lastnames varchar(255), logo varchar(255), name varchar(255) not null unique, names varchar(255), primary key (id))
2024-10-05T00:47:00.496-05:00 DEBUG 21592 --- [           main] org.hibernate.SQL                        : create table entrepreneurship_event_registry (amount_paid float(53) not null, date timestamp(6) not null, id bigint generated by default as identity, id_event bigint not null, primary key (id))
2024-10-05T00:47:00.497-05:00 DEBUG 21592 --- [           main] org.hibernate.SQL                        : create table event (costo_local integer not null, earnings integer not null, quota integer, total_cost integer not null, id bigint generated by default as identity, date varchar(255) not null, modality varchar(255) not null, name varchar(255) not null, place varchar(255) not null, primary key (id))
2024-10-05T00:47:00.498-05:00 DEBUG 21592 --- [           main] org.hibernate.SQL                        : create table functionality (id bigint generated by default as identity, description varchar(255), name varchar(255), primary key (id))
2024-10-05T00:47:00.499-05:00 DEBUG 21592 --- [           main] org.hibernate.SQL                        : create table plan (price float(53), id bigint generated by default as identity, name varchar(255), primary key (id))
2024-10-05T00:47:00.500-05:00 DEBUG 21592 --- [           main] org.hibernate.SQL                        : create table plan_functionality (functionality_id bigint, id bigint generated by default as identity, plan_id bigint, primary key (id))
2024-10-05T00:47:00.501-05:00 DEBUG 21592 --- [           main] org.hibernate.SQL                        : create table publication (administrative_employee_id bigint, id bigint generated by default as identity, multimedia varchar(255) not null, title varchar(255) not null unique, primary key (id))
2024-10-05T00:47:00.502-05:00 DEBUG 21592 --- [           main] org.hibernate.SQL                        : create table role (id bigint generated by default as identity, name varchar(255) not null unique, primary key (id))
2024-10-05T00:47:00.502-05:00 DEBUG 21592 --- [           main] org.hibernate.SQL                        : create table subscription (amount float(53), expiration_date date, initial_date date, id bigint generated by default as identity, id_plan bigint not null, primary key (id))
2024-10-05T00:47:00.503-05:00 DEBUG 21592 --- [           main] org.hibernate.SQL                        : create table user_entity (id_card integer not null unique, administrative_employee_id bigint unique, id bigint generated by default as identity, role_id bigint not null, email varchar(255) not null unique, name varchar(255), password varchar(255) not null, primary key (id))
2024-10-05T00:47:00.504-05:00 DEBUG 21592 --- [           main] org.hibernate.SQL                        : alter table if exists administrative_employee add constraint FKo8v1usqwn3nxmiw2brinilg5p foreign key (user_id) references user_entity
2024-10-05T00:47:00.506-05:00 DEBUG 21592 --- [           main] org.hibernate.SQL                        : alter table if exists course_entrepreneurship add constraint FKc9944b6tjet15vigib9cbq4rc foreign key (course_id) references course
2024-10-05T00:47:00.506-05:00 DEBUG 21592 --- [           main] org.hibernate.SQL                        : alter table if exists course_entrepreneurship add constraint FK73b6ip3vqenl2xmk21s5fxutd foreign key (entrepreneurship_id) references entrepreneurship
2024-10-05T00:47:00.508-05:00 DEBUG 21592 --- [           main] org.hibernate.SQL                        : alter table if exists entrepreneurship_event_registry add constraint FKrljd4l23e5d5l8h9bt4cj3hl9 foreign key (id_event) references event
2024-10-05T00:47:00.509-05:00 DEBUG 21592 --- [           main] org.hibernate.SQL                        : alter table if exists plan_functionality add constraint FK3kckbmw1sgvafmqyn2mixhlem foreign key (functionality_id) references functionality
2024-10-05T00:47:00.509-05:00 DEBUG 21592 --- [           main] org.hibernate.SQL                        : alter table if exists plan_functionality add constraint FKf41bspsgwy5v5n2mym42ia1tk foreign key (plan_id) references plan
2024-10-05T00:47:00.510-05:00 DEBUG 21592 --- [           main] org.hibernate.SQL                        : alter table if exists publication add constraint FKofgtg1y0cv4nsqy9igqkjixnt foreign key (administrative_employee_id) references administrative_employee
2024-10-05T00:47:00.511-05:00 DEBUG 21592 --- [           main] org.hibernate.SQL                        : alter table if exists subscription add constraint FKqmcvpkvxw4md0eya9u1xv3d9c foreign key (id_plan) references plan
2024-10-05T00:47:00.512-05:00 DEBUG 21592 --- [           main] org.hibernate.SQL                        : alter table if exists user_entity add constraint FK7f0g0o0keoihj7qmpxp2blua3 foreign key (administrative_employee_id) references administrative_employee
2024-10-05T00:47:00.514-05:00 DEBUG 21592 --- [           main] org.hibernate.SQL                        : alter table if exists user_entity add constraint FKpostrnt7qdgc4m56i71qlkl61 foreign key (role_id) references role
2024-10-05T00:47:00.516-05:00  INFO 21592 --- [           main] j.LocalContainerEntityManagerFactoryBean : Initialized JPA EntityManagerFactory for persistence unit 'default'
2024-10-05T00:47:00.692-05:00  WARN 21592 --- [           main] JpaBaseConfiguration$JpaWebConfiguration : spring.jpa.open-in-view is enabled by default. Therefore, database queries may be performed during view rendering. Explicitly configure spring.jpa.open-in-view to disable this warning
2024-10-05T00:47:00.701-05:00  INFO 21592 --- [           main] o.s.s.web.DefaultSecurityFilterChain     : Will secure any request with [org.springframework.security.web.session.DisableEncodeUrlFilter@2dddf634, org.springframework.security.web.context.request.async.WebAsyncManagerIntegrationFilter@4df0eb55, org.springframework.security.web.context.SecurityContextHolderFilter@4ba6b5eb, org.springframework.security.web.header.HeaderWriterFilter@7ec01520, org.springframework.security.web.authentication.logout.LogoutFilter@49253d1f, com.innovatech.demo.Security.JWTAuthenticationFilter@45c99f3d, org.springframework.security.web.savedrequest.RequestCacheAwareFilter@47cd31ea, org.springframework.security.web.servletapi.SecurityContextHolderAwareRequestFilter@395a5526, org.springframework.security.web.authentication.AnonymousAuthenticationFilter@622b91dc, org.springframework.security.web.session.SessionManagementFilter@471933e5, org.springframework.security.web.access.ExceptionTranslationFilter@3077921f, org.springframework.security.web.access.intercept.AuthorizationFilter@cd19d0a]
2024-10-05T00:47:00.862-05:00  INFO 21592 --- [           main] o.s.b.w.embedded.tomcat.TomcatWebServer  : Tomcat started on port 8090 (http) with context path '/'
2024-10-05T00:47:00.867-05:00  INFO 21592 --- [           main] c.i.demo.PublicationControllerTest       : Started PublicationControllerTest in 0.88 seconds (process running for 7.972)
2024-10-05T00:47:00.869-05:00 DEBUG 21592 --- [           main] org.hibernate.SQL                        : insert into role (name,id) values (?,default)
2024-10-05T00:47:00.872-05:00 DEBUG 21592 --- [           main] org.hibernate.SQL                        : insert into role (name,id) values (?,default)
2024-10-05T00:47:00.873-05:00 DEBUG 21592 --- [           main] org.hibernate.SQL                        : insert into role (name,id) values (?,default)
2024-10-05T00:47:00.874-05:00 DEBUG 21592 --- [           main] org.hibernate.SQL                        : insert into role (name,id) values (?,default)
2024-10-05T00:47:00.874-05:00 DEBUG 21592 --- [           main] org.hibernate.SQL                        : insert into role (name,id) values (?,default)
2024-10-05T00:47:00.875-05:00 DEBUG 21592 --- [           main] org.hibernate.SQL                        : insert into role (name,id) values (?,default)
2024-10-05T00:47:00.876-05:00 DEBUG 21592 --- [           main] org.hibernate.SQL                        : insert into role (name,id) values (?,default)
2024-10-05T00:47:00.877-05:00 DEBUG 21592 --- [           main] org.hibernate.SQL                        : insert into role (name,id) values (?,default)
2024-10-05T00:47:00.877-05:00 DEBUG 21592 --- [           main] org.hibernate.SQL                        : insert into role (name,id) values (?,default)
2024-10-05T00:47:00.878-05:00 DEBUG 21592 --- [           main] org.hibernate.SQL                        : insert into role (name,id) values (?,default)
2024-10-05T00:47:00.880-05:00 DEBUG 21592 --- [           main] org.hibernate.SQL                        : select r1_0.id,r1_0.name from role r1_0 where r1_0.name=?
2024-10-05T00:47:01.030-05:00 DEBUG 21592 --- [           main] org.hibernate.SQL                        : insert into user_entity (administrative_employee_id,email,id_card,name,password,role_id,id) values (?,?,?,?,?,?,default)
2024-10-05T00:47:01.031-05:00 DEBUG 21592 --- [           main] org.hibernate.SQL                        : insert into administrative_employee (user_id,id) values (?,default)
2024-10-05T00:47:01.032-05:00 DEBUG 21592 --- [           main] org.hibernate.SQL                        : insert into functionality (description,name,id) values (?,?,default)
2024-10-05T00:47:01.032-05:00 DEBUG 21592 --- [           main] org.hibernate.SQL                        : insert into functionality (description,name,id) values (?,?,default)
2024-10-05T00:47:01.033-05:00 DEBUG 21592 --- [           main] org.hibernate.SQL                        : insert into functionality (description,name,id) values (?,?,default)
2024-10-05T00:47:01.033-05:00 DEBUG 21592 --- [           main] org.hibernate.SQL                        : insert into functionality (description,name,id) values (?,?,default)
2024-10-05T00:47:01.034-05:00 DEBUG 21592 --- [           main] org.hibernate.SQL                        : insert into functionality (description,name,id) values (?,?,default)
2024-10-05T00:47:01.034-05:00 DEBUG 21592 --- [           main] org.hibernate.SQL                        : insert into functionality (description,name,id) values (?,?,default)
2024-10-05T00:47:01.034-05:00 DEBUG 21592 --- [           main] org.hibernate.SQL                        : insert into functionality (description,name,id) values (?,?,default)
2024-10-05T00:47:01.035-05:00 DEBUG 21592 --- [           main] org.hibernate.SQL                        : insert into functionality (description,name,id) values (?,?,default)
2024-10-05T00:47:01.035-05:00 DEBUG 21592 --- [           main] org.hibernate.SQL                        : insert into functionality (description,name,id) values (?,?,default)
2024-10-05T00:47:01.036-05:00 DEBUG 21592 --- [           main] org.hibernate.SQL                        : insert into functionality (description,name,id) values (?,?,default)
2024-10-05T00:47:01.036-05:00 DEBUG 21592 --- [           main] org.hibernate.SQL                        : insert into plan (name,price,id) values (?,?,default)
2024-10-05T00:47:01.037-05:00 DEBUG 21592 --- [           main] org.hibernate.SQL                        : insert into plan_functionality (functionality_id,plan_id,id) values (?,?,default)
2024-10-05T00:47:01.037-05:00 DEBUG 21592 --- [           main] org.hibernate.SQL                        : insert into plan (name,price,id) values (?,?,default)
2024-10-05T00:47:01.038-05:00 DEBUG 21592 --- [           main] org.hibernate.SQL                        : insert into plan_functionality (functionality_id,plan_id,id) values (?,?,default)
2024-10-05T00:47:01.038-05:00 DEBUG 21592 --- [           main] org.hibernate.SQL                        : insert into plan_functionality (functionality_id,plan_id,id) values (?,?,default)
2024-10-05T00:47:01.038-05:00 DEBUG 21592 --- [           main] org.hibernate.SQL                        : insert into plan (name,price,id) values (?,?,default)
2024-10-05T00:47:01.039-05:00 DEBUG 21592 --- [           main] org.hibernate.SQL                        : insert into plan_functionality (functionality_id,plan_id,id) values (?,?,default)
2024-10-05T00:47:01.039-05:00 DEBUG 21592 --- [           main] org.hibernate.SQL                        : insert into plan_functionality (functionality_id,plan_id,id) values (?,?,default)
2024-10-05T00:47:01.040-05:00 DEBUG 21592 --- [           main] org.hibernate.SQL                        : insert into plan_functionality (functionality_id,plan_id,id) values (?,?,default)
2024-10-05T00:47:01.040-05:00 DEBUG 21592 --- [           main] org.hibernate.SQL                        : insert into event (costo_local,date,earnings,modality,name,place,quota,total_cost,id) values (?,?,?,?,?,?,?,?,default)
2024-10-05T00:47:01.041-05:00 DEBUG 21592 --- [           main] org.hibernate.SQL                        : insert into event (costo_local,date,earnings,modality,name,place,quota,total_cost,id) values (?,?,?,?,?,?,?,?,default)
2024-10-05T00:47:01.041-05:00 DEBUG 21592 --- [           main] org.hibernate.SQL                        : insert into event (costo_local,date,earnings,modality,name,place,quota,total_cost,id) values (?,?,?,?,?,?,?,?,default)
2024-10-05T00:47:01.041-05:00 DEBUG 21592 --- [           main] org.hibernate.SQL                        : insert into event (costo_local,date,earnings,modality,name,place,quota,total_cost,id) values (?,?,?,?,?,?,?,?,default)
2024-10-05T00:47:01.042-05:00 DEBUG 21592 --- [           main] org.hibernate.SQL                        : insert into event (costo_local,date,earnings,modality,name,place,quota,total_cost,id) values (?,?,?,?,?,?,?,?,default)
Uploading entrepreneurships
2024-10-05T00:47:01.042-05:00 DEBUG 21592 --- [           main] org.hibernate.SQL                        : insert into entrepreneurship (description,lastnames,logo,name,names,id) values (?,?,?,?,?,default)
2024-10-05T00:47:01.043-05:00 DEBUG 21592 --- [           main] org.hibernate.SQL                        : insert into entrepreneurship (description,lastnames,logo,name,names,id) values (?,?,?,?,?,default)
Uploading courses
2024-10-05T00:47:01.045-05:00 DEBUG 21592 --- [           main] org.hibernate.SQL                        : select e1_0.id,e1_0.description,e1_0.lastnames,e1_0.logo,e1_0.name,e1_0.names from entrepreneurship e1_0
2024-10-05T00:47:01.046-05:00 DEBUG 21592 --- [           main] org.hibernate.SQL                        : select next value for course_entrepreneurship_seq
2024-10-05T00:47:01.046-05:00 DEBUG 21592 --- [           main] org.hibernate.SQL                        : select next value for course_entrepreneurship_seq
2024-10-05T00:47:01.047-05:00 DEBUG 21592 --- [           main] org.hibernate.SQL                        : insert into course_entrepreneurship (course_id,entrepreneurship_id,puntaje,id) values (?,?,?,?)
2024-10-05T00:47:01.047-05:00 DEBUG 21592 --- [           main] org.hibernate.SQL                        : insert into course_entrepreneurship (course_id,entrepreneurship_id,puntaje,id) values (?,?,?,?)
2024-10-05T00:47:01.047-05:00 DEBUG 21592 --- [           main] org.hibernate.SQL                        : insert into course (date,description,link,modality,places,score,title,id) values (?,?,?,?,?,?,?,default)
2024-10-05T00:47:01.048-05:00 DEBUG 21592 --- [           main] org.hibernate.SQL                        : insert into course_entrepreneurship (course_id,entrepreneurship_id,puntaje,id) values (?,?,?,?)
2024-10-05T00:47:01.049-05:00 DEBUG 21592 --- [           main] org.hibernate.SQL                        : insert into course_entrepreneurship (course_id,entrepreneurship_id,puntaje,id) values (?,?,?,?)
2024-10-05T00:47:01.049-05:00 DEBUG 21592 --- [           main] org.hibernate.SQL                        : insert into course (date,description,link,modality,places,score,title,id) values (?,?,?,?,?,?,?,default)
all data uploaded
2024-10-05T00:47:01.050-05:00 DEBUG 21592 --- [           main] org.hibernate.SQL                        : update course_entrepreneurship set course_id=?,entrepreneurship_id=?,puntaje=? where id=?
2024-10-05T00:47:01.051-05:00 DEBUG 21592 --- [           main] org.hibernate.SQL                        : update course_entrepreneurship set course_id=?,entrepreneurship_id=?,puntaje=? where id=?
2024-10-05T00:47:01.051-05:00 DEBUG 21592 --- [           main] org.hibernate.SQL                        : update course_entrepreneurship set course_id=?,entrepreneurship_id=?,puntaje=? where id=?
2024-10-05T00:47:01.051-05:00 DEBUG 21592 --- [           main] org.hibernate.SQL                        : update course_entrepreneurship set course_id=?,entrepreneurship_id=?,puntaje=? where id=?
2024-10-05T00:47:01.513-05:00  INFO 21592 --- [nio-8090-exec-1] o.a.c.c.C.[Tomcat].[localhost].[/]       : Initializing Spring DispatcherServlet 'dispatcherServlet'
2024-10-05T00:47:01.513-05:00  INFO 21592 --- [nio-8090-exec-1] o.s.web.servlet.DispatcherServlet        : Initializing Servlet 'dispatcherServlet'
2024-10-05T00:47:01.513-05:00  INFO 21592 --- [nio-8090-exec-1] o.s.web.servlet.DispatcherServlet        : Completed initialization in 0 ms
2024-10-05T00:47:01.680-05:00 DEBUG 21592 --- [nio-8090-exec-1] org.hibernate.SQL                        : select ue1_0.id,ue1_0.administrative_employee_id,ue1_0.email,ue1_0.id_card,ue1_0.name,ue1_0.password,ue1_0.role_id from user_entity ue1_0 where ue1_0.email=?
2024-10-05T00:47:01.684-05:00 DEBUG 21592 --- [nio-8090-exec-1] org.hibernate.SQL                        : select r1_0.id,r1_0.name from role r1_0 where r1_0.id=?
2024-10-05T00:47:01.826-05:00 DEBUG 21592 --- [nio-8090-exec-1] org.hibernate.SQL                        : select ue1_0.id,ue1_0.administrative_employee_id,ue1_0.email,ue1_0.id_card,ue1_0.name,ue1_0.password,ue1_0.role_id from user_entity ue1_0 where ue1_0.email=?
]]></system-out>
    <system-err><![CDATA[WARNING: A Java agent has been loaded dynamically (/Users/sophiaaristizabal/.m2/repository/net/bytebuddy/byte-buddy-agent/1.14.19/byte-buddy-agent-1.14.19.jar)
WARNING: If a serviceability tool is in use, please run with -XX:+EnableDynamicAgentLoading to hide this warning
WARNING: If a serviceability tool is not in use, please run with -Djdk.instrument.traceUsage for more information
WARNING: Dynamic loading of agents will be disallowed by default in a future release
eyJhbGciOiJIUzUxMiJ9.eyJzdWIiOiJhZG1pbkBleGFtcGxlLmNvbSIsImlhdCI6MTcyODEwNzIyMSwiZXhwIjoxNzI4MTE0MjIxfQ.kyK6vMwT-I0ZwstWQBMc40XfR5bNGq6o69epFDbN_eya094k-XNKpUzssbGbJNTjxmHGWr2BfSBLOw7AekGCYA
]]></system-err>
  </testcase>
  <testcase name="testGetAllBanners" classname="com.innovatech.demo.PublicationControllerTest" time="1.484">
    <system-out><![CDATA[2024-10-05T00:47:01.854-05:00  INFO 21592 --- [           main] j.LocalContainerEntityManagerFactoryBean : Closing JPA EntityManagerFactory for persistence unit 'default'
2024-10-05T00:47:01.854-05:00 DEBUG 21592 --- [           main] org.hibernate.SQL                        : drop table if exists administrative_employee cascade 
2024-10-05T00:47:01.855-05:00 DEBUG 21592 --- [           main] org.hibernate.SQL                        : drop table if exists course cascade 
2024-10-05T00:47:01.856-05:00 DEBUG 21592 --- [           main] org.hibernate.SQL                        : drop table if exists course_entrepreneurship cascade 
2024-10-05T00:47:01.856-05:00 DEBUG 21592 --- [           main] org.hibernate.SQL                        : drop table if exists entrepreneurship cascade 
2024-10-05T00:47:01.857-05:00 DEBUG 21592 --- [           main] org.hibernate.SQL                        : drop table if exists entrepreneurship_event_registry cascade 
2024-10-05T00:47:01.857-05:00 DEBUG 21592 --- [           main] org.hibernate.SQL                        : drop table if exists event cascade 
2024-10-05T00:47:01.857-05:00 DEBUG 21592 --- [           main] org.hibernate.SQL                        : drop table if exists functionality cascade 
2024-10-05T00:47:01.858-05:00 DEBUG 21592 --- [           main] org.hibernate.SQL                        : drop table if exists plan cascade 
2024-10-05T00:47:01.858-05:00 DEBUG 21592 --- [           main] org.hibernate.SQL                        : drop table if exists plan_functionality cascade 
2024-10-05T00:47:01.859-05:00 DEBUG 21592 --- [           main] org.hibernate.SQL                        : drop table if exists publication cascade 
2024-10-05T00:47:01.859-05:00 DEBUG 21592 --- [           main] org.hibernate.SQL                        : drop table if exists role cascade 
2024-10-05T00:47:01.859-05:00 DEBUG 21592 --- [           main] org.hibernate.SQL                        : drop table if exists subscription cascade 
2024-10-05T00:47:01.860-05:00 DEBUG 21592 --- [           main] org.hibernate.SQL                        : drop table if exists user_entity cascade 
2024-10-05T00:47:01.860-05:00 DEBUG 21592 --- [           main] org.hibernate.SQL                        : drop sequence if exists course_entrepreneurship_seq
2024-10-05T00:47:01.860-05:00  INFO 21592 --- [           main] com.zaxxer.hikari.HikariDataSource       : HikariPool-2 - Shutdown initiated...
2024-10-05T00:47:02.071-05:00  INFO 21592 --- [           main] com.zaxxer.hikari.HikariDataSource       : HikariPool-2 - Shutdown completed.
2024-10-05T00:47:02.075-05:00  INFO 21592 --- [           main] o.s.b.d.r.RestartApplicationListener     : Restart disabled due to context in which it is running

  .   ____          _            __ _ _
 /\\ / ___'_ __ _ _(_)_ __  __ _ \ \ \ \
( ( )\___ | '_ | '_| | '_ \/ _` | \ \ \ \
 \\/  ___)| |_)| | | | | || (_| |  ) ) ) )
  '  |____| .__|_| |_|_| |_\__, | / / / /
 =========|_|==============|___/=/_/_/_/

 :: Spring Boot ::                (v3.3.4)

2024-10-05T00:47:02.091-05:00  INFO 21592 --- [           main] c.i.demo.PublicationControllerTest       : Starting PublicationControllerTest using Java 21.0.1 with PID 21592 (started by sophiaaristizabal in /Users/sophiaaristizabal/Documents/GitHub/back-admin/demo)
2024-10-05T00:47:02.091-05:00  INFO 21592 --- [           main] c.i.demo.PublicationControllerTest       : The following 1 profile is active: "test"
2024-10-05T00:47:02.225-05:00  INFO 21592 --- [           main] .s.d.r.c.RepositoryConfigurationDelegate : Bootstrapping Spring Data JPA repositories in DEFAULT mode.
2024-10-05T00:47:02.238-05:00  INFO 21592 --- [           main] .s.d.r.c.RepositoryConfigurationDelegate : Finished Spring Data repository scanning in 12 ms. Found 12 JPA repository interfaces.
2024-10-05T00:47:02.287-05:00  INFO 21592 --- [           main] o.s.b.w.embedded.tomcat.TomcatWebServer  : Tomcat initialized with port 8090 (http)
2024-10-05T00:47:02.287-05:00  INFO 21592 --- [           main] o.apache.catalina.core.StandardService   : Starting service [Tomcat]
2024-10-05T00:47:02.288-05:00  INFO 21592 --- [           main] o.apache.catalina.core.StandardEngine    : Starting Servlet engine: [Apache Tomcat/10.1.30]
2024-10-05T00:47:02.300-05:00  INFO 21592 --- [           main] o.a.c.c.C.[Tomcat].[localhost].[/]       : Initializing Spring embedded WebApplicationContext
2024-10-05T00:47:02.300-05:00  INFO 21592 --- [           main] w.s.c.ServletWebServerApplicationContext : Root WebApplicationContext: initialization completed in 208 ms
2024-10-05T00:47:02.307-05:00  INFO 21592 --- [           main] com.zaxxer.hikari.HikariDataSource       : HikariPool-3 - Starting...
2024-10-05T00:47:02.311-05:00  INFO 21592 --- [           main] com.zaxxer.hikari.pool.HikariPool        : HikariPool-3 - Added connection conn20: url=jdbc:h2:file:./mydatabase user=SA
2024-10-05T00:47:02.311-05:00  INFO 21592 --- [           main] com.zaxxer.hikari.HikariDataSource       : HikariPool-3 - Start completed.
2024-10-05T00:47:02.311-05:00  INFO 21592 --- [           main] o.s.b.a.h2.H2ConsoleAutoConfiguration    : H2 console available at '/h2'. Database available at 'jdbc:h2:file:./mydatabase'
2024-10-05T00:47:02.330-05:00  INFO 21592 --- [           main] o.hibernate.jpa.internal.util.LogHelper  : HHH000204: Processing PersistenceUnitInfo [name: default]
2024-10-05T00:47:02.332-05:00  INFO 21592 --- [           main] o.h.c.internal.RegionFactoryInitiator    : HHH000026: Second-level cache disabled
2024-10-05T00:47:02.339-05:00  INFO 21592 --- [           main] o.s.o.j.p.SpringPersistenceUnitInfo      : No LoadTimeWeaver setup: ignoring JPA class transformer
2024-10-05T00:47:02.340-05:00  WARN 21592 --- [           main] org.hibernate.orm.deprecation            : HHH90000025: H2Dialect does not need to be specified explicitly using 'hibernate.dialect' (remove the property setting and it will be selected by default)
2024-10-05T00:47:02.456-05:00  INFO 21592 --- [           main] o.h.m.i.EntityInstantiatorPojoStandard   : HHH000182: No default (no-argument) constructor for class: com.innovatech.demo.Entity.Subscription (class must be instantiated by Interceptor)
2024-10-05T00:47:02.532-05:00  INFO 21592 --- [           main] o.h.e.t.j.p.i.JtaPlatformInitiator       : HHH000489: No JTA platform available (set 'hibernate.transaction.jta.platform' to enable JTA platform integration)
2024-10-05T00:47:02.533-05:00 DEBUG 21592 --- [           main] org.hibernate.SQL                        : drop table if exists administrative_employee cascade 
2024-10-05T00:47:02.533-05:00 DEBUG 21592 --- [           main] org.hibernate.SQL                        : drop table if exists course cascade 
2024-10-05T00:47:02.533-05:00 DEBUG 21592 --- [           main] org.hibernate.SQL                        : drop table if exists course_entrepreneurship cascade 
2024-10-05T00:47:02.533-05:00 DEBUG 21592 --- [           main] org.hibernate.SQL                        : drop table if exists entrepreneurship cascade 
2024-10-05T00:47:02.533-05:00 DEBUG 21592 --- [           main] org.hibernate.SQL                        : drop table if exists entrepreneurship_event_registry cascade 
2024-10-05T00:47:02.533-05:00 DEBUG 21592 --- [           main] org.hibernate.SQL                        : drop table if exists event cascade 
2024-10-05T00:47:02.534-05:00 DEBUG 21592 --- [           main] org.hibernate.SQL                        : drop table if exists functionality cascade 
2024-10-05T00:47:02.534-05:00 DEBUG 21592 --- [           main] org.hibernate.SQL                        : drop table if exists plan cascade 
2024-10-05T00:47:02.534-05:00 DEBUG 21592 --- [           main] org.hibernate.SQL                        : drop table if exists plan_functionality cascade 
2024-10-05T00:47:02.534-05:00 DEBUG 21592 --- [           main] org.hibernate.SQL                        : drop table if exists publication cascade 
2024-10-05T00:47:02.534-05:00 DEBUG 21592 --- [           main] org.hibernate.SQL                        : drop table if exists role cascade 
2024-10-05T00:47:02.534-05:00 DEBUG 21592 --- [           main] org.hibernate.SQL                        : drop table if exists subscription cascade 
2024-10-05T00:47:02.534-05:00 DEBUG 21592 --- [           main] org.hibernate.SQL                        : drop table if exists user_entity cascade 
2024-10-05T00:47:02.535-05:00 DEBUG 21592 --- [           main] org.hibernate.SQL                        : drop sequence if exists course_entrepreneurship_seq
2024-10-05T00:47:02.535-05:00 DEBUG 21592 --- [           main] org.hibernate.SQL                        : create sequence course_entrepreneurship_seq start with 1 increment by 50
2024-10-05T00:47:02.536-05:00 DEBUG 21592 --- [           main] org.hibernate.SQL                        : create table administrative_employee (id bigint generated by default as identity, user_id bigint not null unique, primary key (id))
2024-10-05T00:47:02.537-05:00 DEBUG 21592 --- [           main] org.hibernate.SQL                        : create table course (places integer not null, score float(24), date timestamp(6) not null, id bigint generated by default as identity, description varchar(255) not null, link varchar(255) not null, title varchar(255) not null unique, modality VARCHAR(255) CHECK (modality IN ('virtual', 'presencial')) not null, primary key (id))
2024-10-05T00:47:02.537-05:00 DEBUG 21592 --- [           main] org.hibernate.SQL                        : create table course_entrepreneurship (puntaje integer not null, course_id bigint, entrepreneurship_id bigint, id bigint not null, primary key (id))
2024-10-05T00:47:02.538-05:00 DEBUG 21592 --- [           main] org.hibernate.SQL                        : create table entrepreneurship (id bigint generated by default as identity, description varchar(255), lastnames varchar(255), logo varchar(255), name varchar(255) not null unique, names varchar(255), primary key (id))
2024-10-05T00:47:02.538-05:00 DEBUG 21592 --- [           main] org.hibernate.SQL                        : create table entrepreneurship_event_registry (amount_paid float(53) not null, date timestamp(6) not null, id bigint generated by default as identity, id_event bigint not null, primary key (id))
2024-10-05T00:47:02.539-05:00 DEBUG 21592 --- [           main] org.hibernate.SQL                        : create table event (costo_local integer not null, earnings integer not null, quota integer, total_cost integer not null, id bigint generated by default as identity, date varchar(255) not null, modality varchar(255) not null, name varchar(255) not null, place varchar(255) not null, primary key (id))
2024-10-05T00:47:02.539-05:00 DEBUG 21592 --- [           main] org.hibernate.SQL                        : create table functionality (id bigint generated by default as identity, description varchar(255), name varchar(255), primary key (id))
2024-10-05T00:47:02.540-05:00 DEBUG 21592 --- [           main] org.hibernate.SQL                        : create table plan (price float(53), id bigint generated by default as identity, name varchar(255), primary key (id))
2024-10-05T00:47:02.541-05:00 DEBUG 21592 --- [           main] org.hibernate.SQL                        : create table plan_functionality (functionality_id bigint, id bigint generated by default as identity, plan_id bigint, primary key (id))
2024-10-05T00:47:02.541-05:00 DEBUG 21592 --- [           main] org.hibernate.SQL                        : create table publication (administrative_employee_id bigint, id bigint generated by default as identity, multimedia varchar(255) not null, title varchar(255) not null unique, primary key (id))
2024-10-05T00:47:02.542-05:00 DEBUG 21592 --- [           main] org.hibernate.SQL                        : create table role (id bigint generated by default as identity, name varchar(255) not null unique, primary key (id))
2024-10-05T00:47:02.542-05:00 DEBUG 21592 --- [           main] org.hibernate.SQL                        : create table subscription (amount float(53), expiration_date date, initial_date date, id bigint generated by default as identity, id_plan bigint not null, primary key (id))
2024-10-05T00:47:02.543-05:00 DEBUG 21592 --- [           main] org.hibernate.SQL                        : create table user_entity (id_card integer not null unique, administrative_employee_id bigint unique, id bigint generated by default as identity, role_id bigint not null, email varchar(255) not null unique, name varchar(255), password varchar(255) not null, primary key (id))
2024-10-05T00:47:02.544-05:00 DEBUG 21592 --- [           main] org.hibernate.SQL                        : alter table if exists administrative_employee add constraint FKo8v1usqwn3nxmiw2brinilg5p foreign key (user_id) references user_entity
2024-10-05T00:47:02.544-05:00 DEBUG 21592 --- [           main] org.hibernate.SQL                        : alter table if exists course_entrepreneurship add constraint FKc9944b6tjet15vigib9cbq4rc foreign key (course_id) references course
2024-10-05T00:47:02.545-05:00 DEBUG 21592 --- [           main] org.hibernate.SQL                        : alter table if exists course_entrepreneurship add constraint FK73b6ip3vqenl2xmk21s5fxutd foreign key (entrepreneurship_id) references entrepreneurship
2024-10-05T00:47:02.546-05:00 DEBUG 21592 --- [           main] org.hibernate.SQL                        : alter table if exists entrepreneurship_event_registry add constraint FKrljd4l23e5d5l8h9bt4cj3hl9 foreign key (id_event) references event
2024-10-05T00:47:02.547-05:00 DEBUG 21592 --- [           main] org.hibernate.SQL                        : alter table if exists plan_functionality add constraint FK3kckbmw1sgvafmqyn2mixhlem foreign key (functionality_id) references functionality
2024-10-05T00:47:02.548-05:00 DEBUG 21592 --- [           main] org.hibernate.SQL                        : alter table if exists plan_functionality add constraint FKf41bspsgwy5v5n2mym42ia1tk foreign key (plan_id) references plan
2024-10-05T00:47:02.549-05:00 DEBUG 21592 --- [           main] org.hibernate.SQL                        : alter table if exists publication add constraint FKofgtg1y0cv4nsqy9igqkjixnt foreign key (administrative_employee_id) references administrative_employee
2024-10-05T00:47:02.550-05:00 DEBUG 21592 --- [           main] org.hibernate.SQL                        : alter table if exists subscription add constraint FKqmcvpkvxw4md0eya9u1xv3d9c foreign key (id_plan) references plan
2024-10-05T00:47:02.550-05:00 DEBUG 21592 --- [           main] org.hibernate.SQL                        : alter table if exists user_entity add constraint FK7f0g0o0keoihj7qmpxp2blua3 foreign key (administrative_employee_id) references administrative_employee
2024-10-05T00:47:02.551-05:00 DEBUG 21592 --- [           main] org.hibernate.SQL                        : alter table if exists user_entity add constraint FKpostrnt7qdgc4m56i71qlkl61 foreign key (role_id) references role
2024-10-05T00:47:02.552-05:00  INFO 21592 --- [           main] j.LocalContainerEntityManagerFactoryBean : Initialized JPA EntityManagerFactory for persistence unit 'default'
2024-10-05T00:47:02.680-05:00  WARN 21592 --- [           main] JpaBaseConfiguration$JpaWebConfiguration : spring.jpa.open-in-view is enabled by default. Therefore, database queries may be performed during view rendering. Explicitly configure spring.jpa.open-in-view to disable this warning
2024-10-05T00:47:02.687-05:00  INFO 21592 --- [           main] o.s.s.web.DefaultSecurityFilterChain     : Will secure any request with [org.springframework.security.web.session.DisableEncodeUrlFilter@1050f49, org.springframework.security.web.context.request.async.WebAsyncManagerIntegrationFilter@50233f7d, org.springframework.security.web.context.SecurityContextHolderFilter@59919f37, org.springframework.security.web.header.HeaderWriterFilter@2429d691, org.springframework.security.web.authentication.logout.LogoutFilter@3b0d4f43, com.innovatech.demo.Security.JWTAuthenticationFilter@713f708e, org.springframework.security.web.savedrequest.RequestCacheAwareFilter@7794926, org.springframework.security.web.servletapi.SecurityContextHolderAwareRequestFilter@6d8e8a06, org.springframework.security.web.authentication.AnonymousAuthenticationFilter@26ae37ed, org.springframework.security.web.session.SessionManagementFilter@2fc58f15, org.springframework.security.web.access.ExceptionTranslationFilter@3fec2b48, org.springframework.security.web.access.intercept.AuthorizationFilter@6f377b1f]
2024-10-05T00:47:02.776-05:00  INFO 21592 --- [           main] o.s.b.w.embedded.tomcat.TomcatWebServer  : Tomcat started on port 8090 (http) with context path '/'
2024-10-05T00:47:02.779-05:00  INFO 21592 --- [           main] c.i.demo.PublicationControllerTest       : Started PublicationControllerTest in 0.704 seconds (process running for 9.884)
2024-10-05T00:47:02.781-05:00 DEBUG 21592 --- [           main] org.hibernate.SQL                        : insert into role (name,id) values (?,default)
2024-10-05T00:47:02.787-05:00 DEBUG 21592 --- [           main] org.hibernate.SQL                        : insert into role (name,id) values (?,default)
2024-10-05T00:47:02.788-05:00 DEBUG 21592 --- [           main] org.hibernate.SQL                        : insert into role (name,id) values (?,default)
2024-10-05T00:47:02.789-05:00 DEBUG 21592 --- [           main] org.hibernate.SQL                        : insert into role (name,id) values (?,default)
2024-10-05T00:47:02.789-05:00 DEBUG 21592 --- [           main] org.hibernate.SQL                        : insert into role (name,id) values (?,default)
2024-10-05T00:47:02.790-05:00 DEBUG 21592 --- [           main] org.hibernate.SQL                        : insert into role (name,id) values (?,default)
2024-10-05T00:47:02.791-05:00 DEBUG 21592 --- [           main] org.hibernate.SQL                        : insert into role (name,id) values (?,default)
2024-10-05T00:47:02.792-05:00 DEBUG 21592 --- [           main] org.hibernate.SQL                        : insert into role (name,id) values (?,default)
2024-10-05T00:47:02.792-05:00 DEBUG 21592 --- [           main] org.hibernate.SQL                        : insert into role (name,id) values (?,default)
2024-10-05T00:47:02.793-05:00 DEBUG 21592 --- [           main] org.hibernate.SQL                        : insert into role (name,id) values (?,default)
2024-10-05T00:47:02.795-05:00 DEBUG 21592 --- [           main] org.hibernate.SQL                        : select r1_0.id,r1_0.name from role r1_0 where r1_0.name=?
2024-10-05T00:47:03.021-05:00 DEBUG 21592 --- [           main] org.hibernate.SQL                        : insert into user_entity (administrative_employee_id,email,id_card,name,password,role_id,id) values (?,?,?,?,?,?,default)
2024-10-05T00:47:03.024-05:00 DEBUG 21592 --- [           main] org.hibernate.SQL                        : insert into administrative_employee (user_id,id) values (?,default)
2024-10-05T00:47:03.025-05:00 DEBUG 21592 --- [           main] org.hibernate.SQL                        : insert into functionality (description,name,id) values (?,?,default)
2024-10-05T00:47:03.026-05:00 DEBUG 21592 --- [           main] org.hibernate.SQL                        : insert into functionality (description,name,id) values (?,?,default)
2024-10-05T00:47:03.026-05:00 DEBUG 21592 --- [           main] org.hibernate.SQL                        : insert into functionality (description,name,id) values (?,?,default)
2024-10-05T00:47:03.027-05:00 DEBUG 21592 --- [           main] org.hibernate.SQL                        : insert into functionality (description,name,id) values (?,?,default)
2024-10-05T00:47:03.027-05:00 DEBUG 21592 --- [           main] org.hibernate.SQL                        : insert into functionality (description,name,id) values (?,?,default)
2024-10-05T00:47:03.028-05:00 DEBUG 21592 --- [           main] org.hibernate.SQL                        : insert into functionality (description,name,id) values (?,?,default)
2024-10-05T00:47:03.028-05:00 DEBUG 21592 --- [           main] org.hibernate.SQL                        : insert into functionality (description,name,id) values (?,?,default)
2024-10-05T00:47:03.028-05:00 DEBUG 21592 --- [           main] org.hibernate.SQL                        : insert into functionality (description,name,id) values (?,?,default)
2024-10-05T00:47:03.029-05:00 DEBUG 21592 --- [           main] org.hibernate.SQL                        : insert into functionality (description,name,id) values (?,?,default)
2024-10-05T00:47:03.029-05:00 DEBUG 21592 --- [           main] org.hibernate.SQL                        : insert into functionality (description,name,id) values (?,?,default)
2024-10-05T00:47:03.030-05:00 DEBUG 21592 --- [           main] org.hibernate.SQL                        : insert into plan (name,price,id) values (?,?,default)
2024-10-05T00:47:03.031-05:00 DEBUG 21592 --- [           main] org.hibernate.SQL                        : insert into plan_functionality (functionality_id,plan_id,id) values (?,?,default)
2024-10-05T00:47:03.031-05:00 DEBUG 21592 --- [           main] org.hibernate.SQL                        : insert into plan (name,price,id) values (?,?,default)
2024-10-05T00:47:03.032-05:00 DEBUG 21592 --- [           main] org.hibernate.SQL                        : insert into plan_functionality (functionality_id,plan_id,id) values (?,?,default)
2024-10-05T00:47:03.035-05:00 DEBUG 21592 --- [           main] org.hibernate.SQL                        : insert into plan_functionality (functionality_id,plan_id,id) values (?,?,default)
2024-10-05T00:47:03.036-05:00 DEBUG 21592 --- [           main] org.hibernate.SQL                        : insert into plan (name,price,id) values (?,?,default)
2024-10-05T00:47:03.037-05:00 DEBUG 21592 --- [           main] org.hibernate.SQL                        : insert into plan_functionality (functionality_id,plan_id,id) values (?,?,default)
2024-10-05T00:47:03.037-05:00 DEBUG 21592 --- [           main] org.hibernate.SQL                        : insert into plan_functionality (functionality_id,plan_id,id) values (?,?,default)
2024-10-05T00:47:03.038-05:00 DEBUG 21592 --- [           main] org.hibernate.SQL                        : insert into plan_functionality (functionality_id,plan_id,id) values (?,?,default)
2024-10-05T00:47:03.039-05:00 DEBUG 21592 --- [           main] org.hibernate.SQL                        : insert into event (costo_local,date,earnings,modality,name,place,quota,total_cost,id) values (?,?,?,?,?,?,?,?,default)
2024-10-05T00:47:03.040-05:00 DEBUG 21592 --- [           main] org.hibernate.SQL                        : insert into event (costo_local,date,earnings,modality,name,place,quota,total_cost,id) values (?,?,?,?,?,?,?,?,default)
2024-10-05T00:47:03.041-05:00 DEBUG 21592 --- [           main] org.hibernate.SQL                        : insert into event (costo_local,date,earnings,modality,name,place,quota,total_cost,id) values (?,?,?,?,?,?,?,?,default)
2024-10-05T00:47:03.042-05:00 DEBUG 21592 --- [           main] org.hibernate.SQL                        : insert into event (costo_local,date,earnings,modality,name,place,quota,total_cost,id) values (?,?,?,?,?,?,?,?,default)
2024-10-05T00:47:03.043-05:00 DEBUG 21592 --- [           main] org.hibernate.SQL                        : insert into event (costo_local,date,earnings,modality,name,place,quota,total_cost,id) values (?,?,?,?,?,?,?,?,default)
Uploading entrepreneurships
2024-10-05T00:47:03.044-05:00 DEBUG 21592 --- [           main] org.hibernate.SQL                        : insert into entrepreneurship (description,lastnames,logo,name,names,id) values (?,?,?,?,?,default)
2024-10-05T00:47:03.045-05:00 DEBUG 21592 --- [           main] org.hibernate.SQL                        : insert into entrepreneurship (description,lastnames,logo,name,names,id) values (?,?,?,?,?,default)
Uploading courses
2024-10-05T00:47:03.048-05:00 DEBUG 21592 --- [           main] org.hibernate.SQL                        : select e1_0.id,e1_0.description,e1_0.lastnames,e1_0.logo,e1_0.name,e1_0.names from entrepreneurship e1_0
2024-10-05T00:47:03.049-05:00 DEBUG 21592 --- [           main] org.hibernate.SQL                        : select next value for course_entrepreneurship_seq
2024-10-05T00:47:03.050-05:00 DEBUG 21592 --- [           main] org.hibernate.SQL                        : select next value for course_entrepreneurship_seq
2024-10-05T00:47:03.050-05:00 DEBUG 21592 --- [           main] org.hibernate.SQL                        : insert into course_entrepreneurship (course_id,entrepreneurship_id,puntaje,id) values (?,?,?,?)
2024-10-05T00:47:03.051-05:00 DEBUG 21592 --- [           main] org.hibernate.SQL                        : insert into course_entrepreneurship (course_id,entrepreneurship_id,puntaje,id) values (?,?,?,?)
2024-10-05T00:47:03.051-05:00 DEBUG 21592 --- [           main] org.hibernate.SQL                        : insert into course (date,description,link,modality,places,score,title,id) values (?,?,?,?,?,?,?,default)
2024-10-05T00:47:03.052-05:00 DEBUG 21592 --- [           main] org.hibernate.SQL                        : insert into course_entrepreneurship (course_id,entrepreneurship_id,puntaje,id) values (?,?,?,?)
2024-10-05T00:47:03.053-05:00 DEBUG 21592 --- [           main] org.hibernate.SQL                        : insert into course_entrepreneurship (course_id,entrepreneurship_id,puntaje,id) values (?,?,?,?)
2024-10-05T00:47:03.053-05:00 DEBUG 21592 --- [           main] org.hibernate.SQL                        : insert into course (date,description,link,modality,places,score,title,id) values (?,?,?,?,?,?,?,default)
all data uploaded
2024-10-05T00:47:03.054-05:00 DEBUG 21592 --- [           main] org.hibernate.SQL                        : update course_entrepreneurship set course_id=?,entrepreneurship_id=?,puntaje=? where id=?
[...]
	at org.apache.catalina.valves.ErrorReportValve.invoke(ErrorReportValve.java:93) ~[tomcat-embed-core-10.1.30.jar:10.1.30]
	at org.apache.catalina.core.StandardEngineValve.invoke(StandardEngineValve.java:74) ~[tomcat-embed-core-10.1.30.jar:10.1.30]
	at org.apache.catalina.connector.CoyoteAdapter.service(CoyoteAdapter.java:344) ~[tomcat-embed-core-10.1.30.jar:10.1.30]
	at org.apache.coyote.http11.Http11Processor.service(Http11Processor.java:384) ~[tomcat-embed-core-10.1.30.jar:10.1.30]
	at org.apache.coyote.AbstractProcessorLight.process(AbstractProcessorLight.java:63) ~[tomcat-embed-core-10.1.30.jar:10.1.30]
	at org.apache.coyote.AbstractProtocol$ConnectionHandler.process(AbstractProtocol.java:905) ~[tomcat-embed-core-10.1.30.jar:10.1.30]
	at org.apache.tomcat.util.net.NioEndpoint$SocketProcessor.doRun(NioEndpoint.java:1741) ~[tomcat-embed-core-10.1.30.jar:10.1.30]
	at org.apache.tomcat.util.net.SocketProcessorBase.run(SocketProcessorBase.java:52) ~[tomcat-embed-core-10.1.30.jar:10.1.30]
	at org.apache.tomcat.util.threads.ThreadPoolExecutor.runWorker(ThreadPoolExecutor.java:1190) ~[tomcat-embed-core-10.1.30.jar:10.1.30]
	at org.apache.tomcat.util.threads.ThreadPoolExecutor$Worker.run(ThreadPoolExecutor.java:659) ~[tomcat-embed-core-10.1.30.jar:10.1.30]
	at org.apache.tomcat.util.threads.TaskThread$WrappingRunnable.run(TaskThread.java:63) ~[tomcat-embed-core-10.1.30.jar:10.1.30]
	at java.base/java.lang.Thread.run(Thread.java:1583) ~[na:na]
	Suppressed: java.net.ConnectException: Failed to connect to localhost/127.0.0.1:9000
		... 120 common frames omitted
	Caused by: java.net.ConnectException: Connection refused
		at java.base/sun.nio.ch.Net.pollConnect(Native Method)
		at java.base/sun.nio.ch.Net.pollConnectNow(Net.java:682)
		at java.base/sun.nio.ch.NioSocketImpl.timedFinishConnect(NioSocketImpl.java:549)
		at java.base/sun.nio.ch.NioSocketImpl.connect(NioSocketImpl.java:592)
		at java.base/java.net.SocksSocketImpl.connect(SocksSocketImpl.java:327)
		at java.base/java.net.Socket.connect(Socket.java:751)
		at okhttp3.internal.platform.Platform.connectSocket(Platform.kt:128)
		at okhttp3.internal.connection.RealConnection.connectSocket(RealConnection.kt:295)
		... 119 common frames omitted
Caused by: java.net.ConnectException: Connection refused
	at java.base/sun.nio.ch.Net.pollConnect(Native Method) ~[na:na]
	at java.base/sun.nio.ch.Net.pollConnectNow(Net.java:682) ~[na:na]
	at java.base/sun.nio.ch.NioSocketImpl.timedFinishConnect(NioSocketImpl.java:549) ~[na:na]
	at java.base/sun.nio.ch.NioSocketImpl.connect(NioSocketImpl.java:592) ~[na:na]
	at java.base/java.net.SocksSocketImpl.connect(SocksSocketImpl.java:327) ~[na:na]
	at java.base/java.net.Socket.connect(Socket.java:751) ~[na:na]
	at okhttp3.internal.platform.Platform.connectSocket(Platform.kt:128) ~[okhttp-4.12.0.jar:na]
	at okhttp3.internal.connection.RealConnection.connectSocket(RealConnection.kt:295) ~[okhttp-4.12.0.jar:na]
	... 119 common frames omitted

2024-10-05T00:47:08.067-05:00 ERROR 21592 --- [nio-8090-exec-2] o.a.c.c.C.[.[.[/].[dispatcherServlet]    : Servlet.service() for servlet [dispatcherServlet] in context with path [] threw exception [Request processing failed: java.lang.RuntimeException: java.net.ConnectException: Failed to connect to localhost/[0:0:0:0:0:0:0:1]:9000] with root cause

java.net.ConnectException: Connection refused
	at java.base/sun.nio.ch.Net.pollConnect(Native Method) ~[na:na]
	at java.base/sun.nio.ch.Net.pollConnectNow(Net.java:682) ~[na:na]
	at java.base/sun.nio.ch.NioSocketImpl.timedFinishConnect(NioSocketImpl.java:549) ~[na:na]
	at java.base/sun.nio.ch.NioSocketImpl.connect(NioSocketImpl.java:592) ~[na:na]
	at java.base/java.net.SocksSocketImpl.connect(SocksSocketImpl.java:327) ~[na:na]
	at java.base/java.net.Socket.connect(Socket.java:751) ~[na:na]
	at okhttp3.internal.platform.Platform.connectSocket(Platform.kt:128) ~[okhttp-4.12.0.jar:na]
	at okhttp3.internal.connection.RealConnection.connectSocket(RealConnection.kt:295) ~[okhttp-4.12.0.jar:na]
	at okhttp3.internal.connection.RealConnection.connect(RealConnection.kt:207) ~[okhttp-4.12.0.jar:na]
	at okhttp3.internal.connection.ExchangeFinder.findConnection(ExchangeFinder.kt:226) ~[okhttp-4.12.0.jar:na]
	at okhttp3.internal.connection.ExchangeFinder.findHealthyConnection(ExchangeFinder.kt:106) ~[okhttp-4.12.0.jar:na]
	at okhttp3.internal.connection.ExchangeFinder.find(ExchangeFinder.kt:74) ~[okhttp-4.12.0.jar:na]
	at okhttp3.internal.connection.RealCall.initExchange$okhttp(RealCall.kt:255) ~[okhttp-4.12.0.jar:na]
	at okhttp3.internal.connection.ConnectInterceptor.intercept(ConnectInterceptor.kt:32) ~[okhttp-4.12.0.jar:na]
	at okhttp3.internal.http.RealInterceptorChain.proceed(RealInterceptorChain.kt:109) ~[okhttp-4.12.0.jar:na]
	at okhttp3.internal.cache.CacheInterceptor.intercept(CacheInterceptor.kt:95) ~[okhttp-4.12.0.jar:na]
	at okhttp3.internal.http.RealInterceptorChain.proceed(RealInterceptorChain.kt:109) ~[okhttp-4.12.0.jar:na]
	at okhttp3.internal.http.BridgeInterceptor.intercept(BridgeInterceptor.kt:83) ~[okhttp-4.12.0.jar:na]
	at okhttp3.internal.http.RealInterceptorChain.proceed(RealInterceptorChain.kt:109) ~[okhttp-4.12.0.jar:na]
	at okhttp3.internal.http.RetryAndFollowUpInterceptor.intercept(RetryAndFollowUpInterceptor.kt:76) ~[okhttp-4.12.0.jar:na]
	at okhttp3.internal.http.RealInterceptorChain.proceed(RealInterceptorChain.kt:109) ~[okhttp-4.12.0.jar:na]
	at okhttp3.internal.connection.RealCall.getResponseWithInterceptorChain$okhttp(RealCall.kt:201) ~[okhttp-4.12.0.jar:na]
	at okhttp3.internal.connection.RealCall.execute(RealCall.kt:154) ~[okhttp-4.12.0.jar:na]
	at io.minio.S3Base.execute(S3Base.java:532) ~[minio-8.3.0.jar:8.3.0]
	at io.minio.S3Base.getRegion(S3Base.java:694) ~[minio-8.3.0.jar:8.3.0]
	at io.minio.S3Base.putObject(S3Base.java:1923) ~[minio-8.3.0.jar:8.3.0]
	at io.minio.S3Base.putObject(S3Base.java:1150) ~[minio-8.3.0.jar:8.3.0]
	at io.minio.MinioClient.putObject(MinioClient.java:1666) ~[minio-8.3.0.jar:8.3.0]
	at com.innovatech.demo.Service.MinioService.uploadFile(MinioService.java:56) ~[classes/:na]
	at com.innovatech.demo.Controller.PublicationController.createCourse(PublicationController.java:113) ~[classes/:na]
	at java.base/jdk.internal.reflect.DirectMethodHandleAccessor.invoke(DirectMethodHandleAccessor.java:103) ~[na:na]
	at java.base/java.lang.reflect.Method.invoke(Method.java:580) ~[na:na]
	at org.springframework.web.method.support.InvocableHandlerMethod.doInvoke(InvocableHandlerMethod.java:255) ~[spring-web-6.1.13.jar:6.1.13]
	at org.springframework.web.method.support.InvocableHandlerMethod.invokeForRequest(InvocableHandlerMethod.java:188) ~[spring-web-6.1.13.jar:6.1.13]
	at org.springframework.web.servlet.mvc.method.annotation.ServletInvocableHandlerMethod.invokeAndHandle(ServletInvocableHandlerMethod.java:118) ~[spring-webmvc-6.1.13.jar:6.1.13]
	at org.springframework.web.servlet.mvc.method.annotation.RequestMappingHandlerAdapter.invokeHandlerMethod(RequestMappingHandlerAdapter.java:926) ~[spring-webmvc-6.1.13.jar:6.1.13]
	at org.springframework.web.servlet.mvc.method.annotation.RequestMappingHandlerAdapter.handleInternal(RequestMappingHandlerAdapter.java:831) ~[spring-webmvc-6.1.13.jar:6.1.13]
	at org.springframework.web.servlet.mvc.method.AbstractHandlerMethodAdapter.handle(AbstractHandlerMethodAdapter.java:87) ~[spring-webmvc-6.1.13.jar:6.1.13]
	at org.springframework.web.servlet.DispatcherServlet.doDispatch(DispatcherServlet.java:1089) ~[spring-webmvc-6.1.13.jar:6.1.13]
	at org.springframework.web.servlet.DispatcherServlet.doService(DispatcherServlet.java:979) ~[spring-webmvc-6.1.13.jar:6.1.13]
	at org.springframework.web.servlet.FrameworkServlet.processRequest(FrameworkServlet.java:1014) ~[spring-webmvc-6.1.13.jar:6.1.13]
	at org.springframework.web.servlet.FrameworkServlet.doPost(FrameworkServlet.java:914) ~[spring-webmvc-6.1.13.jar:6.1.13]
	at jakarta.servlet.http.HttpServlet.service(HttpServlet.java:590) ~[tomcat-embed-core-10.1.30.jar:6.0]
	at org.springframework.web.servlet.FrameworkServlet.service(FrameworkServlet.java:885) ~[spring-webmvc-6.1.13.jar:6.1.13]
	at jakarta.servlet.http.HttpServlet.service(HttpServlet.java:658) ~[tomcat-embed-core-10.1.30.jar:6.0]
	at org.apache.catalina.core.ApplicationFilterChain.internalDoFilter(ApplicationFilterChain.java:195) ~[tomcat-embed-core-10.1.30.jar:10.1.30]
	at org.apache.catalina.core.ApplicationFilterChain.doFilter(ApplicationFilterChain.java:140) ~[tomcat-embed-core-10.1.30.jar:10.1.30]
	at org.apache.tomcat.websocket.server.WsFilter.doFilter(WsFilter.java:51) ~[tomcat-embed-websocket-10.1.30.jar:10.1.30]
	at org.apache.catalina.core.ApplicationFilterChain.internalDoFilter(ApplicationFilterChain.java:164) ~[tomcat-embed-core-10.1.30.jar:10.1.30]
	at org.apache.catalina.core.ApplicationFilterChain.doFilter(ApplicationFilterChain.java:140) ~[tomcat-embed-core-10.1.30.jar:10.1.30]
	at org.springframework.web.filter.OncePerRequestFilter.doFilter(OncePerRequestFilter.java:110) ~[spring-web-6.1.13.jar:6.1.13]
	at org.apache.catalina.core.ApplicationFilterChain.internalDoFilter(ApplicationFilterChain.java:164) ~[tomcat-embed-core-10.1.30.jar:10.1.30]
	at org.apache.catalina.core.ApplicationFilterChain.doFilter(ApplicationFilterChain.java:140) ~[tomcat-embed-core-10.1.30.jar:10.1.30]
	at org.springframework.security.web.FilterChainProxy.lambda$doFilterInternal$3(FilterChainProxy.java:231) ~[spring-security-web-6.1.5.jar:6.1.5]
	at org.springframework.security.web.FilterChainProxy$VirtualFilterChain.doFilter(FilterChainProxy.java:365) ~[spring-security-web-6.1.5.jar:6.1.5]
	at org.springframework.security.web.access.intercept.AuthorizationFilter.doFilter(AuthorizationFilter.java:100) ~[spring-security-web-6.1.5.jar:6.1.5]
	at org.springframework.security.web.FilterChainProxy$VirtualFilterChain.doFilter(FilterChainProxy.java:374) ~[spring-security-web-6.1.5.jar:6.1.5]
	at org.springframework.security.web.access.ExceptionTranslationFilter.doFilter(ExceptionTranslationFilter.java:126) ~[spring-security-web-6.1.5.jar:6.1.5]
	at org.springframework.security.web.access.ExceptionTranslationFilter.doFilter(ExceptionTranslationFilter.java:120) ~[spring-security-web-6.1.5.jar:6.1.5]
	at org.springframework.security.web.FilterChainProxy$VirtualFilterChain.doFilter(FilterChainProxy.java:374) ~[spring-security-web-6.1.5.jar:6.1.5]
	at org.springframework.security.web.session.SessionManagementFilter.doFilter(SessionManagementFilter.java:131) ~[spring-security-web-6.1.5.jar:6.1.5]
	at org.springframework.security.web.session.SessionManagementFilter.doFilter(SessionManagementFilter.java:85) ~[spring-security-web-6.1.5.jar:6.1.5]
	at org.springframework.security.web.FilterChainProxy$VirtualFilterChain.doFilter(FilterChainProxy.java:374) ~[spring-security-web-6.1.5.jar:6.1.5]
	at org.springframework.security.web.authentication.AnonymousAuthenticationFilter.doFilter(AnonymousAuthenticationFilter.java:100) ~[spring-security-web-6.1.5.jar:6.1.5]
	at org.springframework.security.web.FilterChainProxy$VirtualFilterChain.doFilter(FilterChainProxy.java:374) ~[spring-security-web-6.1.5.jar:6.1.5]
	at org.springframework.security.web.servletapi.SecurityContextHolderAwareRequestFilter.doFilter(SecurityContextHolderAwareRequestFilter.java:179) ~[spring-security-web-6.1.5.jar:6.1.5]
	at org.springframework.security.web.FilterChainProxy$VirtualFilterChain.doFilter(FilterChainProxy.java:374) ~[spring-security-web-6.1.5.jar:6.1.5]
	at org.springframework.security.web.savedrequest.RequestCacheAwareFilter.doFilter(RequestCacheAwareFilter.java:63) ~[spring-security-web-6.1.5.jar:6.1.5]
	at org.springframework.security.web.FilterChainProxy$VirtualFilterChain.doFilter(FilterChainProxy.java:374) ~[spring-security-web-6.1.5.jar:6.1.5]
	at com.innovatech.demo.Security.JWTAuthenticationFilter.doFilterInternal(JWTAuthenticationFilter.java:41) ~[classes/:na]
	at org.springframework.web.filter.OncePerRequestFilter.doFilter(OncePerRequestFilter.java:116) ~[spring-web-6.1.13.jar:6.1.13]
	at org.springframework.security.web.FilterChainProxy$VirtualFilterChain.doFilter(FilterChainProxy.java:374) ~[spring-security-web-6.1.5.jar:6.1.5]
	at org.springframework.security.web.authentication.logout.LogoutFilter.doFilter(LogoutFilter.java:107) ~[spring-security-web-6.1.5.jar:6.1.5]
	at org.springframework.security.web.authentication.logout.LogoutFilter.doFilter(LogoutFilter.java:93) ~[spring-security-web-6.1.5.jar:6.1.5]
	at org.springframework.security.web.FilterChainProxy$VirtualFilterChain.doFilter(FilterChainProxy.java:374) ~[spring-security-web-6.1.5.jar:6.1.5]
	at org.springframework.security.web.header.HeaderWriterFilter.doHeadersAfter(HeaderWriterFilter.java:90) ~[spring-security-web-6.1.5.jar:6.1.5]
	at org.springframework.security.web.header.HeaderWriterFilter.doFilterInternal(HeaderWriterFilter.java:75) ~[spring-security-web-6.1.5.jar:6.1.5]
	at org.springframework.web.filter.OncePerRequestFilter.doFilter(OncePerRequestFilter.java:116) ~[spring-web-6.1.13.jar:6.1.13]
	at org.springframework.security.web.FilterChainProxy$VirtualFilterChain.doFilter(FilterChainProxy.java:374) ~[spring-security-web-6.1.5.jar:6.1.5]
	at org.springframework.security.web.context.SecurityContextHolderFilter.doFilter(SecurityContextHolderFilter.java:82) ~[spring-security-web-6.1.5.jar:6.1.5]
	at org.springframework.security.web.context.SecurityContextHolderFilter.doFilter(SecurityContextHolderFilter.java:69) ~[spring-security-web-6.1.5.jar:6.1.5]
	at org.springframework.security.web.FilterChainProxy$VirtualFilterChain.doFilter(FilterChainProxy.java:374) ~[spring-security-web-6.1.5.jar:6.1.5]
	at org.springframework.security.web.context.request.async.WebAsyncManagerIntegrationFilter.doFilterInternal(WebAsyncManagerIntegrationFilter.java:62) ~[spring-security-web-6.1.5.jar:6.1.5]
	at org.springframework.web.filter.OncePerRequestFilter.doFilter(OncePerRequestFilter.java:116) ~[spring-web-6.1.13.jar:6.1.13]
	at org.springframework.security.web.FilterChainProxy$VirtualFilterChain.doFilter(FilterChainProxy.java:374) ~[spring-security-web-6.1.5.jar:6.1.5]
	at org.springframework.security.web.session.DisableEncodeUrlFilter.doFilterInternal(DisableEncodeUrlFilter.java:42) ~[spring-security-web-6.1.5.jar:6.1.5]
	at org.springframework.web.filter.OncePerRequestFilter.doFilter(OncePerRequestFilter.java:116) ~[spring-web-6.1.13.jar:6.1.13]
	at org.springframework.security.web.FilterChainProxy$VirtualFilterChain.doFilter(FilterChainProxy.java:374) ~[spring-security-web-6.1.5.jar:6.1.5]
	at org.springframework.security.web.FilterChainProxy.doFilterInternal(FilterChainProxy.java:233) ~[spring-security-web-6.1.5.jar:6.1.5]
	at org.springframework.security.web.FilterChainProxy.doFilter(FilterChainProxy.java:191) ~[spring-security-web-6.1.5.jar:6.1.5]
	at org.springframework.web.filter.DelegatingFilterProxy.invokeDelegate(DelegatingFilterProxy.java:352) ~[spring-web-6.1.13.jar:6.1.13]
	at org.springframework.web.filter.DelegatingFilterProxy.doFilter(DelegatingFilterProxy.java:268) ~[spring-web-6.1.13.jar:6.1.13]
	at org.apache.catalina.core.ApplicationFilterChain.internalDoFilter(ApplicationFilterChain.java:164) ~[tomcat-embed-core-10.1.30.jar:10.1.30]
	at org.apache.catalina.core.ApplicationFilterChain.doFilter(ApplicationFilterChain.java:140) ~[tomcat-embed-core-10.1.30.jar:10.1.30]
	at org.springframework.web.filter.CorsFilter.doFilterInternal(CorsFilter.java:91) ~[spring-web-6.1.13.jar:6.1.13]
	at org.springframework.web.filter.OncePerRequestFilter.doFilter(OncePerRequestFilter.java:116) ~[spring-web-6.1.13.jar:6.1.13]
	at org.apache.catalina.core.ApplicationFilterChain.internalDoFilter(ApplicationFilterChain.java:164) ~[tomcat-embed-core-10.1.30.jar:10.1.30]
	at org.apache.catalina.core.ApplicationFilterChain.doFilter(ApplicationFilterChain.java:140) ~[tomcat-embed-core-10.1.30.jar:10.1.30]
	at org.springframework.web.filter.RequestContextFilter.doFilterInternal(RequestContextFilter.java:100) ~[spring-web-6.1.13.jar:6.1.13]
	at org.springframework.web.filter.OncePerRequestFilter.doFilter(OncePerRequestFilter.java:116) ~[spring-web-6.1.13.jar:6.1.13]
	at org.apache.catalina.core.ApplicationFilterChain.internalDoFilter(ApplicationFilterChain.java:164) ~[tomcat-embed-core-10.1.30.jar:10.1.30]
	at org.apache.catalina.core.ApplicationFilterChain.doFilter(ApplicationFilterChain.java:140) ~[tomcat-embed-core-10.1.30.jar:10.1.30]
	at org.springframework.web.filter.FormContentFilter.doFilterInternal(FormContentFilter.java:93) ~[spring-web-6.1.13.jar:6.1.13]
	at org.springframework.web.filter.OncePerRequestFilter.doFilter(OncePerRequestFilter.java:116) ~[spring-web-6.1.13.jar:6.1.13]
	at org.apache.catalina.core.ApplicationFilterChain.internalDoFilter(ApplicationFilterChain.java:164) ~[tomcat-embed-core-10.1.30.jar:10.1.30]
	at org.apache.catalina.core.ApplicationFilterChain.doFilter(ApplicationFilterChain.java:140) ~[tomcat-embed-core-10.1.30.jar:10.1.30]
	at org.springframework.web.filter.CharacterEncodingFilter.doFilterInternal(CharacterEncodingFilter.java:201) ~[spring-web-6.1.13.jar:6.1.13]
	at org.springframework.web.filter.OncePerRequestFilter.doFilter(OncePerRequestFilter.java:116) ~[spring-web-6.1.13.jar:6.1.13]
	at org.apache.catalina.core.ApplicationFilterChain.internalDoFilter(ApplicationFilterChain.java:164) ~[tomcat-embed-core-10.1.30.jar:10.1.30]
	at org.apache.catalina.core.ApplicationFilterChain.doFilter(ApplicationFilterChain.java:140) ~[tomcat-embed-core-10.1.30.jar:10.1.30]
	at org.apache.catalina.core.StandardWrapperValve.invoke(StandardWrapperValve.java:167) ~[tomcat-embed-core-10.1.30.jar:10.1.30]
	at org.apache.catalina.core.StandardContextValve.invoke(StandardContextValve.java:90) ~[tomcat-embed-core-10.1.30.jar:10.1.30]
	at org.apache.catalina.authenticator.AuthenticatorBase.invoke(AuthenticatorBase.java:483) ~[tomcat-embed-core-10.1.30.jar:10.1.30]
	at org.apache.catalina.core.StandardHostValve.invoke(StandardHostValve.java:115) ~[tomcat-embed-core-10.1.30.jar:10.1.30]
	at org.apache.catalina.valves.ErrorReportValve.invoke(ErrorReportValve.java:93) ~[tomcat-embed-core-10.1.30.jar:10.1.30]
	at org.apache.catalina.core.StandardEngineValve.invoke(StandardEngineValve.java:74) ~[tomcat-embed-core-10.1.30.jar:10.1.30]
	at org.apache.catalina.connector.CoyoteAdapter.service(CoyoteAdapter.java:344) ~[tomcat-embed-core-10.1.30.jar:10.1.30]
	at org.apache.coyote.http11.Http11Processor.service(Http11Processor.java:384) ~[tomcat-embed-core-10.1.30.jar:10.1.30]
	at org.apache.coyote.AbstractProcessorLight.process(AbstractProcessorLight.java:63) ~[tomcat-embed-core-10.1.30.jar:10.1.30]
	at org.apache.coyote.AbstractProtocol$ConnectionHandler.process(AbstractProtocol.java:905) ~[tomcat-embed-core-10.1.30.jar:10.1.30]
	at org.apache.tomcat.util.net.NioEndpoint$SocketProcessor.doRun(NioEndpoint.java:1741) ~[tomcat-embed-core-10.1.30.jar:10.1.30]
	at org.apache.tomcat.util.net.SocketProcessorBase.run(SocketProcessorBase.java:52) ~[tomcat-embed-core-10.1.30.jar:10.1.30]
	at org.apache.tomcat.util.threads.ThreadPoolExecutor.runWorker(ThreadPoolExecutor.java:1190) ~[tomcat-embed-core-10.1.30.jar:10.1.30]
	at org.apache.tomcat.util.threads.ThreadPoolExecutor$Worker.run(ThreadPoolExecutor.java:659) ~[tomcat-embed-core-10.1.30.jar:10.1.30]
	at org.apache.tomcat.util.threads.TaskThread$WrappingRunnable.run(TaskThread.java:63) ~[tomcat-embed-core-10.1.30.jar:10.1.30]
	at java.base/java.lang.Thread.run(Thread.java:1583) ~[na:na]

]]></system-out>
    <system-err><![CDATA[eyJhbGciOiJIUzUxMiJ9.eyJzdWIiOiJhZG1pbkBleGFtcGxlLmNvbSIsImlhdCI6MTcyODEwNzIyNywiZXhwIjoxNzI4MTE0MjI3fQ.49iIf8AMajwknrP2WJ8gLhhZepQiaDbtCWAaBusaPSZEYF4M80BO6PYCPYGvfubIPvTnseqkTlhb0GgHgpej3g
REVISAR BIEN [Content-Type:"multipart/form-data", Authorization:"Bearer eyJhbGciOiJIUzUxMiJ9.eyJzdWIiOiJhZG1pbkBleGFtcGxlLmNvbSIsImlhdCI6MTcyODEwNzIyNywiZXhwIjoxNzI4MTE0MjI3fQ.49iIf8AMajwknrP2WJ8gLhhZepQiaDbtCWAaBusaPSZEYF4M80BO6PYCPYGvfubIPvTnseqkTlhb0GgHgpej3g"]
]]></system-err>
  </testcase>
</testsuite>